05-06-2021 08:20:13.934 [main] INFO  r.g.book.market.CartItemTest.logStarting - Starting CartItemTest using Java 15.0.1 on PC with PID 13572 (started by Андрей in D:\2021\Java\book-market\book_market)
05-06-2021 08:20:13.934 [main] INFO  r.g.book.market.CartItemTest.logStartupProfileInfo - The following profiles are active: test
05-06-2021 08:20:13.974 [main] DEBUG o.s.w.c.s.GenericWebApplicationContext.prepareRefresh - Refreshing org.springframework.web.context.support.GenericWebApplicationContext@ca27722
05-06-2021 08:20:14.067 [main] WARN  o.s.w.c.s.GenericWebApplicationContext.refresh - Exception encountered during context initialization - cancelling refresh attempt: org.springframework.beans.factory.UnsatisfiedDependencyException: Error creating bean with name 'cartItemService': Unsatisfied dependency expressed through constructor parameter 0; nested exception is org.springframework.beans.factory.NoSuchBeanDefinitionException: No qualifying bean of type 'ru.geekbrains.book.market.repositories.CartItemRepository' available: expected at least 1 bean which qualifies as autowire candidate. Dependency annotations: {}
05-06-2021 08:20:14.090 [main] ERROR o.s.b.d.LoggingFailureAnalysisReporter.report - 

***************************
APPLICATION FAILED TO START
***************************

Description:

Parameter 0 of constructor in ru.geekbrains.book.market.services.CartItemService required a bean of type 'ru.geekbrains.book.market.repositories.CartItemRepository' that could not be found.


Action:

Consider defining a bean of type 'ru.geekbrains.book.market.repositories.CartItemRepository' in your configuration.

05-06-2021 08:20:14.090 [main] ERROR o.s.test.context.TestContextManager.prepareTestInstance - Caught exception while allowing TestExecutionListener [org.springframework.test.context.web.ServletTestExecutionListener@39d9314d] to prepare test instance [ru.geekbrains.book.market.CartItemTest@1813f3e9]
java.lang.IllegalStateException: Failed to load ApplicationContext
	at org.springframework.test.context.cache.DefaultCacheAwareContextLoaderDelegate.loadContext(DefaultCacheAwareContextLoaderDelegate.java:132)
	at org.springframework.test.context.support.DefaultTestContext.getApplicationContext(DefaultTestContext.java:124)
	at org.springframework.test.context.web.ServletTestExecutionListener.setUpRequestContextIfNecessary(ServletTestExecutionListener.java:190)
	at org.springframework.test.context.web.ServletTestExecutionListener.prepareTestInstance(ServletTestExecutionListener.java:132)
	at org.springframework.test.context.TestContextManager.prepareTestInstance(TestContextManager.java:244)
	at org.springframework.test.context.junit.jupiter.SpringExtension.postProcessTestInstance(SpringExtension.java:138)
	at org.junit.jupiter.engine.descriptor.ClassBasedTestDescriptor.lambda$invokeTestInstancePostProcessors$6(ClassBasedTestDescriptor.java:350)
	at org.junit.jupiter.engine.descriptor.ClassBasedTestDescriptor.executeAndMaskThrowable(ClassBasedTestDescriptor.java:355)
	at org.junit.jupiter.engine.descriptor.ClassBasedTestDescriptor.lambda$invokeTestInstancePostProcessors$7(ClassBasedTestDescriptor.java:350)
	at java.base/java.util.stream.ReferencePipeline$3$1.accept(ReferencePipeline.java:195)
	at java.base/java.util.stream.ReferencePipeline$2$1.accept(ReferencePipeline.java:177)
	at java.base/java.util.ArrayList$ArrayListSpliterator.forEachRemaining(ArrayList.java:1625)
	at java.base/java.util.stream.AbstractPipeline.copyInto(AbstractPipeline.java:484)
	at java.base/java.util.stream.AbstractPipeline.wrapAndCopyInto(AbstractPipeline.java:474)
	at java.base/java.util.stream.StreamSpliterators$WrappingSpliterator.forEachRemaining(StreamSpliterators.java:312)
	at java.base/java.util.stream.Streams$ConcatSpliterator.forEachRemaining(Streams.java:735)
	at java.base/java.util.stream.Streams$ConcatSpliterator.forEachRemaining(Streams.java:734)
	at java.base/java.util.stream.ReferencePipeline$Head.forEach(ReferencePipeline.java:658)
	at org.junit.jupiter.engine.descriptor.ClassBasedTestDescriptor.invokeTestInstancePostProcessors(ClassBasedTestDescriptor.java:349)
	at org.junit.jupiter.engine.descriptor.ClassBasedTestDescriptor.lambda$instantiateAndPostProcessTestInstance$4(ClassBasedTestDescriptor.java:270)
	at org.junit.platform.engine.support.hierarchical.ThrowableCollector.execute(ThrowableCollector.java:73)
	at org.junit.jupiter.engine.descriptor.ClassBasedTestDescriptor.instantiateAndPostProcessTestInstance(ClassBasedTestDescriptor.java:269)
	at org.junit.jupiter.engine.descriptor.ClassBasedTestDescriptor.lambda$testInstancesProvider$2(ClassBasedTestDescriptor.java:259)
	at java.base/java.util.Optional.orElseGet(Optional.java:362)
	at org.junit.jupiter.engine.descriptor.ClassBasedTestDescriptor.lambda$testInstancesProvider$3(ClassBasedTestDescriptor.java:258)
	at org.junit.jupiter.engine.execution.TestInstancesProvider.getTestInstances(TestInstancesProvider.java:31)
	at org.junit.jupiter.engine.descriptor.TestMethodTestDescriptor.lambda$prepare$0(TestMethodTestDescriptor.java:101)
	at org.junit.platform.engine.support.hierarchical.ThrowableCollector.execute(ThrowableCollector.java:73)
	at org.junit.jupiter.engine.descriptor.TestMethodTestDescriptor.prepare(TestMethodTestDescriptor.java:100)
	at org.junit.jupiter.engine.descriptor.TestMethodTestDescriptor.prepare(TestMethodTestDescriptor.java:65)
	at org.junit.platform.engine.support.hierarchical.NodeTestTask.lambda$prepare$1(NodeTestTask.java:111)
	at org.junit.platform.engine.support.hierarchical.ThrowableCollector.execute(ThrowableCollector.java:73)
	at org.junit.platform.engine.support.hierarchical.NodeTestTask.prepare(NodeTestTask.java:111)
	at org.junit.platform.engine.support.hierarchical.NodeTestTask.execute(NodeTestTask.java:79)
	at java.base/java.util.ArrayList.forEach(ArrayList.java:1511)
	at org.junit.platform.engine.support.hierarchical.SameThreadHierarchicalTestExecutorService.invokeAll(SameThreadHierarchicalTestExecutorService.java:38)
	at org.junit.platform.engine.support.hierarchical.NodeTestTask.lambda$executeRecursively$5(NodeTestTask.java:143)
	at org.junit.platform.engine.support.hierarchical.ThrowableCollector.execute(ThrowableCollector.java:73)
	at org.junit.platform.engine.support.hierarchical.NodeTestTask.lambda$executeRecursively$7(NodeTestTask.java:129)
	at org.junit.platform.engine.support.hierarchical.Node.around(Node.java:137)
	at org.junit.platform.engine.support.hierarchical.NodeTestTask.lambda$executeRecursively$8(NodeTestTask.java:127)
	at org.junit.platform.engine.support.hierarchical.ThrowableCollector.execute(ThrowableCollector.java:73)
	at org.junit.platform.engine.support.hierarchical.NodeTestTask.executeRecursively(NodeTestTask.java:126)
	at org.junit.platform.engine.support.hierarchical.NodeTestTask.execute(NodeTestTask.java:84)
	at java.base/java.util.ArrayList.forEach(ArrayList.java:1511)
	at org.junit.platform.engine.support.hierarchical.SameThreadHierarchicalTestExecutorService.invokeAll(SameThreadHierarchicalTestExecutorService.java:38)
	at org.junit.platform.engine.support.hierarchical.NodeTestTask.lambda$executeRecursively$5(NodeTestTask.java:143)
	at org.junit.platform.engine.support.hierarchical.ThrowableCollector.execute(ThrowableCollector.java:73)
	at org.junit.platform.engine.support.hierarchical.NodeTestTask.lambda$executeRecursively$7(NodeTestTask.java:129)
	at org.junit.platform.engine.support.hierarchical.Node.around(Node.java:137)
	at org.junit.platform.engine.support.hierarchical.NodeTestTask.lambda$executeRecursively$8(NodeTestTask.java:127)
	at org.junit.platform.engine.support.hierarchical.ThrowableCollector.execute(ThrowableCollector.java:73)
	at org.junit.platform.engine.support.hierarchical.NodeTestTask.executeRecursively(NodeTestTask.java:126)
	at org.junit.platform.engine.support.hierarchical.NodeTestTask.execute(NodeTestTask.java:84)
	at org.junit.platform.engine.support.hierarchical.SameThreadHierarchicalTestExecutorService.submit(SameThreadHierarchicalTestExecutorService.java:32)
	at org.junit.platform.engine.support.hierarchical.HierarchicalTestExecutor.execute(HierarchicalTestExecutor.java:57)
	at org.junit.platform.engine.support.hierarchical.HierarchicalTestEngine.execute(HierarchicalTestEngine.java:51)
	at org.junit.platform.launcher.core.EngineExecutionOrchestrator.execute(EngineExecutionOrchestrator.java:108)
	at org.junit.platform.launcher.core.EngineExecutionOrchestrator.execute(EngineExecutionOrchestrator.java:88)
	at org.junit.platform.launcher.core.EngineExecutionOrchestrator.lambda$execute$0(EngineExecutionOrchestrator.java:54)
	at org.junit.platform.launcher.core.EngineExecutionOrchestrator.withInterceptedStreams(EngineExecutionOrchestrator.java:67)
	at org.junit.platform.launcher.core.EngineExecutionOrchestrator.execute(EngineExecutionOrchestrator.java:52)
	at org.junit.platform.launcher.core.DefaultLauncher.execute(DefaultLauncher.java:96)
	at org.junit.platform.launcher.core.DefaultLauncher.execute(DefaultLauncher.java:75)
	at com.intellij.junit5.JUnit5IdeaTestRunner.startRunnerWithArgs(JUnit5IdeaTestRunner.java:71)
	at com.intellij.rt.junit.IdeaTestRunner$Repeater.startRunnerWithArgs(IdeaTestRunner.java:33)
	at com.intellij.rt.junit.JUnitStarter.prepareStreamsAndStart(JUnitStarter.java:220)
	at com.intellij.rt.junit.JUnitStarter.main(JUnitStarter.java:53)
Caused by: org.springframework.beans.factory.UnsatisfiedDependencyException: Error creating bean with name 'cartItemService': Unsatisfied dependency expressed through constructor parameter 0; nested exception is org.springframework.beans.factory.NoSuchBeanDefinitionException: No qualifying bean of type 'ru.geekbrains.book.market.repositories.CartItemRepository' available: expected at least 1 bean which qualifies as autowire candidate. Dependency annotations: {}
	at org.springframework.beans.factory.support.ConstructorResolver.createArgumentArray(ConstructorResolver.java:800)
	at org.springframework.beans.factory.support.ConstructorResolver.autowireConstructor(ConstructorResolver.java:229)
	at org.springframework.beans.factory.support.AbstractAutowireCapableBeanFactory.autowireConstructor(AbstractAutowireCapableBeanFactory.java:1354)
	at org.springframework.beans.factory.support.AbstractAutowireCapableBeanFactory.createBeanInstance(AbstractAutowireCapableBeanFactory.java:1204)
	at org.springframework.beans.factory.support.AbstractAutowireCapableBeanFactory.doCreateBean(AbstractAutowireCapableBeanFactory.java:564)
	at org.springframework.beans.factory.support.AbstractAutowireCapableBeanFactory.createBean(AbstractAutowireCapableBeanFactory.java:524)
	at org.springframework.beans.factory.support.AbstractBeanFactory.lambda$doGetBean$0(AbstractBeanFactory.java:335)
	at org.springframework.beans.factory.support.DefaultSingletonBeanRegistry.getSingleton(DefaultSingletonBeanRegistry.java:234)
	at org.springframework.beans.factory.support.AbstractBeanFactory.doGetBean(AbstractBeanFactory.java:333)
	at org.springframework.beans.factory.support.AbstractBeanFactory.getBean(AbstractBeanFactory.java:208)
	at org.springframework.beans.factory.support.DefaultListableBeanFactory.preInstantiateSingletons(DefaultListableBeanFactory.java:944)
	at org.springframework.context.support.AbstractApplicationContext.finishBeanFactoryInitialization(AbstractApplicationContext.java:918)
	at org.springframework.context.support.AbstractApplicationContext.refresh(AbstractApplicationContext.java:583)
	at org.springframework.boot.SpringApplication.refresh(SpringApplication.java:782)
	at org.springframework.boot.SpringApplication.refresh(SpringApplication.java:774)
	at org.springframework.boot.SpringApplication.refreshContext(SpringApplication.java:439)
	at org.springframework.boot.SpringApplication.run(SpringApplication.java:339)
	at org.springframework.boot.test.context.SpringBootContextLoader.loadContext(SpringBootContextLoader.java:123)
	at org.springframework.test.context.cache.DefaultCacheAwareContextLoaderDelegate.loadContextInternal(DefaultCacheAwareContextLoaderDelegate.java:99)
	at org.springframework.test.context.cache.DefaultCacheAwareContextLoaderDelegate.loadContext(DefaultCacheAwareContextLoaderDelegate.java:124)
	... 67 common frames omitted
Caused by: org.springframework.beans.factory.NoSuchBeanDefinitionException: No qualifying bean of type 'ru.geekbrains.book.market.repositories.CartItemRepository' available: expected at least 1 bean which qualifies as autowire candidate. Dependency annotations: {}
	at org.springframework.beans.factory.support.DefaultListableBeanFactory.raiseNoMatchingBeanFound(DefaultListableBeanFactory.java:1790)
	at org.springframework.beans.factory.support.DefaultListableBeanFactory.doResolveDependency(DefaultListableBeanFactory.java:1346)
	at org.springframework.beans.factory.support.DefaultListableBeanFactory.resolveDependency(DefaultListableBeanFactory.java:1300)
	at org.springframework.beans.factory.support.ConstructorResolver.resolveAutowiredArgument(ConstructorResolver.java:887)
	at org.springframework.beans.factory.support.ConstructorResolver.createArgumentArray(ConstructorResolver.java:791)
	... 86 common frames omitted
05-06-2021 08:23:34.182 [main] INFO  r.g.book.market.CartItemTest.logStarting - Starting CartItemTest using Java 15.0.1 on PC with PID 12028 (started by Андрей in D:\2021\Java\book-market\book_market)
05-06-2021 08:23:34.182 [main] INFO  r.g.book.market.CartItemTest.logStartupProfileInfo - The following profiles are active: test
05-06-2021 08:23:34.196 [main] DEBUG o.s.w.c.s.GenericWebApplicationContext.prepareRefresh - Refreshing org.springframework.web.context.support.GenericWebApplicationContext@70ab80e3
05-06-2021 08:23:34.263 [main] WARN  o.s.w.c.s.GenericWebApplicationContext.refresh - Exception encountered during context initialization - cancelling refresh attempt: org.springframework.beans.factory.UnsatisfiedDependencyException: Error creating bean with name 'cartItemService': Unsatisfied dependency expressed through constructor parameter 0; nested exception is org.springframework.beans.factory.NoSuchBeanDefinitionException: No qualifying bean of type 'ru.geekbrains.book.market.repositories.CartItemRepository' available: expected at least 1 bean which qualifies as autowire candidate. Dependency annotations: {}
05-06-2021 08:23:34.295 [main] ERROR o.s.b.d.LoggingFailureAnalysisReporter.report - 

***************************
APPLICATION FAILED TO START
***************************

Description:

Parameter 0 of constructor in ru.geekbrains.book.market.services.CartItemService required a bean of type 'ru.geekbrains.book.market.repositories.CartItemRepository' that could not be found.


Action:

Consider defining a bean of type 'ru.geekbrains.book.market.repositories.CartItemRepository' in your configuration.

05-06-2021 08:23:34.295 [main] ERROR o.s.test.context.TestContextManager.prepareTestInstance - Caught exception while allowing TestExecutionListener [org.springframework.test.context.web.ServletTestExecutionListener@b978d10] to prepare test instance [ru.geekbrains.book.market.CartItemTest@61e45f87]
java.lang.IllegalStateException: Failed to load ApplicationContext
	at org.springframework.test.context.cache.DefaultCacheAwareContextLoaderDelegate.loadContext(DefaultCacheAwareContextLoaderDelegate.java:132)
	at org.springframework.test.context.support.DefaultTestContext.getApplicationContext(DefaultTestContext.java:124)
	at org.springframework.test.context.web.ServletTestExecutionListener.setUpRequestContextIfNecessary(ServletTestExecutionListener.java:190)
	at org.springframework.test.context.web.ServletTestExecutionListener.prepareTestInstance(ServletTestExecutionListener.java:132)
	at org.springframework.test.context.TestContextManager.prepareTestInstance(TestContextManager.java:244)
	at org.springframework.test.context.junit.jupiter.SpringExtension.postProcessTestInstance(SpringExtension.java:138)
	at org.junit.jupiter.engine.descriptor.ClassBasedTestDescriptor.lambda$invokeTestInstancePostProcessors$6(ClassBasedTestDescriptor.java:350)
	at org.junit.jupiter.engine.descriptor.ClassBasedTestDescriptor.executeAndMaskThrowable(ClassBasedTestDescriptor.java:355)
	at org.junit.jupiter.engine.descriptor.ClassBasedTestDescriptor.lambda$invokeTestInstancePostProcessors$7(ClassBasedTestDescriptor.java:350)
	at java.base/java.util.stream.ReferencePipeline$3$1.accept(ReferencePipeline.java:195)
	at java.base/java.util.stream.ReferencePipeline$2$1.accept(ReferencePipeline.java:177)
	at java.base/java.util.ArrayList$ArrayListSpliterator.forEachRemaining(ArrayList.java:1625)
	at java.base/java.util.stream.AbstractPipeline.copyInto(AbstractPipeline.java:484)
	at java.base/java.util.stream.AbstractPipeline.wrapAndCopyInto(AbstractPipeline.java:474)
	at java.base/java.util.stream.StreamSpliterators$WrappingSpliterator.forEachRemaining(StreamSpliterators.java:312)
	at java.base/java.util.stream.Streams$ConcatSpliterator.forEachRemaining(Streams.java:735)
	at java.base/java.util.stream.Streams$ConcatSpliterator.forEachRemaining(Streams.java:734)
	at java.base/java.util.stream.ReferencePipeline$Head.forEach(ReferencePipeline.java:658)
	at org.junit.jupiter.engine.descriptor.ClassBasedTestDescriptor.invokeTestInstancePostProcessors(ClassBasedTestDescriptor.java:349)
	at org.junit.jupiter.engine.descriptor.ClassBasedTestDescriptor.lambda$instantiateAndPostProcessTestInstance$4(ClassBasedTestDescriptor.java:270)
	at org.junit.platform.engine.support.hierarchical.ThrowableCollector.execute(ThrowableCollector.java:73)
	at org.junit.jupiter.engine.descriptor.ClassBasedTestDescriptor.instantiateAndPostProcessTestInstance(ClassBasedTestDescriptor.java:269)
	at org.junit.jupiter.engine.descriptor.ClassBasedTestDescriptor.lambda$testInstancesProvider$2(ClassBasedTestDescriptor.java:259)
	at java.base/java.util.Optional.orElseGet(Optional.java:362)
	at org.junit.jupiter.engine.descriptor.ClassBasedTestDescriptor.lambda$testInstancesProvider$3(ClassBasedTestDescriptor.java:258)
	at org.junit.jupiter.engine.execution.TestInstancesProvider.getTestInstances(TestInstancesProvider.java:31)
	at org.junit.jupiter.engine.descriptor.TestMethodTestDescriptor.lambda$prepare$0(TestMethodTestDescriptor.java:101)
	at org.junit.platform.engine.support.hierarchical.ThrowableCollector.execute(ThrowableCollector.java:73)
	at org.junit.jupiter.engine.descriptor.TestMethodTestDescriptor.prepare(TestMethodTestDescriptor.java:100)
	at org.junit.jupiter.engine.descriptor.TestMethodTestDescriptor.prepare(TestMethodTestDescriptor.java:65)
	at org.junit.platform.engine.support.hierarchical.NodeTestTask.lambda$prepare$1(NodeTestTask.java:111)
	at org.junit.platform.engine.support.hierarchical.ThrowableCollector.execute(ThrowableCollector.java:73)
	at org.junit.platform.engine.support.hierarchical.NodeTestTask.prepare(NodeTestTask.java:111)
	at org.junit.platform.engine.support.hierarchical.NodeTestTask.execute(NodeTestTask.java:79)
	at java.base/java.util.ArrayList.forEach(ArrayList.java:1511)
	at org.junit.platform.engine.support.hierarchical.SameThreadHierarchicalTestExecutorService.invokeAll(SameThreadHierarchicalTestExecutorService.java:38)
	at org.junit.platform.engine.support.hierarchical.NodeTestTask.lambda$executeRecursively$5(NodeTestTask.java:143)
	at org.junit.platform.engine.support.hierarchical.ThrowableCollector.execute(ThrowableCollector.java:73)
	at org.junit.platform.engine.support.hierarchical.NodeTestTask.lambda$executeRecursively$7(NodeTestTask.java:129)
	at org.junit.platform.engine.support.hierarchical.Node.around(Node.java:137)
	at org.junit.platform.engine.support.hierarchical.NodeTestTask.lambda$executeRecursively$8(NodeTestTask.java:127)
	at org.junit.platform.engine.support.hierarchical.ThrowableCollector.execute(ThrowableCollector.java:73)
	at org.junit.platform.engine.support.hierarchical.NodeTestTask.executeRecursively(NodeTestTask.java:126)
	at org.junit.platform.engine.support.hierarchical.NodeTestTask.execute(NodeTestTask.java:84)
	at java.base/java.util.ArrayList.forEach(ArrayList.java:1511)
	at org.junit.platform.engine.support.hierarchical.SameThreadHierarchicalTestExecutorService.invokeAll(SameThreadHierarchicalTestExecutorService.java:38)
	at org.junit.platform.engine.support.hierarchical.NodeTestTask.lambda$executeRecursively$5(NodeTestTask.java:143)
	at org.junit.platform.engine.support.hierarchical.ThrowableCollector.execute(ThrowableCollector.java:73)
	at org.junit.platform.engine.support.hierarchical.NodeTestTask.lambda$executeRecursively$7(NodeTestTask.java:129)
	at org.junit.platform.engine.support.hierarchical.Node.around(Node.java:137)
	at org.junit.platform.engine.support.hierarchical.NodeTestTask.lambda$executeRecursively$8(NodeTestTask.java:127)
	at org.junit.platform.engine.support.hierarchical.ThrowableCollector.execute(ThrowableCollector.java:73)
	at org.junit.platform.engine.support.hierarchical.NodeTestTask.executeRecursively(NodeTestTask.java:126)
	at org.junit.platform.engine.support.hierarchical.NodeTestTask.execute(NodeTestTask.java:84)
	at org.junit.platform.engine.support.hierarchical.SameThreadHierarchicalTestExecutorService.submit(SameThreadHierarchicalTestExecutorService.java:32)
	at org.junit.platform.engine.support.hierarchical.HierarchicalTestExecutor.execute(HierarchicalTestExecutor.java:57)
	at org.junit.platform.engine.support.hierarchical.HierarchicalTestEngine.execute(HierarchicalTestEngine.java:51)
	at org.junit.platform.launcher.core.EngineExecutionOrchestrator.execute(EngineExecutionOrchestrator.java:108)
	at org.junit.platform.launcher.core.EngineExecutionOrchestrator.execute(EngineExecutionOrchestrator.java:88)
	at org.junit.platform.launcher.core.EngineExecutionOrchestrator.lambda$execute$0(EngineExecutionOrchestrator.java:54)
	at org.junit.platform.launcher.core.EngineExecutionOrchestrator.withInterceptedStreams(EngineExecutionOrchestrator.java:67)
	at org.junit.platform.launcher.core.EngineExecutionOrchestrator.execute(EngineExecutionOrchestrator.java:52)
	at org.junit.platform.launcher.core.DefaultLauncher.execute(DefaultLauncher.java:96)
	at org.junit.platform.launcher.core.DefaultLauncher.execute(DefaultLauncher.java:75)
	at com.intellij.junit5.JUnit5IdeaTestRunner.startRunnerWithArgs(JUnit5IdeaTestRunner.java:71)
	at com.intellij.rt.junit.IdeaTestRunner$Repeater.startRunnerWithArgs(IdeaTestRunner.java:33)
	at com.intellij.rt.junit.JUnitStarter.prepareStreamsAndStart(JUnitStarter.java:220)
	at com.intellij.rt.junit.JUnitStarter.main(JUnitStarter.java:53)
Caused by: org.springframework.beans.factory.UnsatisfiedDependencyException: Error creating bean with name 'cartItemService': Unsatisfied dependency expressed through constructor parameter 0; nested exception is org.springframework.beans.factory.NoSuchBeanDefinitionException: No qualifying bean of type 'ru.geekbrains.book.market.repositories.CartItemRepository' available: expected at least 1 bean which qualifies as autowire candidate. Dependency annotations: {}
	at org.springframework.beans.factory.support.ConstructorResolver.createArgumentArray(ConstructorResolver.java:800)
	at org.springframework.beans.factory.support.ConstructorResolver.autowireConstructor(ConstructorResolver.java:229)
	at org.springframework.beans.factory.support.AbstractAutowireCapableBeanFactory.autowireConstructor(AbstractAutowireCapableBeanFactory.java:1354)
	at org.springframework.beans.factory.support.AbstractAutowireCapableBeanFactory.createBeanInstance(AbstractAutowireCapableBeanFactory.java:1204)
	at org.springframework.beans.factory.support.AbstractAutowireCapableBeanFactory.doCreateBean(AbstractAutowireCapableBeanFactory.java:564)
	at org.springframework.beans.factory.support.AbstractAutowireCapableBeanFactory.createBean(AbstractAutowireCapableBeanFactory.java:524)
	at org.springframework.beans.factory.support.AbstractBeanFactory.lambda$doGetBean$0(AbstractBeanFactory.java:335)
	at org.springframework.beans.factory.support.DefaultSingletonBeanRegistry.getSingleton(DefaultSingletonBeanRegistry.java:234)
	at org.springframework.beans.factory.support.AbstractBeanFactory.doGetBean(AbstractBeanFactory.java:333)
	at org.springframework.beans.factory.support.AbstractBeanFactory.getBean(AbstractBeanFactory.java:208)
	at org.springframework.beans.factory.support.DefaultListableBeanFactory.preInstantiateSingletons(DefaultListableBeanFactory.java:944)
	at org.springframework.context.support.AbstractApplicationContext.finishBeanFactoryInitialization(AbstractApplicationContext.java:918)
	at org.springframework.context.support.AbstractApplicationContext.refresh(AbstractApplicationContext.java:583)
	at org.springframework.boot.SpringApplication.refresh(SpringApplication.java:782)
	at org.springframework.boot.SpringApplication.refresh(SpringApplication.java:774)
	at org.springframework.boot.SpringApplication.refreshContext(SpringApplication.java:439)
	at org.springframework.boot.SpringApplication.run(SpringApplication.java:339)
	at org.springframework.boot.test.context.SpringBootContextLoader.loadContext(SpringBootContextLoader.java:123)
	at org.springframework.test.context.cache.DefaultCacheAwareContextLoaderDelegate.loadContextInternal(DefaultCacheAwareContextLoaderDelegate.java:99)
	at org.springframework.test.context.cache.DefaultCacheAwareContextLoaderDelegate.loadContext(DefaultCacheAwareContextLoaderDelegate.java:124)
	... 67 common frames omitted
Caused by: org.springframework.beans.factory.NoSuchBeanDefinitionException: No qualifying bean of type 'ru.geekbrains.book.market.repositories.CartItemRepository' available: expected at least 1 bean which qualifies as autowire candidate. Dependency annotations: {}
	at org.springframework.beans.factory.support.DefaultListableBeanFactory.raiseNoMatchingBeanFound(DefaultListableBeanFactory.java:1790)
	at org.springframework.beans.factory.support.DefaultListableBeanFactory.doResolveDependency(DefaultListableBeanFactory.java:1346)
	at org.springframework.beans.factory.support.DefaultListableBeanFactory.resolveDependency(DefaultListableBeanFactory.java:1300)
	at org.springframework.beans.factory.support.ConstructorResolver.resolveAutowiredArgument(ConstructorResolver.java:887)
	at org.springframework.beans.factory.support.ConstructorResolver.createArgumentArray(ConstructorResolver.java:791)
	... 86 common frames omitted
05-06-2021 08:24:44.302 [main] INFO  r.g.book.market.CartItemTest.logStarting - Starting CartItemTest using Java 15.0.1 on PC with PID 476 (started by Андрей in D:\2021\Java\book-market\book_market)
05-06-2021 08:24:44.302 [main] INFO  r.g.book.market.CartItemTest.logStartupProfileInfo - The following profiles are active: test
05-06-2021 08:24:44.329 [main] DEBUG o.s.w.c.s.GenericWebApplicationContext.prepareRefresh - Refreshing org.springframework.web.context.support.GenericWebApplicationContext@70ab80e3
05-06-2021 08:24:44.387 [main] WARN  o.s.w.c.s.GenericWebApplicationContext.refresh - Exception encountered during context initialization - cancelling refresh attempt: org.springframework.beans.factory.UnsatisfiedDependencyException: Error creating bean with name 'cartItemService': Unsatisfied dependency expressed through constructor parameter 0; nested exception is org.springframework.beans.factory.NoSuchBeanDefinitionException: No qualifying bean of type 'ru.geekbrains.book.market.repositories.CartItemRepository' available: expected at least 1 bean which qualifies as autowire candidate. Dependency annotations: {}
05-06-2021 08:24:44.419 [main] ERROR o.s.b.d.LoggingFailureAnalysisReporter.report - 

***************************
APPLICATION FAILED TO START
***************************

Description:

Parameter 0 of constructor in ru.geekbrains.book.market.services.CartItemService required a bean of type 'ru.geekbrains.book.market.repositories.CartItemRepository' that could not be found.


Action:

Consider defining a bean of type 'ru.geekbrains.book.market.repositories.CartItemRepository' in your configuration.

05-06-2021 08:24:44.419 [main] ERROR o.s.test.context.TestContextManager.prepareTestInstance - Caught exception while allowing TestExecutionListener [org.springframework.test.context.web.ServletTestExecutionListener@b978d10] to prepare test instance [ru.geekbrains.book.market.CartItemTest@61e45f87]
java.lang.IllegalStateException: Failed to load ApplicationContext
	at org.springframework.test.context.cache.DefaultCacheAwareContextLoaderDelegate.loadContext(DefaultCacheAwareContextLoaderDelegate.java:132)
	at org.springframework.test.context.support.DefaultTestContext.getApplicationContext(DefaultTestContext.java:124)
	at org.springframework.test.context.web.ServletTestExecutionListener.setUpRequestContextIfNecessary(ServletTestExecutionListener.java:190)
	at org.springframework.test.context.web.ServletTestExecutionListener.prepareTestInstance(ServletTestExecutionListener.java:132)
	at org.springframework.test.context.TestContextManager.prepareTestInstance(TestContextManager.java:244)
	at org.springframework.test.context.junit.jupiter.SpringExtension.postProcessTestInstance(SpringExtension.java:138)
	at org.junit.jupiter.engine.descriptor.ClassBasedTestDescriptor.lambda$invokeTestInstancePostProcessors$6(ClassBasedTestDescriptor.java:350)
	at org.junit.jupiter.engine.descriptor.ClassBasedTestDescriptor.executeAndMaskThrowable(ClassBasedTestDescriptor.java:355)
	at org.junit.jupiter.engine.descriptor.ClassBasedTestDescriptor.lambda$invokeTestInstancePostProcessors$7(ClassBasedTestDescriptor.java:350)
	at java.base/java.util.stream.ReferencePipeline$3$1.accept(ReferencePipeline.java:195)
	at java.base/java.util.stream.ReferencePipeline$2$1.accept(ReferencePipeline.java:177)
	at java.base/java.util.ArrayList$ArrayListSpliterator.forEachRemaining(ArrayList.java:1625)
	at java.base/java.util.stream.AbstractPipeline.copyInto(AbstractPipeline.java:484)
	at java.base/java.util.stream.AbstractPipeline.wrapAndCopyInto(AbstractPipeline.java:474)
	at java.base/java.util.stream.StreamSpliterators$WrappingSpliterator.forEachRemaining(StreamSpliterators.java:312)
	at java.base/java.util.stream.Streams$ConcatSpliterator.forEachRemaining(Streams.java:735)
	at java.base/java.util.stream.Streams$ConcatSpliterator.forEachRemaining(Streams.java:734)
	at java.base/java.util.stream.ReferencePipeline$Head.forEach(ReferencePipeline.java:658)
	at org.junit.jupiter.engine.descriptor.ClassBasedTestDescriptor.invokeTestInstancePostProcessors(ClassBasedTestDescriptor.java:349)
	at org.junit.jupiter.engine.descriptor.ClassBasedTestDescriptor.lambda$instantiateAndPostProcessTestInstance$4(ClassBasedTestDescriptor.java:270)
	at org.junit.platform.engine.support.hierarchical.ThrowableCollector.execute(ThrowableCollector.java:73)
	at org.junit.jupiter.engine.descriptor.ClassBasedTestDescriptor.instantiateAndPostProcessTestInstance(ClassBasedTestDescriptor.java:269)
	at org.junit.jupiter.engine.descriptor.ClassBasedTestDescriptor.lambda$testInstancesProvider$2(ClassBasedTestDescriptor.java:259)
	at java.base/java.util.Optional.orElseGet(Optional.java:362)
	at org.junit.jupiter.engine.descriptor.ClassBasedTestDescriptor.lambda$testInstancesProvider$3(ClassBasedTestDescriptor.java:258)
	at org.junit.jupiter.engine.execution.TestInstancesProvider.getTestInstances(TestInstancesProvider.java:31)
	at org.junit.jupiter.engine.descriptor.TestMethodTestDescriptor.lambda$prepare$0(TestMethodTestDescriptor.java:101)
	at org.junit.platform.engine.support.hierarchical.ThrowableCollector.execute(ThrowableCollector.java:73)
	at org.junit.jupiter.engine.descriptor.TestMethodTestDescriptor.prepare(TestMethodTestDescriptor.java:100)
	at org.junit.jupiter.engine.descriptor.TestMethodTestDescriptor.prepare(TestMethodTestDescriptor.java:65)
	at org.junit.platform.engine.support.hierarchical.NodeTestTask.lambda$prepare$1(NodeTestTask.java:111)
	at org.junit.platform.engine.support.hierarchical.ThrowableCollector.execute(ThrowableCollector.java:73)
	at org.junit.platform.engine.support.hierarchical.NodeTestTask.prepare(NodeTestTask.java:111)
	at org.junit.platform.engine.support.hierarchical.NodeTestTask.execute(NodeTestTask.java:79)
	at java.base/java.util.ArrayList.forEach(ArrayList.java:1511)
	at org.junit.platform.engine.support.hierarchical.SameThreadHierarchicalTestExecutorService.invokeAll(SameThreadHierarchicalTestExecutorService.java:38)
	at org.junit.platform.engine.support.hierarchical.NodeTestTask.lambda$executeRecursively$5(NodeTestTask.java:143)
	at org.junit.platform.engine.support.hierarchical.ThrowableCollector.execute(ThrowableCollector.java:73)
	at org.junit.platform.engine.support.hierarchical.NodeTestTask.lambda$executeRecursively$7(NodeTestTask.java:129)
	at org.junit.platform.engine.support.hierarchical.Node.around(Node.java:137)
	at org.junit.platform.engine.support.hierarchical.NodeTestTask.lambda$executeRecursively$8(NodeTestTask.java:127)
	at org.junit.platform.engine.support.hierarchical.ThrowableCollector.execute(ThrowableCollector.java:73)
	at org.junit.platform.engine.support.hierarchical.NodeTestTask.executeRecursively(NodeTestTask.java:126)
	at org.junit.platform.engine.support.hierarchical.NodeTestTask.execute(NodeTestTask.java:84)
	at java.base/java.util.ArrayList.forEach(ArrayList.java:1511)
	at org.junit.platform.engine.support.hierarchical.SameThreadHierarchicalTestExecutorService.invokeAll(SameThreadHierarchicalTestExecutorService.java:38)
	at org.junit.platform.engine.support.hierarchical.NodeTestTask.lambda$executeRecursively$5(NodeTestTask.java:143)
	at org.junit.platform.engine.support.hierarchical.ThrowableCollector.execute(ThrowableCollector.java:73)
	at org.junit.platform.engine.support.hierarchical.NodeTestTask.lambda$executeRecursively$7(NodeTestTask.java:129)
	at org.junit.platform.engine.support.hierarchical.Node.around(Node.java:137)
	at org.junit.platform.engine.support.hierarchical.NodeTestTask.lambda$executeRecursively$8(NodeTestTask.java:127)
	at org.junit.platform.engine.support.hierarchical.ThrowableCollector.execute(ThrowableCollector.java:73)
	at org.junit.platform.engine.support.hierarchical.NodeTestTask.executeRecursively(NodeTestTask.java:126)
	at org.junit.platform.engine.support.hierarchical.NodeTestTask.execute(NodeTestTask.java:84)
	at org.junit.platform.engine.support.hierarchical.SameThreadHierarchicalTestExecutorService.submit(SameThreadHierarchicalTestExecutorService.java:32)
	at org.junit.platform.engine.support.hierarchical.HierarchicalTestExecutor.execute(HierarchicalTestExecutor.java:57)
	at org.junit.platform.engine.support.hierarchical.HierarchicalTestEngine.execute(HierarchicalTestEngine.java:51)
	at org.junit.platform.launcher.core.EngineExecutionOrchestrator.execute(EngineExecutionOrchestrator.java:108)
	at org.junit.platform.launcher.core.EngineExecutionOrchestrator.execute(EngineExecutionOrchestrator.java:88)
	at org.junit.platform.launcher.core.EngineExecutionOrchestrator.lambda$execute$0(EngineExecutionOrchestrator.java:54)
	at org.junit.platform.launcher.core.EngineExecutionOrchestrator.withInterceptedStreams(EngineExecutionOrchestrator.java:67)
	at org.junit.platform.launcher.core.EngineExecutionOrchestrator.execute(EngineExecutionOrchestrator.java:52)
	at org.junit.platform.launcher.core.DefaultLauncher.execute(DefaultLauncher.java:96)
	at org.junit.platform.launcher.core.DefaultLauncher.execute(DefaultLauncher.java:75)
	at com.intellij.junit5.JUnit5IdeaTestRunner.startRunnerWithArgs(JUnit5IdeaTestRunner.java:71)
	at com.intellij.rt.junit.IdeaTestRunner$Repeater.startRunnerWithArgs(IdeaTestRunner.java:33)
	at com.intellij.rt.junit.JUnitStarter.prepareStreamsAndStart(JUnitStarter.java:220)
	at com.intellij.rt.junit.JUnitStarter.main(JUnitStarter.java:53)
Caused by: org.springframework.beans.factory.UnsatisfiedDependencyException: Error creating bean with name 'cartItemService': Unsatisfied dependency expressed through constructor parameter 0; nested exception is org.springframework.beans.factory.NoSuchBeanDefinitionException: No qualifying bean of type 'ru.geekbrains.book.market.repositories.CartItemRepository' available: expected at least 1 bean which qualifies as autowire candidate. Dependency annotations: {}
	at org.springframework.beans.factory.support.ConstructorResolver.createArgumentArray(ConstructorResolver.java:800)
	at org.springframework.beans.factory.support.ConstructorResolver.autowireConstructor(ConstructorResolver.java:229)
	at org.springframework.beans.factory.support.AbstractAutowireCapableBeanFactory.autowireConstructor(AbstractAutowireCapableBeanFactory.java:1354)
	at org.springframework.beans.factory.support.AbstractAutowireCapableBeanFactory.createBeanInstance(AbstractAutowireCapableBeanFactory.java:1204)
	at org.springframework.beans.factory.support.AbstractAutowireCapableBeanFactory.doCreateBean(AbstractAutowireCapableBeanFactory.java:564)
	at org.springframework.beans.factory.support.AbstractAutowireCapableBeanFactory.createBean(AbstractAutowireCapableBeanFactory.java:524)
	at org.springframework.beans.factory.support.AbstractBeanFactory.lambda$doGetBean$0(AbstractBeanFactory.java:335)
	at org.springframework.beans.factory.support.DefaultSingletonBeanRegistry.getSingleton(DefaultSingletonBeanRegistry.java:234)
	at org.springframework.beans.factory.support.AbstractBeanFactory.doGetBean(AbstractBeanFactory.java:333)
	at org.springframework.beans.factory.support.AbstractBeanFactory.getBean(AbstractBeanFactory.java:208)
	at org.springframework.beans.factory.support.DefaultListableBeanFactory.preInstantiateSingletons(DefaultListableBeanFactory.java:944)
	at org.springframework.context.support.AbstractApplicationContext.finishBeanFactoryInitialization(AbstractApplicationContext.java:918)
	at org.springframework.context.support.AbstractApplicationContext.refresh(AbstractApplicationContext.java:583)
	at org.springframework.boot.SpringApplication.refresh(SpringApplication.java:782)
	at org.springframework.boot.SpringApplication.refresh(SpringApplication.java:774)
	at org.springframework.boot.SpringApplication.refreshContext(SpringApplication.java:439)
	at org.springframework.boot.SpringApplication.run(SpringApplication.java:339)
	at org.springframework.boot.test.context.SpringBootContextLoader.loadContext(SpringBootContextLoader.java:123)
	at org.springframework.test.context.cache.DefaultCacheAwareContextLoaderDelegate.loadContextInternal(DefaultCacheAwareContextLoaderDelegate.java:99)
	at org.springframework.test.context.cache.DefaultCacheAwareContextLoaderDelegate.loadContext(DefaultCacheAwareContextLoaderDelegate.java:124)
	... 67 common frames omitted
Caused by: org.springframework.beans.factory.NoSuchBeanDefinitionException: No qualifying bean of type 'ru.geekbrains.book.market.repositories.CartItemRepository' available: expected at least 1 bean which qualifies as autowire candidate. Dependency annotations: {}
	at org.springframework.beans.factory.support.DefaultListableBeanFactory.raiseNoMatchingBeanFound(DefaultListableBeanFactory.java:1790)
	at org.springframework.beans.factory.support.DefaultListableBeanFactory.doResolveDependency(DefaultListableBeanFactory.java:1346)
	at org.springframework.beans.factory.support.DefaultListableBeanFactory.resolveDependency(DefaultListableBeanFactory.java:1300)
	at org.springframework.beans.factory.support.ConstructorResolver.resolveAutowiredArgument(ConstructorResolver.java:887)
	at org.springframework.beans.factory.support.ConstructorResolver.createArgumentArray(ConstructorResolver.java:791)
	... 86 common frames omitted
05-06-2021 08:26:01.605 [main] INFO  r.g.book.market.CartItemTest.logStarting - Starting CartItemTest using Java 15.0.1 on PC with PID 10664 (started by Андрей in D:\2021\Java\book-market\book_market)
05-06-2021 08:26:01.605 [main] INFO  r.g.book.market.CartItemTest.logStartupProfileInfo - The following profiles are active: test
05-06-2021 08:26:01.620 [main] DEBUG o.s.w.c.s.GenericWebApplicationContext.prepareRefresh - Refreshing org.springframework.web.context.support.GenericWebApplicationContext@70ab80e3
05-06-2021 08:26:01.693 [main] WARN  o.s.w.c.s.GenericWebApplicationContext.refresh - Exception encountered during context initialization - cancelling refresh attempt: org.springframework.beans.factory.UnsatisfiedDependencyException: Error creating bean with name 'cartItemService': Unsatisfied dependency expressed through constructor parameter 0; nested exception is org.springframework.beans.factory.NoSuchBeanDefinitionException: No qualifying bean of type 'ru.geekbrains.book.market.repositories.CartItemRepository' available: expected at least 1 bean which qualifies as autowire candidate. Dependency annotations: {}
05-06-2021 08:26:01.724 [main] ERROR o.s.b.d.LoggingFailureAnalysisReporter.report - 

***************************
APPLICATION FAILED TO START
***************************

Description:

Parameter 0 of constructor in ru.geekbrains.book.market.services.CartItemService required a bean of type 'ru.geekbrains.book.market.repositories.CartItemRepository' that could not be found.


Action:

Consider defining a bean of type 'ru.geekbrains.book.market.repositories.CartItemRepository' in your configuration.

05-06-2021 08:26:01.724 [main] ERROR o.s.test.context.TestContextManager.prepareTestInstance - Caught exception while allowing TestExecutionListener [org.springframework.test.context.web.ServletTestExecutionListener@b978d10] to prepare test instance [ru.geekbrains.book.market.CartItemTest@61e45f87]
java.lang.IllegalStateException: Failed to load ApplicationContext
	at org.springframework.test.context.cache.DefaultCacheAwareContextLoaderDelegate.loadContext(DefaultCacheAwareContextLoaderDelegate.java:132)
	at org.springframework.test.context.support.DefaultTestContext.getApplicationContext(DefaultTestContext.java:124)
	at org.springframework.test.context.web.ServletTestExecutionListener.setUpRequestContextIfNecessary(ServletTestExecutionListener.java:190)
	at org.springframework.test.context.web.ServletTestExecutionListener.prepareTestInstance(ServletTestExecutionListener.java:132)
	at org.springframework.test.context.TestContextManager.prepareTestInstance(TestContextManager.java:244)
	at org.springframework.test.context.junit.jupiter.SpringExtension.postProcessTestInstance(SpringExtension.java:138)
	at org.junit.jupiter.engine.descriptor.ClassBasedTestDescriptor.lambda$invokeTestInstancePostProcessors$6(ClassBasedTestDescriptor.java:350)
	at org.junit.jupiter.engine.descriptor.ClassBasedTestDescriptor.executeAndMaskThrowable(ClassBasedTestDescriptor.java:355)
	at org.junit.jupiter.engine.descriptor.ClassBasedTestDescriptor.lambda$invokeTestInstancePostProcessors$7(ClassBasedTestDescriptor.java:350)
	at java.base/java.util.stream.ReferencePipeline$3$1.accept(ReferencePipeline.java:195)
	at java.base/java.util.stream.ReferencePipeline$2$1.accept(ReferencePipeline.java:177)
	at java.base/java.util.ArrayList$ArrayListSpliterator.forEachRemaining(ArrayList.java:1625)
	at java.base/java.util.stream.AbstractPipeline.copyInto(AbstractPipeline.java:484)
	at java.base/java.util.stream.AbstractPipeline.wrapAndCopyInto(AbstractPipeline.java:474)
	at java.base/java.util.stream.StreamSpliterators$WrappingSpliterator.forEachRemaining(StreamSpliterators.java:312)
	at java.base/java.util.stream.Streams$ConcatSpliterator.forEachRemaining(Streams.java:735)
	at java.base/java.util.stream.Streams$ConcatSpliterator.forEachRemaining(Streams.java:734)
	at java.base/java.util.stream.ReferencePipeline$Head.forEach(ReferencePipeline.java:658)
	at org.junit.jupiter.engine.descriptor.ClassBasedTestDescriptor.invokeTestInstancePostProcessors(ClassBasedTestDescriptor.java:349)
	at org.junit.jupiter.engine.descriptor.ClassBasedTestDescriptor.lambda$instantiateAndPostProcessTestInstance$4(ClassBasedTestDescriptor.java:270)
	at org.junit.platform.engine.support.hierarchical.ThrowableCollector.execute(ThrowableCollector.java:73)
	at org.junit.jupiter.engine.descriptor.ClassBasedTestDescriptor.instantiateAndPostProcessTestInstance(ClassBasedTestDescriptor.java:269)
	at org.junit.jupiter.engine.descriptor.ClassBasedTestDescriptor.lambda$testInstancesProvider$2(ClassBasedTestDescriptor.java:259)
	at java.base/java.util.Optional.orElseGet(Optional.java:362)
	at org.junit.jupiter.engine.descriptor.ClassBasedTestDescriptor.lambda$testInstancesProvider$3(ClassBasedTestDescriptor.java:258)
	at org.junit.jupiter.engine.execution.TestInstancesProvider.getTestInstances(TestInstancesProvider.java:31)
	at org.junit.jupiter.engine.descriptor.TestMethodTestDescriptor.lambda$prepare$0(TestMethodTestDescriptor.java:101)
	at org.junit.platform.engine.support.hierarchical.ThrowableCollector.execute(ThrowableCollector.java:73)
	at org.junit.jupiter.engine.descriptor.TestMethodTestDescriptor.prepare(TestMethodTestDescriptor.java:100)
	at org.junit.jupiter.engine.descriptor.TestMethodTestDescriptor.prepare(TestMethodTestDescriptor.java:65)
	at org.junit.platform.engine.support.hierarchical.NodeTestTask.lambda$prepare$1(NodeTestTask.java:111)
	at org.junit.platform.engine.support.hierarchical.ThrowableCollector.execute(ThrowableCollector.java:73)
	at org.junit.platform.engine.support.hierarchical.NodeTestTask.prepare(NodeTestTask.java:111)
	at org.junit.platform.engine.support.hierarchical.NodeTestTask.execute(NodeTestTask.java:79)
	at java.base/java.util.ArrayList.forEach(ArrayList.java:1511)
	at org.junit.platform.engine.support.hierarchical.SameThreadHierarchicalTestExecutorService.invokeAll(SameThreadHierarchicalTestExecutorService.java:38)
	at org.junit.platform.engine.support.hierarchical.NodeTestTask.lambda$executeRecursively$5(NodeTestTask.java:143)
	at org.junit.platform.engine.support.hierarchical.ThrowableCollector.execute(ThrowableCollector.java:73)
	at org.junit.platform.engine.support.hierarchical.NodeTestTask.lambda$executeRecursively$7(NodeTestTask.java:129)
	at org.junit.platform.engine.support.hierarchical.Node.around(Node.java:137)
	at org.junit.platform.engine.support.hierarchical.NodeTestTask.lambda$executeRecursively$8(NodeTestTask.java:127)
	at org.junit.platform.engine.support.hierarchical.ThrowableCollector.execute(ThrowableCollector.java:73)
	at org.junit.platform.engine.support.hierarchical.NodeTestTask.executeRecursively(NodeTestTask.java:126)
	at org.junit.platform.engine.support.hierarchical.NodeTestTask.execute(NodeTestTask.java:84)
	at java.base/java.util.ArrayList.forEach(ArrayList.java:1511)
	at org.junit.platform.engine.support.hierarchical.SameThreadHierarchicalTestExecutorService.invokeAll(SameThreadHierarchicalTestExecutorService.java:38)
	at org.junit.platform.engine.support.hierarchical.NodeTestTask.lambda$executeRecursively$5(NodeTestTask.java:143)
	at org.junit.platform.engine.support.hierarchical.ThrowableCollector.execute(ThrowableCollector.java:73)
	at org.junit.platform.engine.support.hierarchical.NodeTestTask.lambda$executeRecursively$7(NodeTestTask.java:129)
	at org.junit.platform.engine.support.hierarchical.Node.around(Node.java:137)
	at org.junit.platform.engine.support.hierarchical.NodeTestTask.lambda$executeRecursively$8(NodeTestTask.java:127)
	at org.junit.platform.engine.support.hierarchical.ThrowableCollector.execute(ThrowableCollector.java:73)
	at org.junit.platform.engine.support.hierarchical.NodeTestTask.executeRecursively(NodeTestTask.java:126)
	at org.junit.platform.engine.support.hierarchical.NodeTestTask.execute(NodeTestTask.java:84)
	at org.junit.platform.engine.support.hierarchical.SameThreadHierarchicalTestExecutorService.submit(SameThreadHierarchicalTestExecutorService.java:32)
	at org.junit.platform.engine.support.hierarchical.HierarchicalTestExecutor.execute(HierarchicalTestExecutor.java:57)
	at org.junit.platform.engine.support.hierarchical.HierarchicalTestEngine.execute(HierarchicalTestEngine.java:51)
	at org.junit.platform.launcher.core.EngineExecutionOrchestrator.execute(EngineExecutionOrchestrator.java:108)
	at org.junit.platform.launcher.core.EngineExecutionOrchestrator.execute(EngineExecutionOrchestrator.java:88)
	at org.junit.platform.launcher.core.EngineExecutionOrchestrator.lambda$execute$0(EngineExecutionOrchestrator.java:54)
	at org.junit.platform.launcher.core.EngineExecutionOrchestrator.withInterceptedStreams(EngineExecutionOrchestrator.java:67)
	at org.junit.platform.launcher.core.EngineExecutionOrchestrator.execute(EngineExecutionOrchestrator.java:52)
	at org.junit.platform.launcher.core.DefaultLauncher.execute(DefaultLauncher.java:96)
	at org.junit.platform.launcher.core.DefaultLauncher.execute(DefaultLauncher.java:75)
	at com.intellij.junit5.JUnit5IdeaTestRunner.startRunnerWithArgs(JUnit5IdeaTestRunner.java:71)
	at com.intellij.rt.junit.IdeaTestRunner$Repeater.startRunnerWithArgs(IdeaTestRunner.java:33)
	at com.intellij.rt.junit.JUnitStarter.prepareStreamsAndStart(JUnitStarter.java:220)
	at com.intellij.rt.junit.JUnitStarter.main(JUnitStarter.java:53)
Caused by: org.springframework.beans.factory.UnsatisfiedDependencyException: Error creating bean with name 'cartItemService': Unsatisfied dependency expressed through constructor parameter 0; nested exception is org.springframework.beans.factory.NoSuchBeanDefinitionException: No qualifying bean of type 'ru.geekbrains.book.market.repositories.CartItemRepository' available: expected at least 1 bean which qualifies as autowire candidate. Dependency annotations: {}
	at org.springframework.beans.factory.support.ConstructorResolver.createArgumentArray(ConstructorResolver.java:800)
	at org.springframework.beans.factory.support.ConstructorResolver.autowireConstructor(ConstructorResolver.java:229)
	at org.springframework.beans.factory.support.AbstractAutowireCapableBeanFactory.autowireConstructor(AbstractAutowireCapableBeanFactory.java:1354)
	at org.springframework.beans.factory.support.AbstractAutowireCapableBeanFactory.createBeanInstance(AbstractAutowireCapableBeanFactory.java:1204)
	at org.springframework.beans.factory.support.AbstractAutowireCapableBeanFactory.doCreateBean(AbstractAutowireCapableBeanFactory.java:564)
	at org.springframework.beans.factory.support.AbstractAutowireCapableBeanFactory.createBean(AbstractAutowireCapableBeanFactory.java:524)
	at org.springframework.beans.factory.support.AbstractBeanFactory.lambda$doGetBean$0(AbstractBeanFactory.java:335)
	at org.springframework.beans.factory.support.DefaultSingletonBeanRegistry.getSingleton(DefaultSingletonBeanRegistry.java:234)
	at org.springframework.beans.factory.support.AbstractBeanFactory.doGetBean(AbstractBeanFactory.java:333)
	at org.springframework.beans.factory.support.AbstractBeanFactory.getBean(AbstractBeanFactory.java:208)
	at org.springframework.beans.factory.support.DefaultListableBeanFactory.preInstantiateSingletons(DefaultListableBeanFactory.java:944)
	at org.springframework.context.support.AbstractApplicationContext.finishBeanFactoryInitialization(AbstractApplicationContext.java:918)
	at org.springframework.context.support.AbstractApplicationContext.refresh(AbstractApplicationContext.java:583)
	at org.springframework.boot.SpringApplication.refresh(SpringApplication.java:782)
	at org.springframework.boot.SpringApplication.refresh(SpringApplication.java:774)
	at org.springframework.boot.SpringApplication.refreshContext(SpringApplication.java:439)
	at org.springframework.boot.SpringApplication.run(SpringApplication.java:339)
	at org.springframework.boot.test.context.SpringBootContextLoader.loadContext(SpringBootContextLoader.java:123)
	at org.springframework.test.context.cache.DefaultCacheAwareContextLoaderDelegate.loadContextInternal(DefaultCacheAwareContextLoaderDelegate.java:99)
	at org.springframework.test.context.cache.DefaultCacheAwareContextLoaderDelegate.loadContext(DefaultCacheAwareContextLoaderDelegate.java:124)
	... 67 common frames omitted
Caused by: org.springframework.beans.factory.NoSuchBeanDefinitionException: No qualifying bean of type 'ru.geekbrains.book.market.repositories.CartItemRepository' available: expected at least 1 bean which qualifies as autowire candidate. Dependency annotations: {}
	at org.springframework.beans.factory.support.DefaultListableBeanFactory.raiseNoMatchingBeanFound(DefaultListableBeanFactory.java:1790)
	at org.springframework.beans.factory.support.DefaultListableBeanFactory.doResolveDependency(DefaultListableBeanFactory.java:1346)
	at org.springframework.beans.factory.support.DefaultListableBeanFactory.resolveDependency(DefaultListableBeanFactory.java:1300)
	at org.springframework.beans.factory.support.ConstructorResolver.resolveAutowiredArgument(ConstructorResolver.java:887)
	at org.springframework.beans.factory.support.ConstructorResolver.createArgumentArray(ConstructorResolver.java:791)
	... 86 common frames omitted
05-06-2021 08:26:50.016 [main] INFO  r.g.book.market.CartItemTest.logStarting - Starting CartItemTest using Java 15.0.1 on PC with PID 5272 (started by Андрей in D:\2021\Java\book-market\book_market)
05-06-2021 08:26:50.016 [main] INFO  r.g.book.market.CartItemTest.logStartupProfileInfo - The following profiles are active: test
05-06-2021 08:26:50.041 [main] DEBUG o.s.w.c.s.GenericWebApplicationContext.prepareRefresh - Refreshing org.springframework.web.context.support.GenericWebApplicationContext@70ab80e3
05-06-2021 08:26:50.095 [main] WARN  o.s.w.c.s.GenericWebApplicationContext.refresh - Exception encountered during context initialization - cancelling refresh attempt: org.springframework.beans.factory.UnsatisfiedDependencyException: Error creating bean with name 'cartItemService': Unsatisfied dependency expressed through constructor parameter 0; nested exception is org.springframework.beans.factory.NoSuchBeanDefinitionException: No qualifying bean of type 'ru.geekbrains.book.market.repositories.CartItemRepository' available: expected at least 1 bean which qualifies as autowire candidate. Dependency annotations: {}
05-06-2021 08:26:50.126 [main] ERROR o.s.b.d.LoggingFailureAnalysisReporter.report - 

***************************
APPLICATION FAILED TO START
***************************

Description:

Parameter 0 of constructor in ru.geekbrains.book.market.services.CartItemService required a bean of type 'ru.geekbrains.book.market.repositories.CartItemRepository' that could not be found.


Action:

Consider defining a bean of type 'ru.geekbrains.book.market.repositories.CartItemRepository' in your configuration.

05-06-2021 08:26:50.126 [main] ERROR o.s.test.context.TestContextManager.prepareTestInstance - Caught exception while allowing TestExecutionListener [org.springframework.test.context.web.ServletTestExecutionListener@b978d10] to prepare test instance [ru.geekbrains.book.market.CartItemTest@61e45f87]
java.lang.IllegalStateException: Failed to load ApplicationContext
	at org.springframework.test.context.cache.DefaultCacheAwareContextLoaderDelegate.loadContext(DefaultCacheAwareContextLoaderDelegate.java:132)
	at org.springframework.test.context.support.DefaultTestContext.getApplicationContext(DefaultTestContext.java:124)
	at org.springframework.test.context.web.ServletTestExecutionListener.setUpRequestContextIfNecessary(ServletTestExecutionListener.java:190)
	at org.springframework.test.context.web.ServletTestExecutionListener.prepareTestInstance(ServletTestExecutionListener.java:132)
	at org.springframework.test.context.TestContextManager.prepareTestInstance(TestContextManager.java:244)
	at org.springframework.test.context.junit.jupiter.SpringExtension.postProcessTestInstance(SpringExtension.java:138)
	at org.junit.jupiter.engine.descriptor.ClassBasedTestDescriptor.lambda$invokeTestInstancePostProcessors$6(ClassBasedTestDescriptor.java:350)
	at org.junit.jupiter.engine.descriptor.ClassBasedTestDescriptor.executeAndMaskThrowable(ClassBasedTestDescriptor.java:355)
	at org.junit.jupiter.engine.descriptor.ClassBasedTestDescriptor.lambda$invokeTestInstancePostProcessors$7(ClassBasedTestDescriptor.java:350)
	at java.base/java.util.stream.ReferencePipeline$3$1.accept(ReferencePipeline.java:195)
	at java.base/java.util.stream.ReferencePipeline$2$1.accept(ReferencePipeline.java:177)
	at java.base/java.util.ArrayList$ArrayListSpliterator.forEachRemaining(ArrayList.java:1625)
	at java.base/java.util.stream.AbstractPipeline.copyInto(AbstractPipeline.java:484)
	at java.base/java.util.stream.AbstractPipeline.wrapAndCopyInto(AbstractPipeline.java:474)
	at java.base/java.util.stream.StreamSpliterators$WrappingSpliterator.forEachRemaining(StreamSpliterators.java:312)
	at java.base/java.util.stream.Streams$ConcatSpliterator.forEachRemaining(Streams.java:735)
	at java.base/java.util.stream.Streams$ConcatSpliterator.forEachRemaining(Streams.java:734)
	at java.base/java.util.stream.ReferencePipeline$Head.forEach(ReferencePipeline.java:658)
	at org.junit.jupiter.engine.descriptor.ClassBasedTestDescriptor.invokeTestInstancePostProcessors(ClassBasedTestDescriptor.java:349)
	at org.junit.jupiter.engine.descriptor.ClassBasedTestDescriptor.lambda$instantiateAndPostProcessTestInstance$4(ClassBasedTestDescriptor.java:270)
	at org.junit.platform.engine.support.hierarchical.ThrowableCollector.execute(ThrowableCollector.java:73)
	at org.junit.jupiter.engine.descriptor.ClassBasedTestDescriptor.instantiateAndPostProcessTestInstance(ClassBasedTestDescriptor.java:269)
	at org.junit.jupiter.engine.descriptor.ClassBasedTestDescriptor.lambda$testInstancesProvider$2(ClassBasedTestDescriptor.java:259)
	at java.base/java.util.Optional.orElseGet(Optional.java:362)
	at org.junit.jupiter.engine.descriptor.ClassBasedTestDescriptor.lambda$testInstancesProvider$3(ClassBasedTestDescriptor.java:258)
	at org.junit.jupiter.engine.execution.TestInstancesProvider.getTestInstances(TestInstancesProvider.java:31)
	at org.junit.jupiter.engine.descriptor.TestMethodTestDescriptor.lambda$prepare$0(TestMethodTestDescriptor.java:101)
	at org.junit.platform.engine.support.hierarchical.ThrowableCollector.execute(ThrowableCollector.java:73)
	at org.junit.jupiter.engine.descriptor.TestMethodTestDescriptor.prepare(TestMethodTestDescriptor.java:100)
	at org.junit.jupiter.engine.descriptor.TestMethodTestDescriptor.prepare(TestMethodTestDescriptor.java:65)
	at org.junit.platform.engine.support.hierarchical.NodeTestTask.lambda$prepare$1(NodeTestTask.java:111)
	at org.junit.platform.engine.support.hierarchical.ThrowableCollector.execute(ThrowableCollector.java:73)
	at org.junit.platform.engine.support.hierarchical.NodeTestTask.prepare(NodeTestTask.java:111)
	at org.junit.platform.engine.support.hierarchical.NodeTestTask.execute(NodeTestTask.java:79)
	at java.base/java.util.ArrayList.forEach(ArrayList.java:1511)
	at org.junit.platform.engine.support.hierarchical.SameThreadHierarchicalTestExecutorService.invokeAll(SameThreadHierarchicalTestExecutorService.java:38)
	at org.junit.platform.engine.support.hierarchical.NodeTestTask.lambda$executeRecursively$5(NodeTestTask.java:143)
	at org.junit.platform.engine.support.hierarchical.ThrowableCollector.execute(ThrowableCollector.java:73)
	at org.junit.platform.engine.support.hierarchical.NodeTestTask.lambda$executeRecursively$7(NodeTestTask.java:129)
	at org.junit.platform.engine.support.hierarchical.Node.around(Node.java:137)
	at org.junit.platform.engine.support.hierarchical.NodeTestTask.lambda$executeRecursively$8(NodeTestTask.java:127)
	at org.junit.platform.engine.support.hierarchical.ThrowableCollector.execute(ThrowableCollector.java:73)
	at org.junit.platform.engine.support.hierarchical.NodeTestTask.executeRecursively(NodeTestTask.java:126)
	at org.junit.platform.engine.support.hierarchical.NodeTestTask.execute(NodeTestTask.java:84)
	at java.base/java.util.ArrayList.forEach(ArrayList.java:1511)
	at org.junit.platform.engine.support.hierarchical.SameThreadHierarchicalTestExecutorService.invokeAll(SameThreadHierarchicalTestExecutorService.java:38)
	at org.junit.platform.engine.support.hierarchical.NodeTestTask.lambda$executeRecursively$5(NodeTestTask.java:143)
	at org.junit.platform.engine.support.hierarchical.ThrowableCollector.execute(ThrowableCollector.java:73)
	at org.junit.platform.engine.support.hierarchical.NodeTestTask.lambda$executeRecursively$7(NodeTestTask.java:129)
	at org.junit.platform.engine.support.hierarchical.Node.around(Node.java:137)
	at org.junit.platform.engine.support.hierarchical.NodeTestTask.lambda$executeRecursively$8(NodeTestTask.java:127)
	at org.junit.platform.engine.support.hierarchical.ThrowableCollector.execute(ThrowableCollector.java:73)
	at org.junit.platform.engine.support.hierarchical.NodeTestTask.executeRecursively(NodeTestTask.java:126)
	at org.junit.platform.engine.support.hierarchical.NodeTestTask.execute(NodeTestTask.java:84)
	at org.junit.platform.engine.support.hierarchical.SameThreadHierarchicalTestExecutorService.submit(SameThreadHierarchicalTestExecutorService.java:32)
	at org.junit.platform.engine.support.hierarchical.HierarchicalTestExecutor.execute(HierarchicalTestExecutor.java:57)
	at org.junit.platform.engine.support.hierarchical.HierarchicalTestEngine.execute(HierarchicalTestEngine.java:51)
	at org.junit.platform.launcher.core.EngineExecutionOrchestrator.execute(EngineExecutionOrchestrator.java:108)
	at org.junit.platform.launcher.core.EngineExecutionOrchestrator.execute(EngineExecutionOrchestrator.java:88)
	at org.junit.platform.launcher.core.EngineExecutionOrchestrator.lambda$execute$0(EngineExecutionOrchestrator.java:54)
	at org.junit.platform.launcher.core.EngineExecutionOrchestrator.withInterceptedStreams(EngineExecutionOrchestrator.java:67)
	at org.junit.platform.launcher.core.EngineExecutionOrchestrator.execute(EngineExecutionOrchestrator.java:52)
	at org.junit.platform.launcher.core.DefaultLauncher.execute(DefaultLauncher.java:96)
	at org.junit.platform.launcher.core.DefaultLauncher.execute(DefaultLauncher.java:75)
	at com.intellij.junit5.JUnit5IdeaTestRunner.startRunnerWithArgs(JUnit5IdeaTestRunner.java:71)
	at com.intellij.rt.junit.IdeaTestRunner$Repeater.startRunnerWithArgs(IdeaTestRunner.java:33)
	at com.intellij.rt.junit.JUnitStarter.prepareStreamsAndStart(JUnitStarter.java:220)
	at com.intellij.rt.junit.JUnitStarter.main(JUnitStarter.java:53)
Caused by: org.springframework.beans.factory.UnsatisfiedDependencyException: Error creating bean with name 'cartItemService': Unsatisfied dependency expressed through constructor parameter 0; nested exception is org.springframework.beans.factory.NoSuchBeanDefinitionException: No qualifying bean of type 'ru.geekbrains.book.market.repositories.CartItemRepository' available: expected at least 1 bean which qualifies as autowire candidate. Dependency annotations: {}
	at org.springframework.beans.factory.support.ConstructorResolver.createArgumentArray(ConstructorResolver.java:800)
	at org.springframework.beans.factory.support.ConstructorResolver.autowireConstructor(ConstructorResolver.java:229)
	at org.springframework.beans.factory.support.AbstractAutowireCapableBeanFactory.autowireConstructor(AbstractAutowireCapableBeanFactory.java:1354)
	at org.springframework.beans.factory.support.AbstractAutowireCapableBeanFactory.createBeanInstance(AbstractAutowireCapableBeanFactory.java:1204)
	at org.springframework.beans.factory.support.AbstractAutowireCapableBeanFactory.doCreateBean(AbstractAutowireCapableBeanFactory.java:564)
	at org.springframework.beans.factory.support.AbstractAutowireCapableBeanFactory.createBean(AbstractAutowireCapableBeanFactory.java:524)
	at org.springframework.beans.factory.support.AbstractBeanFactory.lambda$doGetBean$0(AbstractBeanFactory.java:335)
	at org.springframework.beans.factory.support.DefaultSingletonBeanRegistry.getSingleton(DefaultSingletonBeanRegistry.java:234)
	at org.springframework.beans.factory.support.AbstractBeanFactory.doGetBean(AbstractBeanFactory.java:333)
	at org.springframework.beans.factory.support.AbstractBeanFactory.getBean(AbstractBeanFactory.java:208)
	at org.springframework.beans.factory.support.DefaultListableBeanFactory.preInstantiateSingletons(DefaultListableBeanFactory.java:944)
	at org.springframework.context.support.AbstractApplicationContext.finishBeanFactoryInitialization(AbstractApplicationContext.java:918)
	at org.springframework.context.support.AbstractApplicationContext.refresh(AbstractApplicationContext.java:583)
	at org.springframework.boot.SpringApplication.refresh(SpringApplication.java:782)
	at org.springframework.boot.SpringApplication.refresh(SpringApplication.java:774)
	at org.springframework.boot.SpringApplication.refreshContext(SpringApplication.java:439)
	at org.springframework.boot.SpringApplication.run(SpringApplication.java:339)
	at org.springframework.boot.test.context.SpringBootContextLoader.loadContext(SpringBootContextLoader.java:123)
	at org.springframework.test.context.cache.DefaultCacheAwareContextLoaderDelegate.loadContextInternal(DefaultCacheAwareContextLoaderDelegate.java:99)
	at org.springframework.test.context.cache.DefaultCacheAwareContextLoaderDelegate.loadContext(DefaultCacheAwareContextLoaderDelegate.java:124)
	... 67 common frames omitted
Caused by: org.springframework.beans.factory.NoSuchBeanDefinitionException: No qualifying bean of type 'ru.geekbrains.book.market.repositories.CartItemRepository' available: expected at least 1 bean which qualifies as autowire candidate. Dependency annotations: {}
	at org.springframework.beans.factory.support.DefaultListableBeanFactory.raiseNoMatchingBeanFound(DefaultListableBeanFactory.java:1790)
	at org.springframework.beans.factory.support.DefaultListableBeanFactory.doResolveDependency(DefaultListableBeanFactory.java:1346)
	at org.springframework.beans.factory.support.DefaultListableBeanFactory.resolveDependency(DefaultListableBeanFactory.java:1300)
	at org.springframework.beans.factory.support.ConstructorResolver.resolveAutowiredArgument(ConstructorResolver.java:887)
	at org.springframework.beans.factory.support.ConstructorResolver.createArgumentArray(ConstructorResolver.java:791)
	... 86 common frames omitted
05-06-2021 08:33:58.608 [main] INFO  r.g.book.market.CartItemTest.logStarting - Starting CartItemTest using Java 15.0.1 on PC with PID 14624 (started by Андрей in D:\2021\Java\book-market\book_market)
05-06-2021 08:33:58.608 [main] INFO  r.g.book.market.CartItemTest.logStartupProfileInfo - The following profiles are active: test
05-06-2021 08:33:58.628 [main] DEBUG o.s.w.c.s.GenericWebApplicationContext.prepareRefresh - Refreshing org.springframework.web.context.support.GenericWebApplicationContext@70ab80e3
05-06-2021 08:33:58.701 [main] INFO  r.g.book.market.CartItemTest.logStarted - Started CartItemTest in 0.308 seconds (JVM running for 0.941)
05-06-2021 08:33:58.732 [main] ERROR o.s.test.context.TestContextManager.prepareTestInstance - Caught exception while allowing TestExecutionListener [org.springframework.boot.test.autoconfigure.SpringBootDependencyInjectionTestExecutionListener@1bae316d] to prepare test instance [ru.geekbrains.book.market.CartItemTest@5173200b]
org.springframework.beans.factory.UnsatisfiedDependencyException: Error creating bean with name 'ru.geekbrains.book.market.CartItemTest': Unsatisfied dependency expressed through field 'cartItemRepository'; nested exception is org.springframework.beans.factory.NoSuchBeanDefinitionException: No qualifying bean of type 'ru.geekbrains.book.market.repositories.CartItemRepository' available: expected at least 1 bean which qualifies as autowire candidate. Dependency annotations: {@org.springframework.beans.factory.annotation.Autowired(required=true)}
	at org.springframework.beans.factory.annotation.AutowiredAnnotationBeanPostProcessor$AutowiredFieldElement.resolveFieldValue(AutowiredAnnotationBeanPostProcessor.java:660)
	at org.springframework.beans.factory.annotation.AutowiredAnnotationBeanPostProcessor$AutowiredFieldElement.inject(AutowiredAnnotationBeanPostProcessor.java:640)
	at org.springframework.beans.factory.annotation.InjectionMetadata.inject(InjectionMetadata.java:119)
	at org.springframework.beans.factory.annotation.AutowiredAnnotationBeanPostProcessor.postProcessProperties(AutowiredAnnotationBeanPostProcessor.java:399)
	at org.springframework.beans.factory.support.AbstractAutowireCapableBeanFactory.populateBean(AbstractAutowireCapableBeanFactory.java:1413)
	at org.springframework.beans.factory.support.AbstractAutowireCapableBeanFactory.autowireBeanProperties(AbstractAutowireCapableBeanFactory.java:399)
	at org.springframework.test.context.support.DependencyInjectionTestExecutionListener.injectDependencies(DependencyInjectionTestExecutionListener.java:119)
	at org.springframework.test.context.support.DependencyInjectionTestExecutionListener.prepareTestInstance(DependencyInjectionTestExecutionListener.java:83)
	at org.springframework.boot.test.autoconfigure.SpringBootDependencyInjectionTestExecutionListener.prepareTestInstance(SpringBootDependencyInjectionTestExecutionListener.java:43)
	at org.springframework.test.context.TestContextManager.prepareTestInstance(TestContextManager.java:244)
	at org.springframework.test.context.junit.jupiter.SpringExtension.postProcessTestInstance(SpringExtension.java:138)
	at org.junit.jupiter.engine.descriptor.ClassBasedTestDescriptor.lambda$invokeTestInstancePostProcessors$6(ClassBasedTestDescriptor.java:350)
	at org.junit.jupiter.engine.descriptor.ClassBasedTestDescriptor.executeAndMaskThrowable(ClassBasedTestDescriptor.java:355)
	at org.junit.jupiter.engine.descriptor.ClassBasedTestDescriptor.lambda$invokeTestInstancePostProcessors$7(ClassBasedTestDescriptor.java:350)
	at java.base/java.util.stream.ReferencePipeline$3$1.accept(ReferencePipeline.java:195)
	at java.base/java.util.stream.ReferencePipeline$2$1.accept(ReferencePipeline.java:177)
	at java.base/java.util.ArrayList$ArrayListSpliterator.forEachRemaining(ArrayList.java:1625)
	at java.base/java.util.stream.AbstractPipeline.copyInto(AbstractPipeline.java:484)
	at java.base/java.util.stream.AbstractPipeline.wrapAndCopyInto(AbstractPipeline.java:474)
	at java.base/java.util.stream.StreamSpliterators$WrappingSpliterator.forEachRemaining(StreamSpliterators.java:312)
	at java.base/java.util.stream.Streams$ConcatSpliterator.forEachRemaining(Streams.java:735)
	at java.base/java.util.stream.Streams$ConcatSpliterator.forEachRemaining(Streams.java:734)
	at java.base/java.util.stream.ReferencePipeline$Head.forEach(ReferencePipeline.java:658)
	at org.junit.jupiter.engine.descriptor.ClassBasedTestDescriptor.invokeTestInstancePostProcessors(ClassBasedTestDescriptor.java:349)
	at org.junit.jupiter.engine.descriptor.ClassBasedTestDescriptor.lambda$instantiateAndPostProcessTestInstance$4(ClassBasedTestDescriptor.java:270)
	at org.junit.platform.engine.support.hierarchical.ThrowableCollector.execute(ThrowableCollector.java:73)
	at org.junit.jupiter.engine.descriptor.ClassBasedTestDescriptor.instantiateAndPostProcessTestInstance(ClassBasedTestDescriptor.java:269)
	at org.junit.jupiter.engine.descriptor.ClassBasedTestDescriptor.lambda$testInstancesProvider$2(ClassBasedTestDescriptor.java:259)
	at java.base/java.util.Optional.orElseGet(Optional.java:362)
	at org.junit.jupiter.engine.descriptor.ClassBasedTestDescriptor.lambda$testInstancesProvider$3(ClassBasedTestDescriptor.java:258)
	at org.junit.jupiter.engine.execution.TestInstancesProvider.getTestInstances(TestInstancesProvider.java:31)
	at org.junit.jupiter.engine.descriptor.TestMethodTestDescriptor.lambda$prepare$0(TestMethodTestDescriptor.java:101)
	at org.junit.platform.engine.support.hierarchical.ThrowableCollector.execute(ThrowableCollector.java:73)
	at org.junit.jupiter.engine.descriptor.TestMethodTestDescriptor.prepare(TestMethodTestDescriptor.java:100)
	at org.junit.jupiter.engine.descriptor.TestMethodTestDescriptor.prepare(TestMethodTestDescriptor.java:65)
	at org.junit.platform.engine.support.hierarchical.NodeTestTask.lambda$prepare$1(NodeTestTask.java:111)
	at org.junit.platform.engine.support.hierarchical.ThrowableCollector.execute(ThrowableCollector.java:73)
	at org.junit.platform.engine.support.hierarchical.NodeTestTask.prepare(NodeTestTask.java:111)
	at org.junit.platform.engine.support.hierarchical.NodeTestTask.execute(NodeTestTask.java:79)
	at java.base/java.util.ArrayList.forEach(ArrayList.java:1511)
	at org.junit.platform.engine.support.hierarchical.SameThreadHierarchicalTestExecutorService.invokeAll(SameThreadHierarchicalTestExecutorService.java:38)
	at org.junit.platform.engine.support.hierarchical.NodeTestTask.lambda$executeRecursively$5(NodeTestTask.java:143)
	at org.junit.platform.engine.support.hierarchical.ThrowableCollector.execute(ThrowableCollector.java:73)
	at org.junit.platform.engine.support.hierarchical.NodeTestTask.lambda$executeRecursively$7(NodeTestTask.java:129)
	at org.junit.platform.engine.support.hierarchical.Node.around(Node.java:137)
	at org.junit.platform.engine.support.hierarchical.NodeTestTask.lambda$executeRecursively$8(NodeTestTask.java:127)
	at org.junit.platform.engine.support.hierarchical.ThrowableCollector.execute(ThrowableCollector.java:73)
	at org.junit.platform.engine.support.hierarchical.NodeTestTask.executeRecursively(NodeTestTask.java:126)
	at org.junit.platform.engine.support.hierarchical.NodeTestTask.execute(NodeTestTask.java:84)
	at java.base/java.util.ArrayList.forEach(ArrayList.java:1511)
	at org.junit.platform.engine.support.hierarchical.SameThreadHierarchicalTestExecutorService.invokeAll(SameThreadHierarchicalTestExecutorService.java:38)
	at org.junit.platform.engine.support.hierarchical.NodeTestTask.lambda$executeRecursively$5(NodeTestTask.java:143)
	at org.junit.platform.engine.support.hierarchical.ThrowableCollector.execute(ThrowableCollector.java:73)
	at org.junit.platform.engine.support.hierarchical.NodeTestTask.lambda$executeRecursively$7(NodeTestTask.java:129)
	at org.junit.platform.engine.support.hierarchical.Node.around(Node.java:137)
	at org.junit.platform.engine.support.hierarchical.NodeTestTask.lambda$executeRecursively$8(NodeTestTask.java:127)
	at org.junit.platform.engine.support.hierarchical.ThrowableCollector.execute(ThrowableCollector.java:73)
	at org.junit.platform.engine.support.hierarchical.NodeTestTask.executeRecursively(NodeTestTask.java:126)
	at org.junit.platform.engine.support.hierarchical.NodeTestTask.execute(NodeTestTask.java:84)
	at org.junit.platform.engine.support.hierarchical.SameThreadHierarchicalTestExecutorService.submit(SameThreadHierarchicalTestExecutorService.java:32)
	at org.junit.platform.engine.support.hierarchical.HierarchicalTestExecutor.execute(HierarchicalTestExecutor.java:57)
	at org.junit.platform.engine.support.hierarchical.HierarchicalTestEngine.execute(HierarchicalTestEngine.java:51)
	at org.junit.platform.launcher.core.EngineExecutionOrchestrator.execute(EngineExecutionOrchestrator.java:108)
	at org.junit.platform.launcher.core.EngineExecutionOrchestrator.execute(EngineExecutionOrchestrator.java:88)
	at org.junit.platform.launcher.core.EngineExecutionOrchestrator.lambda$execute$0(EngineExecutionOrchestrator.java:54)
	at org.junit.platform.launcher.core.EngineExecutionOrchestrator.withInterceptedStreams(EngineExecutionOrchestrator.java:67)
	at org.junit.platform.launcher.core.EngineExecutionOrchestrator.execute(EngineExecutionOrchestrator.java:52)
	at org.junit.platform.launcher.core.DefaultLauncher.execute(DefaultLauncher.java:96)
	at org.junit.platform.launcher.core.DefaultLauncher.execute(DefaultLauncher.java:75)
	at com.intellij.junit5.JUnit5IdeaTestRunner.startRunnerWithArgs(JUnit5IdeaTestRunner.java:71)
	at com.intellij.rt.junit.IdeaTestRunner$Repeater.startRunnerWithArgs(IdeaTestRunner.java:33)
	at com.intellij.rt.junit.JUnitStarter.prepareStreamsAndStart(JUnitStarter.java:220)
	at com.intellij.rt.junit.JUnitStarter.main(JUnitStarter.java:53)
Caused by: org.springframework.beans.factory.NoSuchBeanDefinitionException: No qualifying bean of type 'ru.geekbrains.book.market.repositories.CartItemRepository' available: expected at least 1 bean which qualifies as autowire candidate. Dependency annotations: {@org.springframework.beans.factory.annotation.Autowired(required=true)}
	at org.springframework.beans.factory.support.DefaultListableBeanFactory.raiseNoMatchingBeanFound(DefaultListableBeanFactory.java:1790)
	at org.springframework.beans.factory.support.DefaultListableBeanFactory.doResolveDependency(DefaultListableBeanFactory.java:1346)
	at org.springframework.beans.factory.support.DefaultListableBeanFactory.resolveDependency(DefaultListableBeanFactory.java:1300)
	at org.springframework.beans.factory.annotation.AutowiredAnnotationBeanPostProcessor$AutowiredFieldElement.resolveFieldValue(AutowiredAnnotationBeanPostProcessor.java:657)
	... 72 common frames omitted
05-06-2021 08:33:58.747 [SpringContextShutdownHook] DEBUG o.s.w.c.s.GenericWebApplicationContext.doClose - Closing org.springframework.web.context.support.GenericWebApplicationContext@70ab80e3, started on Sat Jun 05 08:33:58 MSK 2021
05-06-2021 08:36:49.920 [main] INFO  r.g.book.market.CartItemTest.logStarting - Starting CartItemTest using Java 15.0.1 on PC with PID 5232 (started by Андрей in D:\2021\Java\book-market\book_market)
05-06-2021 08:36:49.920 [main] INFO  r.g.book.market.CartItemTest.logStartupProfileInfo - The following profiles are active: test
05-06-2021 08:36:49.935 [main] DEBUG o.s.w.c.s.GenericWebApplicationContext.prepareRefresh - Refreshing org.springframework.web.context.support.GenericWebApplicationContext@70ab80e3
05-06-2021 08:36:50.002 [main] WARN  o.s.w.c.s.GenericWebApplicationContext.refresh - Exception encountered during context initialization - cancelling refresh attempt: org.springframework.beans.factory.UnsatisfiedDependencyException: Error creating bean with name 'cartItemService': Unsatisfied dependency expressed through constructor parameter 0; nested exception is org.springframework.beans.factory.NoSuchBeanDefinitionException: No qualifying bean of type 'ru.geekbrains.book.market.repositories.CartItemRepository' available: expected at least 1 bean which qualifies as autowire candidate. Dependency annotations: {}
05-06-2021 08:36:50.033 [main] ERROR o.s.b.d.LoggingFailureAnalysisReporter.report - 

***************************
APPLICATION FAILED TO START
***************************

Description:

Parameter 0 of constructor in ru.geekbrains.book.market.services.CartItemService required a bean of type 'ru.geekbrains.book.market.repositories.CartItemRepository' that could not be found.


Action:

Consider defining a bean of type 'ru.geekbrains.book.market.repositories.CartItemRepository' in your configuration.

05-06-2021 08:36:50.033 [main] ERROR o.s.test.context.TestContextManager.prepareTestInstance - Caught exception while allowing TestExecutionListener [org.springframework.test.context.web.ServletTestExecutionListener@b978d10] to prepare test instance [ru.geekbrains.book.market.CartItemTest@61e45f87]
java.lang.IllegalStateException: Failed to load ApplicationContext
	at org.springframework.test.context.cache.DefaultCacheAwareContextLoaderDelegate.loadContext(DefaultCacheAwareContextLoaderDelegate.java:132)
	at org.springframework.test.context.support.DefaultTestContext.getApplicationContext(DefaultTestContext.java:124)
	at org.springframework.test.context.web.ServletTestExecutionListener.setUpRequestContextIfNecessary(ServletTestExecutionListener.java:190)
	at org.springframework.test.context.web.ServletTestExecutionListener.prepareTestInstance(ServletTestExecutionListener.java:132)
	at org.springframework.test.context.TestContextManager.prepareTestInstance(TestContextManager.java:244)
	at org.springframework.test.context.junit.jupiter.SpringExtension.postProcessTestInstance(SpringExtension.java:138)
	at org.junit.jupiter.engine.descriptor.ClassBasedTestDescriptor.lambda$invokeTestInstancePostProcessors$6(ClassBasedTestDescriptor.java:350)
	at org.junit.jupiter.engine.descriptor.ClassBasedTestDescriptor.executeAndMaskThrowable(ClassBasedTestDescriptor.java:355)
	at org.junit.jupiter.engine.descriptor.ClassBasedTestDescriptor.lambda$invokeTestInstancePostProcessors$7(ClassBasedTestDescriptor.java:350)
	at java.base/java.util.stream.ReferencePipeline$3$1.accept(ReferencePipeline.java:195)
	at java.base/java.util.stream.ReferencePipeline$2$1.accept(ReferencePipeline.java:177)
	at java.base/java.util.ArrayList$ArrayListSpliterator.forEachRemaining(ArrayList.java:1625)
	at java.base/java.util.stream.AbstractPipeline.copyInto(AbstractPipeline.java:484)
	at java.base/java.util.stream.AbstractPipeline.wrapAndCopyInto(AbstractPipeline.java:474)
	at java.base/java.util.stream.StreamSpliterators$WrappingSpliterator.forEachRemaining(StreamSpliterators.java:312)
	at java.base/java.util.stream.Streams$ConcatSpliterator.forEachRemaining(Streams.java:735)
	at java.base/java.util.stream.Streams$ConcatSpliterator.forEachRemaining(Streams.java:734)
	at java.base/java.util.stream.ReferencePipeline$Head.forEach(ReferencePipeline.java:658)
	at org.junit.jupiter.engine.descriptor.ClassBasedTestDescriptor.invokeTestInstancePostProcessors(ClassBasedTestDescriptor.java:349)
	at org.junit.jupiter.engine.descriptor.ClassBasedTestDescriptor.lambda$instantiateAndPostProcessTestInstance$4(ClassBasedTestDescriptor.java:270)
	at org.junit.platform.engine.support.hierarchical.ThrowableCollector.execute(ThrowableCollector.java:73)
	at org.junit.jupiter.engine.descriptor.ClassBasedTestDescriptor.instantiateAndPostProcessTestInstance(ClassBasedTestDescriptor.java:269)
	at org.junit.jupiter.engine.descriptor.ClassBasedTestDescriptor.lambda$testInstancesProvider$2(ClassBasedTestDescriptor.java:259)
	at java.base/java.util.Optional.orElseGet(Optional.java:362)
	at org.junit.jupiter.engine.descriptor.ClassBasedTestDescriptor.lambda$testInstancesProvider$3(ClassBasedTestDescriptor.java:258)
	at org.junit.jupiter.engine.execution.TestInstancesProvider.getTestInstances(TestInstancesProvider.java:31)
	at org.junit.jupiter.engine.descriptor.TestMethodTestDescriptor.lambda$prepare$0(TestMethodTestDescriptor.java:101)
	at org.junit.platform.engine.support.hierarchical.ThrowableCollector.execute(ThrowableCollector.java:73)
	at org.junit.jupiter.engine.descriptor.TestMethodTestDescriptor.prepare(TestMethodTestDescriptor.java:100)
	at org.junit.jupiter.engine.descriptor.TestMethodTestDescriptor.prepare(TestMethodTestDescriptor.java:65)
	at org.junit.platform.engine.support.hierarchical.NodeTestTask.lambda$prepare$1(NodeTestTask.java:111)
	at org.junit.platform.engine.support.hierarchical.ThrowableCollector.execute(ThrowableCollector.java:73)
	at org.junit.platform.engine.support.hierarchical.NodeTestTask.prepare(NodeTestTask.java:111)
	at org.junit.platform.engine.support.hierarchical.NodeTestTask.execute(NodeTestTask.java:79)
	at java.base/java.util.ArrayList.forEach(ArrayList.java:1511)
	at org.junit.platform.engine.support.hierarchical.SameThreadHierarchicalTestExecutorService.invokeAll(SameThreadHierarchicalTestExecutorService.java:38)
	at org.junit.platform.engine.support.hierarchical.NodeTestTask.lambda$executeRecursively$5(NodeTestTask.java:143)
	at org.junit.platform.engine.support.hierarchical.ThrowableCollector.execute(ThrowableCollector.java:73)
	at org.junit.platform.engine.support.hierarchical.NodeTestTask.lambda$executeRecursively$7(NodeTestTask.java:129)
	at org.junit.platform.engine.support.hierarchical.Node.around(Node.java:137)
	at org.junit.platform.engine.support.hierarchical.NodeTestTask.lambda$executeRecursively$8(NodeTestTask.java:127)
	at org.junit.platform.engine.support.hierarchical.ThrowableCollector.execute(ThrowableCollector.java:73)
	at org.junit.platform.engine.support.hierarchical.NodeTestTask.executeRecursively(NodeTestTask.java:126)
	at org.junit.platform.engine.support.hierarchical.NodeTestTask.execute(NodeTestTask.java:84)
	at java.base/java.util.ArrayList.forEach(ArrayList.java:1511)
	at org.junit.platform.engine.support.hierarchical.SameThreadHierarchicalTestExecutorService.invokeAll(SameThreadHierarchicalTestExecutorService.java:38)
	at org.junit.platform.engine.support.hierarchical.NodeTestTask.lambda$executeRecursively$5(NodeTestTask.java:143)
	at org.junit.platform.engine.support.hierarchical.ThrowableCollector.execute(ThrowableCollector.java:73)
	at org.junit.platform.engine.support.hierarchical.NodeTestTask.lambda$executeRecursively$7(NodeTestTask.java:129)
	at org.junit.platform.engine.support.hierarchical.Node.around(Node.java:137)
	at org.junit.platform.engine.support.hierarchical.NodeTestTask.lambda$executeRecursively$8(NodeTestTask.java:127)
	at org.junit.platform.engine.support.hierarchical.ThrowableCollector.execute(ThrowableCollector.java:73)
	at org.junit.platform.engine.support.hierarchical.NodeTestTask.executeRecursively(NodeTestTask.java:126)
	at org.junit.platform.engine.support.hierarchical.NodeTestTask.execute(NodeTestTask.java:84)
	at org.junit.platform.engine.support.hierarchical.SameThreadHierarchicalTestExecutorService.submit(SameThreadHierarchicalTestExecutorService.java:32)
	at org.junit.platform.engine.support.hierarchical.HierarchicalTestExecutor.execute(HierarchicalTestExecutor.java:57)
	at org.junit.platform.engine.support.hierarchical.HierarchicalTestEngine.execute(HierarchicalTestEngine.java:51)
	at org.junit.platform.launcher.core.EngineExecutionOrchestrator.execute(EngineExecutionOrchestrator.java:108)
	at org.junit.platform.launcher.core.EngineExecutionOrchestrator.execute(EngineExecutionOrchestrator.java:88)
	at org.junit.platform.launcher.core.EngineExecutionOrchestrator.lambda$execute$0(EngineExecutionOrchestrator.java:54)
	at org.junit.platform.launcher.core.EngineExecutionOrchestrator.withInterceptedStreams(EngineExecutionOrchestrator.java:67)
	at org.junit.platform.launcher.core.EngineExecutionOrchestrator.execute(EngineExecutionOrchestrator.java:52)
	at org.junit.platform.launcher.core.DefaultLauncher.execute(DefaultLauncher.java:96)
	at org.junit.platform.launcher.core.DefaultLauncher.execute(DefaultLauncher.java:75)
	at com.intellij.junit5.JUnit5IdeaTestRunner.startRunnerWithArgs(JUnit5IdeaTestRunner.java:71)
	at com.intellij.rt.junit.IdeaTestRunner$Repeater.startRunnerWithArgs(IdeaTestRunner.java:33)
	at com.intellij.rt.junit.JUnitStarter.prepareStreamsAndStart(JUnitStarter.java:220)
	at com.intellij.rt.junit.JUnitStarter.main(JUnitStarter.java:53)
Caused by: org.springframework.beans.factory.UnsatisfiedDependencyException: Error creating bean with name 'cartItemService': Unsatisfied dependency expressed through constructor parameter 0; nested exception is org.springframework.beans.factory.NoSuchBeanDefinitionException: No qualifying bean of type 'ru.geekbrains.book.market.repositories.CartItemRepository' available: expected at least 1 bean which qualifies as autowire candidate. Dependency annotations: {}
	at org.springframework.beans.factory.support.ConstructorResolver.createArgumentArray(ConstructorResolver.java:800)
	at org.springframework.beans.factory.support.ConstructorResolver.autowireConstructor(ConstructorResolver.java:229)
	at org.springframework.beans.factory.support.AbstractAutowireCapableBeanFactory.autowireConstructor(AbstractAutowireCapableBeanFactory.java:1354)
	at org.springframework.beans.factory.support.AbstractAutowireCapableBeanFactory.createBeanInstance(AbstractAutowireCapableBeanFactory.java:1204)
	at org.springframework.beans.factory.support.AbstractAutowireCapableBeanFactory.doCreateBean(AbstractAutowireCapableBeanFactory.java:564)
	at org.springframework.beans.factory.support.AbstractAutowireCapableBeanFactory.createBean(AbstractAutowireCapableBeanFactory.java:524)
	at org.springframework.beans.factory.support.AbstractBeanFactory.lambda$doGetBean$0(AbstractBeanFactory.java:335)
	at org.springframework.beans.factory.support.DefaultSingletonBeanRegistry.getSingleton(DefaultSingletonBeanRegistry.java:234)
	at org.springframework.beans.factory.support.AbstractBeanFactory.doGetBean(AbstractBeanFactory.java:333)
	at org.springframework.beans.factory.support.AbstractBeanFactory.getBean(AbstractBeanFactory.java:208)
	at org.springframework.beans.factory.support.DefaultListableBeanFactory.preInstantiateSingletons(DefaultListableBeanFactory.java:944)
	at org.springframework.context.support.AbstractApplicationContext.finishBeanFactoryInitialization(AbstractApplicationContext.java:918)
	at org.springframework.context.support.AbstractApplicationContext.refresh(AbstractApplicationContext.java:583)
	at org.springframework.boot.SpringApplication.refresh(SpringApplication.java:782)
	at org.springframework.boot.SpringApplication.refresh(SpringApplication.java:774)
	at org.springframework.boot.SpringApplication.refreshContext(SpringApplication.java:439)
	at org.springframework.boot.SpringApplication.run(SpringApplication.java:339)
	at org.springframework.boot.test.context.SpringBootContextLoader.loadContext(SpringBootContextLoader.java:123)
	at org.springframework.test.context.cache.DefaultCacheAwareContextLoaderDelegate.loadContextInternal(DefaultCacheAwareContextLoaderDelegate.java:99)
	at org.springframework.test.context.cache.DefaultCacheAwareContextLoaderDelegate.loadContext(DefaultCacheAwareContextLoaderDelegate.java:124)
	... 67 common frames omitted
Caused by: org.springframework.beans.factory.NoSuchBeanDefinitionException: No qualifying bean of type 'ru.geekbrains.book.market.repositories.CartItemRepository' available: expected at least 1 bean which qualifies as autowire candidate. Dependency annotations: {}
	at org.springframework.beans.factory.support.DefaultListableBeanFactory.raiseNoMatchingBeanFound(DefaultListableBeanFactory.java:1790)
	at org.springframework.beans.factory.support.DefaultListableBeanFactory.doResolveDependency(DefaultListableBeanFactory.java:1346)
	at org.springframework.beans.factory.support.DefaultListableBeanFactory.resolveDependency(DefaultListableBeanFactory.java:1300)
	at org.springframework.beans.factory.support.ConstructorResolver.resolveAutowiredArgument(ConstructorResolver.java:887)
	at org.springframework.beans.factory.support.ConstructorResolver.createArgumentArray(ConstructorResolver.java:791)
	... 86 common frames omitted
05-06-2021 08:41:50.847 [main] INFO  r.g.book.market.CartItemTest.logStarting - Starting CartItemTest using Java 15.0.1 on PC with PID 13664 (started by Андрей in D:\2021\Java\book-market\book_market)
05-06-2021 08:41:50.847 [main] INFO  r.g.book.market.CartItemTest.logStartupProfileInfo - The following profiles are active: test
05-06-2021 08:41:50.872 [main] DEBUG o.s.w.c.s.GenericWebApplicationContext.prepareRefresh - Refreshing org.springframework.web.context.support.GenericWebApplicationContext@1f130eaf
05-06-2021 08:41:51.298 [main] WARN  o.s.w.c.s.GenericWebApplicationContext.refresh - Exception encountered during context initialization - cancelling refresh attempt: org.springframework.beans.factory.UnsatisfiedDependencyException: Error creating bean with name 'cartItemService': Unsatisfied dependency expressed through constructor parameter 1; nested exception is org.springframework.beans.factory.NoSuchBeanDefinitionException: No qualifying bean of type 'ru.geekbrains.book.market.services.BookService' available: expected at least 1 bean which qualifies as autowire candidate. Dependency annotations: {}
05-06-2021 08:41:51.313 [main] ERROR o.s.b.d.LoggingFailureAnalysisReporter.report - 

***************************
APPLICATION FAILED TO START
***************************

Description:

Parameter 1 of constructor in ru.geekbrains.book.market.services.CartItemService required a bean of type 'ru.geekbrains.book.market.services.BookService' that could not be found.


Action:

Consider defining a bean of type 'ru.geekbrains.book.market.services.BookService' in your configuration.

05-06-2021 08:41:51.313 [main] ERROR o.s.test.context.TestContextManager.prepareTestInstance - Caught exception while allowing TestExecutionListener [org.springframework.test.context.web.ServletTestExecutionListener@d278d2b] to prepare test instance [ru.geekbrains.book.market.CartItemTest@3ba46e63]
java.lang.IllegalStateException: Failed to load ApplicationContext
	at org.springframework.test.context.cache.DefaultCacheAwareContextLoaderDelegate.loadContext(DefaultCacheAwareContextLoaderDelegate.java:132)
	at org.springframework.test.context.support.DefaultTestContext.getApplicationContext(DefaultTestContext.java:124)
	at org.springframework.test.context.web.ServletTestExecutionListener.setUpRequestContextIfNecessary(ServletTestExecutionListener.java:190)
	at org.springframework.test.context.web.ServletTestExecutionListener.prepareTestInstance(ServletTestExecutionListener.java:132)
	at org.springframework.test.context.TestContextManager.prepareTestInstance(TestContextManager.java:244)
	at org.springframework.test.context.junit.jupiter.SpringExtension.postProcessTestInstance(SpringExtension.java:138)
	at org.junit.jupiter.engine.descriptor.ClassBasedTestDescriptor.lambda$invokeTestInstancePostProcessors$6(ClassBasedTestDescriptor.java:350)
	at org.junit.jupiter.engine.descriptor.ClassBasedTestDescriptor.executeAndMaskThrowable(ClassBasedTestDescriptor.java:355)
	at org.junit.jupiter.engine.descriptor.ClassBasedTestDescriptor.lambda$invokeTestInstancePostProcessors$7(ClassBasedTestDescriptor.java:350)
	at java.base/java.util.stream.ReferencePipeline$3$1.accept(ReferencePipeline.java:195)
	at java.base/java.util.stream.ReferencePipeline$2$1.accept(ReferencePipeline.java:177)
	at java.base/java.util.ArrayList$ArrayListSpliterator.forEachRemaining(ArrayList.java:1625)
	at java.base/java.util.stream.AbstractPipeline.copyInto(AbstractPipeline.java:484)
	at java.base/java.util.stream.AbstractPipeline.wrapAndCopyInto(AbstractPipeline.java:474)
	at java.base/java.util.stream.StreamSpliterators$WrappingSpliterator.forEachRemaining(StreamSpliterators.java:312)
	at java.base/java.util.stream.Streams$ConcatSpliterator.forEachRemaining(Streams.java:735)
	at java.base/java.util.stream.Streams$ConcatSpliterator.forEachRemaining(Streams.java:734)
	at java.base/java.util.stream.ReferencePipeline$Head.forEach(ReferencePipeline.java:658)
	at org.junit.jupiter.engine.descriptor.ClassBasedTestDescriptor.invokeTestInstancePostProcessors(ClassBasedTestDescriptor.java:349)
	at org.junit.jupiter.engine.descriptor.ClassBasedTestDescriptor.lambda$instantiateAndPostProcessTestInstance$4(ClassBasedTestDescriptor.java:270)
	at org.junit.platform.engine.support.hierarchical.ThrowableCollector.execute(ThrowableCollector.java:73)
	at org.junit.jupiter.engine.descriptor.ClassBasedTestDescriptor.instantiateAndPostProcessTestInstance(ClassBasedTestDescriptor.java:269)
	at org.junit.jupiter.engine.descriptor.ClassBasedTestDescriptor.lambda$testInstancesProvider$2(ClassBasedTestDescriptor.java:259)
	at java.base/java.util.Optional.orElseGet(Optional.java:362)
	at org.junit.jupiter.engine.descriptor.ClassBasedTestDescriptor.lambda$testInstancesProvider$3(ClassBasedTestDescriptor.java:258)
	at org.junit.jupiter.engine.execution.TestInstancesProvider.getTestInstances(TestInstancesProvider.java:31)
	at org.junit.jupiter.engine.descriptor.TestMethodTestDescriptor.lambda$prepare$0(TestMethodTestDescriptor.java:101)
	at org.junit.platform.engine.support.hierarchical.ThrowableCollector.execute(ThrowableCollector.java:73)
	at org.junit.jupiter.engine.descriptor.TestMethodTestDescriptor.prepare(TestMethodTestDescriptor.java:100)
	at org.junit.jupiter.engine.descriptor.TestMethodTestDescriptor.prepare(TestMethodTestDescriptor.java:65)
	at org.junit.platform.engine.support.hierarchical.NodeTestTask.lambda$prepare$1(NodeTestTask.java:111)
	at org.junit.platform.engine.support.hierarchical.ThrowableCollector.execute(ThrowableCollector.java:73)
	at org.junit.platform.engine.support.hierarchical.NodeTestTask.prepare(NodeTestTask.java:111)
	at org.junit.platform.engine.support.hierarchical.NodeTestTask.execute(NodeTestTask.java:79)
	at java.base/java.util.ArrayList.forEach(ArrayList.java:1511)
	at org.junit.platform.engine.support.hierarchical.SameThreadHierarchicalTestExecutorService.invokeAll(SameThreadHierarchicalTestExecutorService.java:38)
	at org.junit.platform.engine.support.hierarchical.NodeTestTask.lambda$executeRecursively$5(NodeTestTask.java:143)
	at org.junit.platform.engine.support.hierarchical.ThrowableCollector.execute(ThrowableCollector.java:73)
	at org.junit.platform.engine.support.hierarchical.NodeTestTask.lambda$executeRecursively$7(NodeTestTask.java:129)
	at org.junit.platform.engine.support.hierarchical.Node.around(Node.java:137)
	at org.junit.platform.engine.support.hierarchical.NodeTestTask.lambda$executeRecursively$8(NodeTestTask.java:127)
	at org.junit.platform.engine.support.hierarchical.ThrowableCollector.execute(ThrowableCollector.java:73)
	at org.junit.platform.engine.support.hierarchical.NodeTestTask.executeRecursively(NodeTestTask.java:126)
	at org.junit.platform.engine.support.hierarchical.NodeTestTask.execute(NodeTestTask.java:84)
	at java.base/java.util.ArrayList.forEach(ArrayList.java:1511)
	at org.junit.platform.engine.support.hierarchical.SameThreadHierarchicalTestExecutorService.invokeAll(SameThreadHierarchicalTestExecutorService.java:38)
	at org.junit.platform.engine.support.hierarchical.NodeTestTask.lambda$executeRecursively$5(NodeTestTask.java:143)
	at org.junit.platform.engine.support.hierarchical.ThrowableCollector.execute(ThrowableCollector.java:73)
	at org.junit.platform.engine.support.hierarchical.NodeTestTask.lambda$executeRecursively$7(NodeTestTask.java:129)
	at org.junit.platform.engine.support.hierarchical.Node.around(Node.java:137)
	at org.junit.platform.engine.support.hierarchical.NodeTestTask.lambda$executeRecursively$8(NodeTestTask.java:127)
	at org.junit.platform.engine.support.hierarchical.ThrowableCollector.execute(ThrowableCollector.java:73)
	at org.junit.platform.engine.support.hierarchical.NodeTestTask.executeRecursively(NodeTestTask.java:126)
	at org.junit.platform.engine.support.hierarchical.NodeTestTask.execute(NodeTestTask.java:84)
	at org.junit.platform.engine.support.hierarchical.SameThreadHierarchicalTestExecutorService.submit(SameThreadHierarchicalTestExecutorService.java:32)
	at org.junit.platform.engine.support.hierarchical.HierarchicalTestExecutor.execute(HierarchicalTestExecutor.java:57)
	at org.junit.platform.engine.support.hierarchical.HierarchicalTestEngine.execute(HierarchicalTestEngine.java:51)
	at org.junit.platform.launcher.core.EngineExecutionOrchestrator.execute(EngineExecutionOrchestrator.java:108)
	at org.junit.platform.launcher.core.EngineExecutionOrchestrator.execute(EngineExecutionOrchestrator.java:88)
	at org.junit.platform.launcher.core.EngineExecutionOrchestrator.lambda$execute$0(EngineExecutionOrchestrator.java:54)
	at org.junit.platform.launcher.core.EngineExecutionOrchestrator.withInterceptedStreams(EngineExecutionOrchestrator.java:67)
	at org.junit.platform.launcher.core.EngineExecutionOrchestrator.execute(EngineExecutionOrchestrator.java:52)
	at org.junit.platform.launcher.core.DefaultLauncher.execute(DefaultLauncher.java:96)
	at org.junit.platform.launcher.core.DefaultLauncher.execute(DefaultLauncher.java:75)
	at com.intellij.junit5.JUnit5IdeaTestRunner.startRunnerWithArgs(JUnit5IdeaTestRunner.java:71)
	at com.intellij.rt.junit.IdeaTestRunner$Repeater.startRunnerWithArgs(IdeaTestRunner.java:33)
	at com.intellij.rt.junit.JUnitStarter.prepareStreamsAndStart(JUnitStarter.java:220)
	at com.intellij.rt.junit.JUnitStarter.main(JUnitStarter.java:53)
Caused by: org.springframework.beans.factory.UnsatisfiedDependencyException: Error creating bean with name 'cartItemService': Unsatisfied dependency expressed through constructor parameter 1; nested exception is org.springframework.beans.factory.NoSuchBeanDefinitionException: No qualifying bean of type 'ru.geekbrains.book.market.services.BookService' available: expected at least 1 bean which qualifies as autowire candidate. Dependency annotations: {}
	at org.springframework.beans.factory.support.ConstructorResolver.createArgumentArray(ConstructorResolver.java:800)
	at org.springframework.beans.factory.support.ConstructorResolver.autowireConstructor(ConstructorResolver.java:229)
	at org.springframework.beans.factory.support.AbstractAutowireCapableBeanFactory.autowireConstructor(AbstractAutowireCapableBeanFactory.java:1354)
	at org.springframework.beans.factory.support.AbstractAutowireCapableBeanFactory.createBeanInstance(AbstractAutowireCapableBeanFactory.java:1204)
	at org.springframework.beans.factory.support.AbstractAutowireCapableBeanFactory.doCreateBean(AbstractAutowireCapableBeanFactory.java:564)
	at org.springframework.beans.factory.support.AbstractAutowireCapableBeanFactory.createBean(AbstractAutowireCapableBeanFactory.java:524)
	at org.springframework.beans.factory.support.AbstractBeanFactory.lambda$doGetBean$0(AbstractBeanFactory.java:335)
	at org.springframework.beans.factory.support.DefaultSingletonBeanRegistry.getSingleton(DefaultSingletonBeanRegistry.java:234)
	at org.springframework.beans.factory.support.AbstractBeanFactory.doGetBean(AbstractBeanFactory.java:333)
	at org.springframework.beans.factory.support.AbstractBeanFactory.getBean(AbstractBeanFactory.java:208)
	at org.springframework.beans.factory.support.DefaultListableBeanFactory.preInstantiateSingletons(DefaultListableBeanFactory.java:944)
	at org.springframework.context.support.AbstractApplicationContext.finishBeanFactoryInitialization(AbstractApplicationContext.java:918)
	at org.springframework.context.support.AbstractApplicationContext.refresh(AbstractApplicationContext.java:583)
	at org.springframework.boot.SpringApplication.refresh(SpringApplication.java:782)
	at org.springframework.boot.SpringApplication.refresh(SpringApplication.java:774)
	at org.springframework.boot.SpringApplication.refreshContext(SpringApplication.java:439)
	at org.springframework.boot.SpringApplication.run(SpringApplication.java:339)
	at org.springframework.boot.test.context.SpringBootContextLoader.loadContext(SpringBootContextLoader.java:123)
	at org.springframework.test.context.cache.DefaultCacheAwareContextLoaderDelegate.loadContextInternal(DefaultCacheAwareContextLoaderDelegate.java:99)
	at org.springframework.test.context.cache.DefaultCacheAwareContextLoaderDelegate.loadContext(DefaultCacheAwareContextLoaderDelegate.java:124)
	... 67 common frames omitted
Caused by: org.springframework.beans.factory.NoSuchBeanDefinitionException: No qualifying bean of type 'ru.geekbrains.book.market.services.BookService' available: expected at least 1 bean which qualifies as autowire candidate. Dependency annotations: {}
	at org.springframework.beans.factory.support.DefaultListableBeanFactory.raiseNoMatchingBeanFound(DefaultListableBeanFactory.java:1790)
	at org.springframework.beans.factory.support.DefaultListableBeanFactory.doResolveDependency(DefaultListableBeanFactory.java:1346)
	at org.springframework.beans.factory.support.DefaultListableBeanFactory.resolveDependency(DefaultListableBeanFactory.java:1300)
	at org.springframework.beans.factory.support.ConstructorResolver.resolveAutowiredArgument(ConstructorResolver.java:887)
	at org.springframework.beans.factory.support.ConstructorResolver.createArgumentArray(ConstructorResolver.java:791)
	... 86 common frames omitted
05-06-2021 08:45:20.224 [main] INFO  r.g.book.market.CartItemTest.logStarting - Starting CartItemTest using Java 15.0.1 on PC with PID 10640 (started by Андрей in D:\2021\Java\book-market\book_market)
05-06-2021 08:45:20.226 [main] INFO  r.g.book.market.CartItemTest.logStartupProfileInfo - The following profiles are active: test
05-06-2021 08:45:20.250 [main] DEBUG o.s.w.c.s.GenericWebApplicationContext.prepareRefresh - Refreshing org.springframework.web.context.support.GenericWebApplicationContext@1f130eaf
05-06-2021 08:45:20.604 [main] WARN  o.s.w.c.s.GenericWebApplicationContext.refresh - Exception encountered during context initialization - cancelling refresh attempt: org.springframework.beans.factory.UnsatisfiedDependencyException: Error creating bean with name 'cartItemService': Unsatisfied dependency expressed through constructor parameter 1; nested exception is org.springframework.beans.factory.NoSuchBeanDefinitionException: No qualifying bean of type 'ru.geekbrains.book.market.services.BookService' available: expected at least 1 bean which qualifies as autowire candidate. Dependency annotations: {}
05-06-2021 08:45:20.619 [main] ERROR o.s.b.d.LoggingFailureAnalysisReporter.report - 

***************************
APPLICATION FAILED TO START
***************************

Description:

Parameter 1 of constructor in ru.geekbrains.book.market.services.CartItemService required a bean of type 'ru.geekbrains.book.market.services.BookService' that could not be found.


Action:

Consider defining a bean of type 'ru.geekbrains.book.market.services.BookService' in your configuration.

05-06-2021 08:45:20.622 [main] ERROR o.s.test.context.TestContextManager.prepareTestInstance - Caught exception while allowing TestExecutionListener [org.springframework.test.context.web.ServletTestExecutionListener@d278d2b] to prepare test instance [ru.geekbrains.book.market.CartItemTest@3ba46e63]
java.lang.IllegalStateException: Failed to load ApplicationContext
	at org.springframework.test.context.cache.DefaultCacheAwareContextLoaderDelegate.loadContext(DefaultCacheAwareContextLoaderDelegate.java:132)
	at org.springframework.test.context.support.DefaultTestContext.getApplicationContext(DefaultTestContext.java:124)
	at org.springframework.test.context.web.ServletTestExecutionListener.setUpRequestContextIfNecessary(ServletTestExecutionListener.java:190)
	at org.springframework.test.context.web.ServletTestExecutionListener.prepareTestInstance(ServletTestExecutionListener.java:132)
	at org.springframework.test.context.TestContextManager.prepareTestInstance(TestContextManager.java:244)
	at org.springframework.test.context.junit.jupiter.SpringExtension.postProcessTestInstance(SpringExtension.java:138)
	at org.junit.jupiter.engine.descriptor.ClassBasedTestDescriptor.lambda$invokeTestInstancePostProcessors$6(ClassBasedTestDescriptor.java:350)
	at org.junit.jupiter.engine.descriptor.ClassBasedTestDescriptor.executeAndMaskThrowable(ClassBasedTestDescriptor.java:355)
	at org.junit.jupiter.engine.descriptor.ClassBasedTestDescriptor.lambda$invokeTestInstancePostProcessors$7(ClassBasedTestDescriptor.java:350)
	at java.base/java.util.stream.ReferencePipeline$3$1.accept(ReferencePipeline.java:195)
	at java.base/java.util.stream.ReferencePipeline$2$1.accept(ReferencePipeline.java:177)
	at java.base/java.util.ArrayList$ArrayListSpliterator.forEachRemaining(ArrayList.java:1625)
	at java.base/java.util.stream.AbstractPipeline.copyInto(AbstractPipeline.java:484)
	at java.base/java.util.stream.AbstractPipeline.wrapAndCopyInto(AbstractPipeline.java:474)
	at java.base/java.util.stream.StreamSpliterators$WrappingSpliterator.forEachRemaining(StreamSpliterators.java:312)
	at java.base/java.util.stream.Streams$ConcatSpliterator.forEachRemaining(Streams.java:735)
	at java.base/java.util.stream.Streams$ConcatSpliterator.forEachRemaining(Streams.java:734)
	at java.base/java.util.stream.ReferencePipeline$Head.forEach(ReferencePipeline.java:658)
	at org.junit.jupiter.engine.descriptor.ClassBasedTestDescriptor.invokeTestInstancePostProcessors(ClassBasedTestDescriptor.java:349)
	at org.junit.jupiter.engine.descriptor.ClassBasedTestDescriptor.lambda$instantiateAndPostProcessTestInstance$4(ClassBasedTestDescriptor.java:270)
	at org.junit.platform.engine.support.hierarchical.ThrowableCollector.execute(ThrowableCollector.java:73)
	at org.junit.jupiter.engine.descriptor.ClassBasedTestDescriptor.instantiateAndPostProcessTestInstance(ClassBasedTestDescriptor.java:269)
	at org.junit.jupiter.engine.descriptor.ClassBasedTestDescriptor.lambda$testInstancesProvider$2(ClassBasedTestDescriptor.java:259)
	at java.base/java.util.Optional.orElseGet(Optional.java:362)
	at org.junit.jupiter.engine.descriptor.ClassBasedTestDescriptor.lambda$testInstancesProvider$3(ClassBasedTestDescriptor.java:258)
	at org.junit.jupiter.engine.execution.TestInstancesProvider.getTestInstances(TestInstancesProvider.java:31)
	at org.junit.jupiter.engine.descriptor.TestMethodTestDescriptor.lambda$prepare$0(TestMethodTestDescriptor.java:101)
	at org.junit.platform.engine.support.hierarchical.ThrowableCollector.execute(ThrowableCollector.java:73)
	at org.junit.jupiter.engine.descriptor.TestMethodTestDescriptor.prepare(TestMethodTestDescriptor.java:100)
	at org.junit.jupiter.engine.descriptor.TestMethodTestDescriptor.prepare(TestMethodTestDescriptor.java:65)
	at org.junit.platform.engine.support.hierarchical.NodeTestTask.lambda$prepare$1(NodeTestTask.java:111)
	at org.junit.platform.engine.support.hierarchical.ThrowableCollector.execute(ThrowableCollector.java:73)
	at org.junit.platform.engine.support.hierarchical.NodeTestTask.prepare(NodeTestTask.java:111)
	at org.junit.platform.engine.support.hierarchical.NodeTestTask.execute(NodeTestTask.java:79)
	at java.base/java.util.ArrayList.forEach(ArrayList.java:1511)
	at org.junit.platform.engine.support.hierarchical.SameThreadHierarchicalTestExecutorService.invokeAll(SameThreadHierarchicalTestExecutorService.java:38)
	at org.junit.platform.engine.support.hierarchical.NodeTestTask.lambda$executeRecursively$5(NodeTestTask.java:143)
	at org.junit.platform.engine.support.hierarchical.ThrowableCollector.execute(ThrowableCollector.java:73)
	at org.junit.platform.engine.support.hierarchical.NodeTestTask.lambda$executeRecursively$7(NodeTestTask.java:129)
	at org.junit.platform.engine.support.hierarchical.Node.around(Node.java:137)
	at org.junit.platform.engine.support.hierarchical.NodeTestTask.lambda$executeRecursively$8(NodeTestTask.java:127)
	at org.junit.platform.engine.support.hierarchical.ThrowableCollector.execute(ThrowableCollector.java:73)
	at org.junit.platform.engine.support.hierarchical.NodeTestTask.executeRecursively(NodeTestTask.java:126)
	at org.junit.platform.engine.support.hierarchical.NodeTestTask.execute(NodeTestTask.java:84)
	at java.base/java.util.ArrayList.forEach(ArrayList.java:1511)
	at org.junit.platform.engine.support.hierarchical.SameThreadHierarchicalTestExecutorService.invokeAll(SameThreadHierarchicalTestExecutorService.java:38)
	at org.junit.platform.engine.support.hierarchical.NodeTestTask.lambda$executeRecursively$5(NodeTestTask.java:143)
	at org.junit.platform.engine.support.hierarchical.ThrowableCollector.execute(ThrowableCollector.java:73)
	at org.junit.platform.engine.support.hierarchical.NodeTestTask.lambda$executeRecursively$7(NodeTestTask.java:129)
	at org.junit.platform.engine.support.hierarchical.Node.around(Node.java:137)
	at org.junit.platform.engine.support.hierarchical.NodeTestTask.lambda$executeRecursively$8(NodeTestTask.java:127)
	at org.junit.platform.engine.support.hierarchical.ThrowableCollector.execute(ThrowableCollector.java:73)
	at org.junit.platform.engine.support.hierarchical.NodeTestTask.executeRecursively(NodeTestTask.java:126)
	at org.junit.platform.engine.support.hierarchical.NodeTestTask.execute(NodeTestTask.java:84)
	at org.junit.platform.engine.support.hierarchical.SameThreadHierarchicalTestExecutorService.submit(SameThreadHierarchicalTestExecutorService.java:32)
	at org.junit.platform.engine.support.hierarchical.HierarchicalTestExecutor.execute(HierarchicalTestExecutor.java:57)
	at org.junit.platform.engine.support.hierarchical.HierarchicalTestEngine.execute(HierarchicalTestEngine.java:51)
	at org.junit.platform.launcher.core.EngineExecutionOrchestrator.execute(EngineExecutionOrchestrator.java:108)
	at org.junit.platform.launcher.core.EngineExecutionOrchestrator.execute(EngineExecutionOrchestrator.java:88)
	at org.junit.platform.launcher.core.EngineExecutionOrchestrator.lambda$execute$0(EngineExecutionOrchestrator.java:54)
	at org.junit.platform.launcher.core.EngineExecutionOrchestrator.withInterceptedStreams(EngineExecutionOrchestrator.java:67)
	at org.junit.platform.launcher.core.EngineExecutionOrchestrator.execute(EngineExecutionOrchestrator.java:52)
	at org.junit.platform.launcher.core.DefaultLauncher.execute(DefaultLauncher.java:96)
	at org.junit.platform.launcher.core.DefaultLauncher.execute(DefaultLauncher.java:75)
	at com.intellij.junit5.JUnit5IdeaTestRunner.startRunnerWithArgs(JUnit5IdeaTestRunner.java:71)
	at com.intellij.rt.junit.IdeaTestRunner$Repeater.startRunnerWithArgs(IdeaTestRunner.java:33)
	at com.intellij.rt.junit.JUnitStarter.prepareStreamsAndStart(JUnitStarter.java:220)
	at com.intellij.rt.junit.JUnitStarter.main(JUnitStarter.java:53)
Caused by: org.springframework.beans.factory.UnsatisfiedDependencyException: Error creating bean with name 'cartItemService': Unsatisfied dependency expressed through constructor parameter 1; nested exception is org.springframework.beans.factory.NoSuchBeanDefinitionException: No qualifying bean of type 'ru.geekbrains.book.market.services.BookService' available: expected at least 1 bean which qualifies as autowire candidate. Dependency annotations: {}
	at org.springframework.beans.factory.support.ConstructorResolver.createArgumentArray(ConstructorResolver.java:800)
	at org.springframework.beans.factory.support.ConstructorResolver.autowireConstructor(ConstructorResolver.java:229)
	at org.springframework.beans.factory.support.AbstractAutowireCapableBeanFactory.autowireConstructor(AbstractAutowireCapableBeanFactory.java:1354)
	at org.springframework.beans.factory.support.AbstractAutowireCapableBeanFactory.createBeanInstance(AbstractAutowireCapableBeanFactory.java:1204)
	at org.springframework.beans.factory.support.AbstractAutowireCapableBeanFactory.doCreateBean(AbstractAutowireCapableBeanFactory.java:564)
	at org.springframework.beans.factory.support.AbstractAutowireCapableBeanFactory.createBean(AbstractAutowireCapableBeanFactory.java:524)
	at org.springframework.beans.factory.support.AbstractBeanFactory.lambda$doGetBean$0(AbstractBeanFactory.java:335)
	at org.springframework.beans.factory.support.DefaultSingletonBeanRegistry.getSingleton(DefaultSingletonBeanRegistry.java:234)
	at org.springframework.beans.factory.support.AbstractBeanFactory.doGetBean(AbstractBeanFactory.java:333)
	at org.springframework.beans.factory.support.AbstractBeanFactory.getBean(AbstractBeanFactory.java:208)
	at org.springframework.beans.factory.support.DefaultListableBeanFactory.preInstantiateSingletons(DefaultListableBeanFactory.java:944)
	at org.springframework.context.support.AbstractApplicationContext.finishBeanFactoryInitialization(AbstractApplicationContext.java:918)
	at org.springframework.context.support.AbstractApplicationContext.refresh(AbstractApplicationContext.java:583)
	at org.springframework.boot.SpringApplication.refresh(SpringApplication.java:782)
	at org.springframework.boot.SpringApplication.refresh(SpringApplication.java:774)
	at org.springframework.boot.SpringApplication.refreshContext(SpringApplication.java:439)
	at org.springframework.boot.SpringApplication.run(SpringApplication.java:339)
	at org.springframework.boot.test.context.SpringBootContextLoader.loadContext(SpringBootContextLoader.java:123)
	at org.springframework.test.context.cache.DefaultCacheAwareContextLoaderDelegate.loadContextInternal(DefaultCacheAwareContextLoaderDelegate.java:99)
	at org.springframework.test.context.cache.DefaultCacheAwareContextLoaderDelegate.loadContext(DefaultCacheAwareContextLoaderDelegate.java:124)
	... 67 common frames omitted
Caused by: org.springframework.beans.factory.NoSuchBeanDefinitionException: No qualifying bean of type 'ru.geekbrains.book.market.services.BookService' available: expected at least 1 bean which qualifies as autowire candidate. Dependency annotations: {}
	at org.springframework.beans.factory.support.DefaultListableBeanFactory.raiseNoMatchingBeanFound(DefaultListableBeanFactory.java:1790)
	at org.springframework.beans.factory.support.DefaultListableBeanFactory.doResolveDependency(DefaultListableBeanFactory.java:1346)
	at org.springframework.beans.factory.support.DefaultListableBeanFactory.resolveDependency(DefaultListableBeanFactory.java:1300)
	at org.springframework.beans.factory.support.ConstructorResolver.resolveAutowiredArgument(ConstructorResolver.java:887)
	at org.springframework.beans.factory.support.ConstructorResolver.createArgumentArray(ConstructorResolver.java:791)
	... 86 common frames omitted
05-06-2021 08:46:38.916 [main] INFO  r.g.book.market.CartItemTest.logStarting - Starting CartItemTest using Java 15.0.1 on PC with PID 13500 (started by Андрей in D:\2021\Java\book-market\book_market)
05-06-2021 08:46:38.916 [main] INFO  r.g.book.market.CartItemTest.logStartupProfileInfo - The following profiles are active: test
05-06-2021 08:46:38.931 [main] DEBUG o.s.w.c.s.GenericWebApplicationContext.prepareRefresh - Refreshing org.springframework.web.context.support.GenericWebApplicationContext@1f130eaf
05-06-2021 08:46:39.270 [main] WARN  o.s.w.c.s.GenericWebApplicationContext.refresh - Exception encountered during context initialization - cancelling refresh attempt: org.springframework.beans.factory.UnsatisfiedDependencyException: Error creating bean with name 'cartItemService': Unsatisfied dependency expressed through constructor parameter 1; nested exception is org.springframework.beans.factory.NoSuchBeanDefinitionException: No qualifying bean of type 'ru.geekbrains.book.market.services.BookService' available: expected at least 1 bean which qualifies as autowire candidate. Dependency annotations: {}
05-06-2021 08:46:39.286 [main] ERROR o.s.b.d.LoggingFailureAnalysisReporter.report - 

***************************
APPLICATION FAILED TO START
***************************

Description:

Parameter 1 of constructor in ru.geekbrains.book.market.services.CartItemService required a bean of type 'ru.geekbrains.book.market.services.BookService' that could not be found.


Action:

Consider defining a bean of type 'ru.geekbrains.book.market.services.BookService' in your configuration.

05-06-2021 08:46:39.301 [main] ERROR o.s.test.context.TestContextManager.prepareTestInstance - Caught exception while allowing TestExecutionListener [org.springframework.test.context.web.ServletTestExecutionListener@d278d2b] to prepare test instance [ru.geekbrains.book.market.CartItemTest@3ba46e63]
java.lang.IllegalStateException: Failed to load ApplicationContext
	at org.springframework.test.context.cache.DefaultCacheAwareContextLoaderDelegate.loadContext(DefaultCacheAwareContextLoaderDelegate.java:132)
	at org.springframework.test.context.support.DefaultTestContext.getApplicationContext(DefaultTestContext.java:124)
	at org.springframework.test.context.web.ServletTestExecutionListener.setUpRequestContextIfNecessary(ServletTestExecutionListener.java:190)
	at org.springframework.test.context.web.ServletTestExecutionListener.prepareTestInstance(ServletTestExecutionListener.java:132)
	at org.springframework.test.context.TestContextManager.prepareTestInstance(TestContextManager.java:244)
	at org.springframework.test.context.junit.jupiter.SpringExtension.postProcessTestInstance(SpringExtension.java:138)
	at org.junit.jupiter.engine.descriptor.ClassBasedTestDescriptor.lambda$invokeTestInstancePostProcessors$6(ClassBasedTestDescriptor.java:350)
	at org.junit.jupiter.engine.descriptor.ClassBasedTestDescriptor.executeAndMaskThrowable(ClassBasedTestDescriptor.java:355)
	at org.junit.jupiter.engine.descriptor.ClassBasedTestDescriptor.lambda$invokeTestInstancePostProcessors$7(ClassBasedTestDescriptor.java:350)
	at java.base/java.util.stream.ReferencePipeline$3$1.accept(ReferencePipeline.java:195)
	at java.base/java.util.stream.ReferencePipeline$2$1.accept(ReferencePipeline.java:177)
	at java.base/java.util.ArrayList$ArrayListSpliterator.forEachRemaining(ArrayList.java:1625)
	at java.base/java.util.stream.AbstractPipeline.copyInto(AbstractPipeline.java:484)
	at java.base/java.util.stream.AbstractPipeline.wrapAndCopyInto(AbstractPipeline.java:474)
	at java.base/java.util.stream.StreamSpliterators$WrappingSpliterator.forEachRemaining(StreamSpliterators.java:312)
	at java.base/java.util.stream.Streams$ConcatSpliterator.forEachRemaining(Streams.java:735)
	at java.base/java.util.stream.Streams$ConcatSpliterator.forEachRemaining(Streams.java:734)
	at java.base/java.util.stream.ReferencePipeline$Head.forEach(ReferencePipeline.java:658)
	at org.junit.jupiter.engine.descriptor.ClassBasedTestDescriptor.invokeTestInstancePostProcessors(ClassBasedTestDescriptor.java:349)
	at org.junit.jupiter.engine.descriptor.ClassBasedTestDescriptor.lambda$instantiateAndPostProcessTestInstance$4(ClassBasedTestDescriptor.java:270)
	at org.junit.platform.engine.support.hierarchical.ThrowableCollector.execute(ThrowableCollector.java:73)
	at org.junit.jupiter.engine.descriptor.ClassBasedTestDescriptor.instantiateAndPostProcessTestInstance(ClassBasedTestDescriptor.java:269)
	at org.junit.jupiter.engine.descriptor.ClassBasedTestDescriptor.lambda$testInstancesProvider$2(ClassBasedTestDescriptor.java:259)
	at java.base/java.util.Optional.orElseGet(Optional.java:362)
	at org.junit.jupiter.engine.descriptor.ClassBasedTestDescriptor.lambda$testInstancesProvider$3(ClassBasedTestDescriptor.java:258)
	at org.junit.jupiter.engine.execution.TestInstancesProvider.getTestInstances(TestInstancesProvider.java:31)
	at org.junit.jupiter.engine.descriptor.TestMethodTestDescriptor.lambda$prepare$0(TestMethodTestDescriptor.java:101)
	at org.junit.platform.engine.support.hierarchical.ThrowableCollector.execute(ThrowableCollector.java:73)
	at org.junit.jupiter.engine.descriptor.TestMethodTestDescriptor.prepare(TestMethodTestDescriptor.java:100)
	at org.junit.jupiter.engine.descriptor.TestMethodTestDescriptor.prepare(TestMethodTestDescriptor.java:65)
	at org.junit.platform.engine.support.hierarchical.NodeTestTask.lambda$prepare$1(NodeTestTask.java:111)
	at org.junit.platform.engine.support.hierarchical.ThrowableCollector.execute(ThrowableCollector.java:73)
	at org.junit.platform.engine.support.hierarchical.NodeTestTask.prepare(NodeTestTask.java:111)
	at org.junit.platform.engine.support.hierarchical.NodeTestTask.execute(NodeTestTask.java:79)
	at java.base/java.util.ArrayList.forEach(ArrayList.java:1511)
	at org.junit.platform.engine.support.hierarchical.SameThreadHierarchicalTestExecutorService.invokeAll(SameThreadHierarchicalTestExecutorService.java:38)
	at org.junit.platform.engine.support.hierarchical.NodeTestTask.lambda$executeRecursively$5(NodeTestTask.java:143)
	at org.junit.platform.engine.support.hierarchical.ThrowableCollector.execute(ThrowableCollector.java:73)
	at org.junit.platform.engine.support.hierarchical.NodeTestTask.lambda$executeRecursively$7(NodeTestTask.java:129)
	at org.junit.platform.engine.support.hierarchical.Node.around(Node.java:137)
	at org.junit.platform.engine.support.hierarchical.NodeTestTask.lambda$executeRecursively$8(NodeTestTask.java:127)
	at org.junit.platform.engine.support.hierarchical.ThrowableCollector.execute(ThrowableCollector.java:73)
	at org.junit.platform.engine.support.hierarchical.NodeTestTask.executeRecursively(NodeTestTask.java:126)
	at org.junit.platform.engine.support.hierarchical.NodeTestTask.execute(NodeTestTask.java:84)
	at java.base/java.util.ArrayList.forEach(ArrayList.java:1511)
	at org.junit.platform.engine.support.hierarchical.SameThreadHierarchicalTestExecutorService.invokeAll(SameThreadHierarchicalTestExecutorService.java:38)
	at org.junit.platform.engine.support.hierarchical.NodeTestTask.lambda$executeRecursively$5(NodeTestTask.java:143)
	at org.junit.platform.engine.support.hierarchical.ThrowableCollector.execute(ThrowableCollector.java:73)
	at org.junit.platform.engine.support.hierarchical.NodeTestTask.lambda$executeRecursively$7(NodeTestTask.java:129)
	at org.junit.platform.engine.support.hierarchical.Node.around(Node.java:137)
	at org.junit.platform.engine.support.hierarchical.NodeTestTask.lambda$executeRecursively$8(NodeTestTask.java:127)
	at org.junit.platform.engine.support.hierarchical.ThrowableCollector.execute(ThrowableCollector.java:73)
	at org.junit.platform.engine.support.hierarchical.NodeTestTask.executeRecursively(NodeTestTask.java:126)
	at org.junit.platform.engine.support.hierarchical.NodeTestTask.execute(NodeTestTask.java:84)
	at org.junit.platform.engine.support.hierarchical.SameThreadHierarchicalTestExecutorService.submit(SameThreadHierarchicalTestExecutorService.java:32)
	at org.junit.platform.engine.support.hierarchical.HierarchicalTestExecutor.execute(HierarchicalTestExecutor.java:57)
	at org.junit.platform.engine.support.hierarchical.HierarchicalTestEngine.execute(HierarchicalTestEngine.java:51)
	at org.junit.platform.launcher.core.EngineExecutionOrchestrator.execute(EngineExecutionOrchestrator.java:108)
	at org.junit.platform.launcher.core.EngineExecutionOrchestrator.execute(EngineExecutionOrchestrator.java:88)
	at org.junit.platform.launcher.core.EngineExecutionOrchestrator.lambda$execute$0(EngineExecutionOrchestrator.java:54)
	at org.junit.platform.launcher.core.EngineExecutionOrchestrator.withInterceptedStreams(EngineExecutionOrchestrator.java:67)
	at org.junit.platform.launcher.core.EngineExecutionOrchestrator.execute(EngineExecutionOrchestrator.java:52)
	at org.junit.platform.launcher.core.DefaultLauncher.execute(DefaultLauncher.java:96)
	at org.junit.platform.launcher.core.DefaultLauncher.execute(DefaultLauncher.java:75)
	at com.intellij.junit5.JUnit5IdeaTestRunner.startRunnerWithArgs(JUnit5IdeaTestRunner.java:71)
	at com.intellij.rt.junit.IdeaTestRunner$Repeater.startRunnerWithArgs(IdeaTestRunner.java:33)
	at com.intellij.rt.junit.JUnitStarter.prepareStreamsAndStart(JUnitStarter.java:220)
	at com.intellij.rt.junit.JUnitStarter.main(JUnitStarter.java:53)
Caused by: org.springframework.beans.factory.UnsatisfiedDependencyException: Error creating bean with name 'cartItemService': Unsatisfied dependency expressed through constructor parameter 1; nested exception is org.springframework.beans.factory.NoSuchBeanDefinitionException: No qualifying bean of type 'ru.geekbrains.book.market.services.BookService' available: expected at least 1 bean which qualifies as autowire candidate. Dependency annotations: {}
	at org.springframework.beans.factory.support.ConstructorResolver.createArgumentArray(ConstructorResolver.java:800)
	at org.springframework.beans.factory.support.ConstructorResolver.autowireConstructor(ConstructorResolver.java:229)
	at org.springframework.beans.factory.support.AbstractAutowireCapableBeanFactory.autowireConstructor(AbstractAutowireCapableBeanFactory.java:1354)
	at org.springframework.beans.factory.support.AbstractAutowireCapableBeanFactory.createBeanInstance(AbstractAutowireCapableBeanFactory.java:1204)
	at org.springframework.beans.factory.support.AbstractAutowireCapableBeanFactory.doCreateBean(AbstractAutowireCapableBeanFactory.java:564)
	at org.springframework.beans.factory.support.AbstractAutowireCapableBeanFactory.createBean(AbstractAutowireCapableBeanFactory.java:524)
	at org.springframework.beans.factory.support.AbstractBeanFactory.lambda$doGetBean$0(AbstractBeanFactory.java:335)
	at org.springframework.beans.factory.support.DefaultSingletonBeanRegistry.getSingleton(DefaultSingletonBeanRegistry.java:234)
	at org.springframework.beans.factory.support.AbstractBeanFactory.doGetBean(AbstractBeanFactory.java:333)
	at org.springframework.beans.factory.support.AbstractBeanFactory.getBean(AbstractBeanFactory.java:208)
	at org.springframework.beans.factory.support.DefaultListableBeanFactory.preInstantiateSingletons(DefaultListableBeanFactory.java:944)
	at org.springframework.context.support.AbstractApplicationContext.finishBeanFactoryInitialization(AbstractApplicationContext.java:918)
	at org.springframework.context.support.AbstractApplicationContext.refresh(AbstractApplicationContext.java:583)
	at org.springframework.boot.SpringApplication.refresh(SpringApplication.java:782)
	at org.springframework.boot.SpringApplication.refresh(SpringApplication.java:774)
	at org.springframework.boot.SpringApplication.refreshContext(SpringApplication.java:439)
	at org.springframework.boot.SpringApplication.run(SpringApplication.java:339)
	at org.springframework.boot.test.context.SpringBootContextLoader.loadContext(SpringBootContextLoader.java:123)
	at org.springframework.test.context.cache.DefaultCacheAwareContextLoaderDelegate.loadContextInternal(DefaultCacheAwareContextLoaderDelegate.java:99)
	at org.springframework.test.context.cache.DefaultCacheAwareContextLoaderDelegate.loadContext(DefaultCacheAwareContextLoaderDelegate.java:124)
	... 67 common frames omitted
Caused by: org.springframework.beans.factory.NoSuchBeanDefinitionException: No qualifying bean of type 'ru.geekbrains.book.market.services.BookService' available: expected at least 1 bean which qualifies as autowire candidate. Dependency annotations: {}
	at org.springframework.beans.factory.support.DefaultListableBeanFactory.raiseNoMatchingBeanFound(DefaultListableBeanFactory.java:1790)
	at org.springframework.beans.factory.support.DefaultListableBeanFactory.doResolveDependency(DefaultListableBeanFactory.java:1346)
	at org.springframework.beans.factory.support.DefaultListableBeanFactory.resolveDependency(DefaultListableBeanFactory.java:1300)
	at org.springframework.beans.factory.support.ConstructorResolver.resolveAutowiredArgument(ConstructorResolver.java:887)
	at org.springframework.beans.factory.support.ConstructorResolver.createArgumentArray(ConstructorResolver.java:791)
	... 86 common frames omitted
05-06-2021 08:48:15.678 [main] INFO  r.g.book.market.CartItemTest.logStarting - Starting CartItemTest using Java 15.0.1 on PC with PID 4424 (started by Андрей in D:\2021\Java\book-market\book_market)
05-06-2021 08:48:15.678 [main] INFO  r.g.book.market.CartItemTest.logStartupProfileInfo - The following profiles are active: test
05-06-2021 08:48:15.694 [main] DEBUG o.s.w.c.s.GenericWebApplicationContext.prepareRefresh - Refreshing org.springframework.web.context.support.GenericWebApplicationContext@7e0aadd0
05-06-2021 08:48:16.086 [main] INFO  r.g.book.market.CartItemTest.logStarted - Started CartItemTest in 0.616 seconds (JVM running for 1.274)
05-06-2021 08:48:16.149 [SpringContextShutdownHook] DEBUG o.s.w.c.s.GenericWebApplicationContext.doClose - Closing org.springframework.web.context.support.GenericWebApplicationContext@7e0aadd0, started on Sat Jun 05 08:48:15 MSK 2021
05-06-2021 08:50:30.579 [main] INFO  r.g.book.market.CartItemTest.logStarting - Starting CartItemTest using Java 15.0.1 on PC with PID 4404 (started by Андрей in D:\2021\Java\book-market\book_market)
05-06-2021 08:50:30.579 [main] INFO  r.g.book.market.CartItemTest.logStartupProfileInfo - The following profiles are active: test
05-06-2021 08:50:30.594 [main] DEBUG o.s.w.c.s.GenericWebApplicationContext.prepareRefresh - Refreshing org.springframework.web.context.support.GenericWebApplicationContext@7e0aadd0
05-06-2021 08:50:30.980 [main] INFO  r.g.book.market.CartItemTest.logStarted - Started CartItemTest in 0.612 seconds (JVM running for 1.244)
05-06-2021 08:50:31.043 [SpringContextShutdownHook] DEBUG o.s.w.c.s.GenericWebApplicationContext.doClose - Closing org.springframework.web.context.support.GenericWebApplicationContext@7e0aadd0, started on Sat Jun 05 08:50:30 MSK 2021
05-06-2021 09:11:36.540 [main] INFO  r.g.book.market.CartItemTest.logStarting - Starting CartItemTest using Java 15.0.1 on PC with PID 4044 (started by Андрей in D:\2021\Java\book-market\book_market)
05-06-2021 09:11:36.540 [main] INFO  r.g.book.market.CartItemTest.logStartupProfileInfo - The following profiles are active: test
05-06-2021 09:11:36.565 [main] DEBUG o.s.w.c.s.GenericWebApplicationContext.prepareRefresh - Refreshing org.springframework.web.context.support.GenericWebApplicationContext@7e0aadd0
05-06-2021 09:11:36.946 [main] INFO  r.g.book.market.CartItemTest.logStarted - Started CartItemTest in 0.619 seconds (JVM running for 1.258)
05-06-2021 09:11:36.993 [SpringContextShutdownHook] DEBUG o.s.w.c.s.GenericWebApplicationContext.doClose - Closing org.springframework.web.context.support.GenericWebApplicationContext@7e0aadd0, started on Sat Jun 05 09:11:36 MSK 2021
05-06-2021 09:11:45.766 [main] INFO  r.g.book.market.CartItemTest.logStarting - Starting CartItemTest using Java 15.0.1 on PC with PID 9260 (started by Андрей in D:\2021\Java\book-market\book_market)
05-06-2021 09:11:45.766 [main] INFO  r.g.book.market.CartItemTest.logStartupProfileInfo - The following profiles are active: test
05-06-2021 09:11:45.794 [main] DEBUG o.s.w.c.s.GenericWebApplicationContext.prepareRefresh - Refreshing org.springframework.web.context.support.GenericWebApplicationContext@7e0aadd0
05-06-2021 09:11:46.174 [main] INFO  r.g.book.market.CartItemTest.logStarted - Started CartItemTest in 0.614 seconds (JVM running for 1.251)
05-06-2021 09:11:46.220 [SpringContextShutdownHook] DEBUG o.s.w.c.s.GenericWebApplicationContext.doClose - Closing org.springframework.web.context.support.GenericWebApplicationContext@7e0aadd0, started on Sat Jun 05 09:11:45 MSK 2021
05-06-2021 09:33:26.680 [main] INFO  ru.geekbrains.book.market.JSONTester.logStarting - Starting JSONTester using Java 15.0.1 on PC with PID 5772 (started by Андрей in D:\2021\Java\book-market\book_market)
05-06-2021 09:33:26.682 [main] INFO  ru.geekbrains.book.market.JSONTester.logStartupProfileInfo - No active profile set, falling back to default profiles: default
05-06-2021 09:33:27.130 [main] INFO  ru.geekbrains.book.market.JSONTester.logStarted - Started JSONTester in 0.737 seconds (JVM running for 1.398)
05-06-2021 09:34:39.825 [main] INFO  ru.geekbrains.book.market.JSONTester.logStarting - Starting JSONTester using Java 15.0.1 on PC with PID 6792 (started by Андрей in D:\2021\Java\book-market\book_market)
05-06-2021 09:34:39.825 [main] INFO  ru.geekbrains.book.market.JSONTester.logStartupProfileInfo - No active profile set, falling back to default profiles: default
05-06-2021 09:34:40.229 [main] INFO  ru.geekbrains.book.market.JSONTester.logStarted - Started JSONTester in 0.714 seconds (JVM running for 2.066)
05-06-2021 09:42:34.369 [main] INFO  ru.geekbrains.book.market.JSONTester.logStarting - Starting JSONTester using Java 15.0.1 on PC with PID 13200 (started by Андрей in D:\2021\Java\book-market\book_market)
05-06-2021 09:42:34.369 [main] INFO  ru.geekbrains.book.market.JSONTester.logStartupProfileInfo - No active profile set, falling back to default profiles: default
05-06-2021 09:42:34.791 [main] INFO  ru.geekbrains.book.market.JSONTester.logStarted - Started JSONTester in 0.725 seconds (JVM running for 1.439)
05-06-2021 09:46:00.481 [main] INFO  ru.geekbrains.book.market.JSONTester.logStarting - Starting JSONTester using Java 15.0.1 on PC with PID 9408 (started by Андрей in D:\2021\Java\book-market\book_market)
05-06-2021 09:46:00.483 [main] INFO  ru.geekbrains.book.market.JSONTester.logStartupProfileInfo - No active profile set, falling back to default profiles: default
05-06-2021 09:46:00.827 [main] INFO  ru.geekbrains.book.market.JSONTester.logStarted - Started JSONTester in 0.653 seconds (JVM running for 1.28)
05-06-2021 09:47:21.398 [main] INFO  ru.geekbrains.book.market.JSONTester.logStarting - Starting JSONTester using Java 15.0.1 on PC with PID 7980 (started by Андрей in D:\2021\Java\book-market\book_market)
05-06-2021 09:47:21.401 [main] INFO  ru.geekbrains.book.market.JSONTester.logStartupProfileInfo - No active profile set, falling back to default profiles: default
05-06-2021 09:47:21.752 [main] INFO  ru.geekbrains.book.market.JSONTester.logStarted - Started JSONTester in 0.64 seconds (JVM running for 1.278)
05-06-2021 09:47:41.381 [main] INFO  ru.geekbrains.book.market.JSONTester.logStarting - Starting JSONTester using Java 15.0.1 on PC with PID 12760 (started by Андрей in D:\2021\Java\book-market\book_market)
05-06-2021 09:47:41.384 [main] INFO  ru.geekbrains.book.market.JSONTester.logStartupProfileInfo - No active profile set, falling back to default profiles: default
05-06-2021 09:47:41.797 [main] INFO  ru.geekbrains.book.market.JSONTester.logStarted - Started JSONTester in 0.725 seconds (JVM running for 1.515)
05-06-2021 09:48:20.267 [main] INFO  ru.geekbrains.book.market.JSONTester.logStarting - Starting JSONTester using Java 15.0.1 on PC with PID 1708 (started by Андрей in D:\2021\Java\book-market\book_market)
05-06-2021 09:48:20.269 [main] INFO  ru.geekbrains.book.market.JSONTester.logStartupProfileInfo - No active profile set, falling back to default profiles: default
05-06-2021 09:48:20.621 [main] INFO  ru.geekbrains.book.market.JSONTester.logStarted - Started JSONTester in 0.646 seconds (JVM running for 1.276)
05-06-2021 09:49:50.452 [main] INFO  ru.geekbrains.book.market.JSONTester.logStarting - Starting JSONTester using Java 15.0.1 on PC with PID 12152 (started by Андрей in D:\2021\Java\book-market\book_market)
05-06-2021 09:49:50.454 [main] INFO  ru.geekbrains.book.market.JSONTester.logStartupProfileInfo - No active profile set, falling back to default profiles: default
05-06-2021 09:49:50.798 [main] INFO  ru.geekbrains.book.market.JSONTester.logStarted - Started JSONTester in 0.629 seconds (JVM running for 1.265)
05-06-2021 09:50:23.340 [main] INFO  ru.geekbrains.book.market.JSONTester.logStarting - Starting JSONTester using Java 15.0.1 on PC with PID 2356 (started by Андрей in D:\2021\Java\book-market\book_market)
05-06-2021 09:50:23.340 [main] INFO  ru.geekbrains.book.market.JSONTester.logStartupProfileInfo - No active profile set, falling back to default profiles: default
05-06-2021 09:50:23.693 [main] INFO  ru.geekbrains.book.market.JSONTester.logStarted - Started JSONTester in 0.629 seconds (JVM running for 1.266)
05-06-2021 09:53:39.692 [main] INFO  ru.geekbrains.book.market.JSONTester.logStarting - Starting JSONTester using Java 15.0.1 on PC with PID 3900 (started by Андрей in D:\2021\Java\book-market\book_market)
05-06-2021 09:53:39.695 [main] INFO  ru.geekbrains.book.market.JSONTester.logStartupProfileInfo - No active profile set, falling back to default profiles: default
05-06-2021 09:53:40.086 [main] INFO  ru.geekbrains.book.market.JSONTester.logStarted - Started JSONTester in 0.711 seconds (JVM running for 1.522)
05-06-2021 09:57:09.373 [main] INFO  ru.geekbrains.book.market.JSONTester.logStarting - Starting JSONTester using Java 15.0.1 on PC with PID 7244 (started by Андрей in D:\2021\Java\book-market\book_market)
05-06-2021 09:57:09.373 [main] INFO  ru.geekbrains.book.market.JSONTester.logStartupProfileInfo - No active profile set, falling back to default profiles: default
05-06-2021 09:57:09.718 [main] INFO  ru.geekbrains.book.market.JSONTester.logStarted - Started JSONTester in 0.63 seconds (JVM running for 1.265)
05-06-2021 09:58:32.631 [main] INFO  ru.geekbrains.book.market.JSONTester.logStarting - Starting JSONTester using Java 15.0.1 on PC with PID 11456 (started by Андрей in D:\2021\Java\book-market\book_market)
05-06-2021 09:58:32.633 [main] INFO  ru.geekbrains.book.market.JSONTester.logStartupProfileInfo - No active profile set, falling back to default profiles: default
05-06-2021 09:58:32.965 [main] INFO  ru.geekbrains.book.market.JSONTester.logStarted - Started JSONTester in 0.631 seconds (JVM running for 1.27)
05-06-2021 09:58:44.675 [main] INFO  ru.geekbrains.book.market.JSONTester.logStarting - Starting JSONTester using Java 15.0.1 on PC with PID 11340 (started by Андрей in D:\2021\Java\book-market\book_market)
05-06-2021 09:58:44.677 [main] INFO  ru.geekbrains.book.market.JSONTester.logStartupProfileInfo - No active profile set, falling back to default profiles: default
05-06-2021 09:58:45.025 [main] INFO  ru.geekbrains.book.market.JSONTester.logStarted - Started JSONTester in 0.629 seconds (JVM running for 1.275)
05-06-2021 10:01:54.035 [main] INFO  ru.geekbrains.book.market.JSONTester.logStarting - Starting JSONTester using Java 15.0.1 on PC with PID 6056 (started by Андрей in D:\2021\Java\book-market\book_market)
05-06-2021 10:01:54.035 [main] INFO  ru.geekbrains.book.market.JSONTester.logStartupProfileInfo - No active profile set, falling back to default profiles: default
05-06-2021 10:01:54.382 [main] INFO  ru.geekbrains.book.market.JSONTester.logStarted - Started JSONTester in 0.636 seconds (JVM running for 1.275)
05-06-2021 10:02:05.437 [main] INFO  ru.geekbrains.book.market.JSONTester.logStarting - Starting JSONTester using Java 15.0.1 on PC with PID 13180 (started by Андрей in D:\2021\Java\book-market\book_market)
05-06-2021 10:02:05.452 [main] INFO  ru.geekbrains.book.market.JSONTester.logStartupProfileInfo - No active profile set, falling back to default profiles: default
05-06-2021 10:02:05.801 [main] INFO  ru.geekbrains.book.market.JSONTester.logStarted - Started JSONTester in 0.626 seconds (JVM running for 1.273)
05-06-2021 10:02:23.493 [main] INFO  ru.geekbrains.book.market.JSONTester.logStarting - Starting JSONTester using Java 15.0.1 on PC with PID 14444 (started by Андрей in D:\2021\Java\book-market\book_market)
05-06-2021 10:02:23.495 [main] INFO  ru.geekbrains.book.market.JSONTester.logStartupProfileInfo - No active profile set, falling back to default profiles: default
05-06-2021 10:02:23.844 [main] INFO  ru.geekbrains.book.market.JSONTester.logStarted - Started JSONTester in 0.632 seconds (JVM running for 1.279)
05-06-2021 10:37:51.476 [main] INFO  r.g.book.market.BookControllerTest.logStarting - Starting BookControllerTest using Java 15.0.1 on PC with PID 7556 (started by Андрей in D:\2021\Java\book-market\book_market)
05-06-2021 10:37:51.477 [main] INFO  r.g.book.market.BookControllerTest.logStartupProfileInfo - The following profiles are active: test
05-06-2021 10:37:51.490 [main] DEBUG o.s.w.c.s.GenericWebApplicationContext.prepareRefresh - Refreshing org.springframework.web.context.support.GenericWebApplicationContext@62c5bbdc
05-06-2021 10:37:52.644 [main] INFO  o.s.c.s.PostProcessorRegistrationDelegate$BeanPostProcessorChecker.postProcessAfterInitialization - Bean 'webServiceConfig' of type [ru.geekbrains.book.market.configs.WebServiceConfig$$EnhancerBySpringCGLIB$$d13ad128] is not eligible for getting processed by all BeanPostProcessors (for example: not eligible for auto-proxying)
05-06-2021 10:37:52.645 [main] INFO  o.s.c.s.PostProcessorRegistrationDelegate$BeanPostProcessorChecker.postProcessAfterInitialization - Bean 'org.springframework.ws.config.annotation.DelegatingWsConfiguration' of type [org.springframework.ws.config.annotation.DelegatingWsConfiguration$$EnhancerBySpringCGLIB$$5e4c5e33] is not eligible for getting processed by all BeanPostProcessors (for example: not eligible for auto-proxying)
05-06-2021 10:37:52.715 [main] INFO  o.s.w.s.a.s.AnnotationActionEndpointMapping.afterPropertiesSet - Supporting [WS-Addressing August 2004, WS-Addressing 1.0]
05-06-2021 10:37:52.893 [main] INFO  o.f.c.i.license.VersionPrinter.info - Flyway Community Edition 7.8.1 by Redgate
05-06-2021 10:37:52.893 [main] INFO  com.zaxxer.hikari.HikariDataSource.getConnection - HikariPool-1 - Starting...
05-06-2021 10:37:53.018 [main] INFO  com.zaxxer.hikari.HikariDataSource.getConnection - HikariPool-1 - Start completed.
05-06-2021 10:37:53.065 [main] INFO  o.f.c.i.database.base.DatabaseType.info - Database: jdbc:postgresql://localhost:5432/db_book_market (PostgreSQL 13.2)
05-06-2021 10:37:53.128 [main] INFO  o.f.c.internal.database.base.Schema.info - Creating schema "book_market" ...
05-06-2021 10:37:53.143 [main] INFO  o.f.c.i.s.JdbcTableSchemaHistory.info - Creating Schema History table "book_market"."flyway_schema_history" ...
05-06-2021 10:37:53.221 [main] INFO  o.f.core.internal.command.DbMigrate.info - Current version of schema "book_market": null
05-06-2021 10:37:53.237 [main] INFO  o.f.core.internal.command.DbMigrate.info - Migrating schema "book_market" to version "1 - create"
05-06-2021 10:37:53.253 [main] INFO  o.f.c.i.s.DefaultSqlScriptExecutor.info - DB: таблица "role" не существует, пропускается
05-06-2021 10:37:53.268 [main] INFO  o.f.c.i.s.DefaultSqlScriptExecutor.info - 1 rows affected
05-06-2021 10:37:53.268 [main] INFO  o.f.c.i.s.DefaultSqlScriptExecutor.info - 1 rows affected
05-06-2021 10:37:53.268 [main] INFO  o.f.c.i.s.DefaultSqlScriptExecutor.info - 1 rows affected
05-06-2021 10:37:53.268 [main] INFO  o.f.c.i.s.DefaultSqlScriptExecutor.info - 1 rows affected
05-06-2021 10:37:53.268 [main] INFO  o.f.c.i.s.DefaultSqlScriptExecutor.info - DB: таблица "users" не существует, пропускается
05-06-2021 10:37:53.268 [main] INFO  o.f.c.i.s.DefaultSqlScriptExecutor.info - 1 rows affected
05-06-2021 10:37:53.268 [main] INFO  o.f.c.i.s.DefaultSqlScriptExecutor.info - 1 rows affected
05-06-2021 10:37:53.268 [main] INFO  o.f.c.i.s.DefaultSqlScriptExecutor.info - 1 rows affected
05-06-2021 10:37:53.268 [main] INFO  o.f.c.i.s.DefaultSqlScriptExecutor.info - 1 rows affected
05-06-2021 10:37:53.284 [main] INFO  o.f.c.i.s.DefaultSqlScriptExecutor.info - 1 rows affected
05-06-2021 10:37:53.284 [main] INFO  o.f.c.i.s.DefaultSqlScriptExecutor.info - 1 rows affected
05-06-2021 10:37:53.284 [main] INFO  o.f.c.i.s.DefaultSqlScriptExecutor.info - 1 rows affected
05-06-2021 10:37:53.284 [main] INFO  o.f.c.i.s.DefaultSqlScriptExecutor.info - 1 rows affected
05-06-2021 10:37:53.284 [main] INFO  o.f.c.i.s.DefaultSqlScriptExecutor.info - 1 rows affected
05-06-2021 10:37:53.284 [main] INFO  o.f.c.i.s.DefaultSqlScriptExecutor.info - 1 rows affected
05-06-2021 10:37:53.284 [main] INFO  o.f.c.i.s.DefaultSqlScriptExecutor.info - DB: таблица "users_role" не существует, пропускается
05-06-2021 10:37:53.284 [main] INFO  o.f.c.i.s.DefaultSqlScriptExecutor.info - DB: таблица "author" не существует, пропускается
05-06-2021 10:37:53.300 [main] INFO  o.f.c.i.s.DefaultSqlScriptExecutor.info - 1 rows affected
05-06-2021 10:37:53.300 [main] INFO  o.f.c.i.s.DefaultSqlScriptExecutor.info - 1 rows affected
05-06-2021 10:37:53.300 [main] INFO  o.f.c.i.s.DefaultSqlScriptExecutor.info - 1 rows affected
05-06-2021 10:37:53.300 [main] INFO  o.f.c.i.s.DefaultSqlScriptExecutor.info - 1 rows affected
05-06-2021 10:37:53.300 [main] INFO  o.f.c.i.s.DefaultSqlScriptExecutor.info - 1 rows affected
05-06-2021 10:37:53.300 [main] INFO  o.f.c.i.s.DefaultSqlScriptExecutor.info - 1 rows affected
05-06-2021 10:37:53.300 [main] INFO  o.f.c.i.s.DefaultSqlScriptExecutor.info - 1 rows affected
05-06-2021 10:37:53.300 [main] INFO  o.f.c.i.s.DefaultSqlScriptExecutor.info - 1 rows affected
05-06-2021 10:37:53.300 [main] INFO  o.f.c.i.s.DefaultSqlScriptExecutor.info - 1 rows affected
05-06-2021 10:37:53.300 [main] INFO  o.f.c.i.s.DefaultSqlScriptExecutor.info - 1 rows affected
05-06-2021 10:37:53.300 [main] INFO  o.f.c.i.s.DefaultSqlScriptExecutor.info - 1 rows affected
05-06-2021 10:37:53.300 [main] INFO  o.f.c.i.s.DefaultSqlScriptExecutor.info - 1 rows affected
05-06-2021 10:37:53.300 [main] INFO  o.f.c.i.s.DefaultSqlScriptExecutor.info - 1 rows affected
05-06-2021 10:37:53.300 [main] INFO  o.f.c.i.s.DefaultSqlScriptExecutor.info - DB: таблица "category" не существует, пропускается
05-06-2021 10:37:53.315 [main] INFO  o.f.c.i.s.DefaultSqlScriptExecutor.info - 1 rows affected
05-06-2021 10:37:53.315 [main] INFO  o.f.c.i.s.DefaultSqlScriptExecutor.info - 1 rows affected
05-06-2021 10:37:53.315 [main] INFO  o.f.c.i.s.DefaultSqlScriptExecutor.info - 1 rows affected
05-06-2021 10:37:53.315 [main] INFO  o.f.c.i.s.DefaultSqlScriptExecutor.info - 1 rows affected
05-06-2021 10:37:53.315 [main] INFO  o.f.c.i.s.DefaultSqlScriptExecutor.info - 1 rows affected
05-06-2021 10:37:53.315 [main] INFO  o.f.c.i.s.DefaultSqlScriptExecutor.info - 1 rows affected
05-06-2021 10:37:53.315 [main] INFO  o.f.c.i.s.DefaultSqlScriptExecutor.info - 1 rows affected
05-06-2021 10:37:53.315 [main] INFO  o.f.c.i.s.DefaultSqlScriptExecutor.info - DB: таблица "book" не существует, пропускается
05-06-2021 10:37:53.315 [main] INFO  o.f.c.i.s.DefaultSqlScriptExecutor.info - 1 rows affected
05-06-2021 10:37:53.315 [main] INFO  o.f.c.i.s.DefaultSqlScriptExecutor.info - 1 rows affected
05-06-2021 10:37:53.315 [main] INFO  o.f.c.i.s.DefaultSqlScriptExecutor.info - 1 rows affected
05-06-2021 10:37:53.315 [main] INFO  o.f.c.i.s.DefaultSqlScriptExecutor.info - 1 rows affected
05-06-2021 10:37:53.315 [main] INFO  o.f.c.i.s.DefaultSqlScriptExecutor.info - 1 rows affected
05-06-2021 10:37:53.315 [main] INFO  o.f.c.i.s.DefaultSqlScriptExecutor.info - 1 rows affected
05-06-2021 10:37:53.315 [main] INFO  o.f.c.i.s.DefaultSqlScriptExecutor.info - 1 rows affected
05-06-2021 10:37:53.315 [main] INFO  o.f.c.i.s.DefaultSqlScriptExecutor.info - 1 rows affected
05-06-2021 10:37:53.315 [main] INFO  o.f.c.i.s.DefaultSqlScriptExecutor.info - 1 rows affected
05-06-2021 10:37:53.315 [main] INFO  o.f.c.i.s.DefaultSqlScriptExecutor.info - 1 rows affected
05-06-2021 10:37:53.315 [main] INFO  o.f.c.i.s.DefaultSqlScriptExecutor.info - DB: таблица "author_book" не существует, пропускается
05-06-2021 10:37:53.331 [main] INFO  o.f.c.i.s.DefaultSqlScriptExecutor.info - 1 rows affected
05-06-2021 10:37:53.331 [main] INFO  o.f.c.i.s.DefaultSqlScriptExecutor.info - 1 rows affected
05-06-2021 10:37:53.331 [main] INFO  o.f.c.i.s.DefaultSqlScriptExecutor.info - 1 rows affected
05-06-2021 10:37:53.331 [main] INFO  o.f.c.i.s.DefaultSqlScriptExecutor.info - 1 rows affected
05-06-2021 10:37:53.331 [main] INFO  o.f.c.i.s.DefaultSqlScriptExecutor.info - 1 rows affected
05-06-2021 10:37:53.331 [main] INFO  o.f.c.i.s.DefaultSqlScriptExecutor.info - 1 rows affected
05-06-2021 10:37:53.331 [main] INFO  o.f.c.i.s.DefaultSqlScriptExecutor.info - 1 rows affected
05-06-2021 10:37:53.331 [main] INFO  o.f.c.i.s.DefaultSqlScriptExecutor.info - 1 rows affected
05-06-2021 10:37:53.331 [main] INFO  o.f.c.i.s.DefaultSqlScriptExecutor.info - 1 rows affected
05-06-2021 10:37:53.331 [main] INFO  o.f.c.i.s.DefaultSqlScriptExecutor.info - 1 rows affected
05-06-2021 10:37:53.331 [main] INFO  o.f.c.i.s.DefaultSqlScriptExecutor.info - 1 rows affected
05-06-2021 10:37:53.331 [main] INFO  o.f.c.i.s.DefaultSqlScriptExecutor.info - 1 rows affected
05-06-2021 10:37:53.331 [main] INFO  o.f.c.i.s.DefaultSqlScriptExecutor.info - 1 rows affected
05-06-2021 10:37:53.331 [main] INFO  o.f.c.i.s.DefaultSqlScriptExecutor.info - 1 rows affected
05-06-2021 10:37:53.331 [main] INFO  o.f.c.i.s.DefaultSqlScriptExecutor.info - DB: таблица "category_book" не существует, пропускается
05-06-2021 10:37:53.331 [main] INFO  o.f.c.i.s.DefaultSqlScriptExecutor.info - 1 rows affected
05-06-2021 10:37:53.346 [main] INFO  o.f.c.i.s.DefaultSqlScriptExecutor.info - 1 rows affected
05-06-2021 10:37:53.346 [main] INFO  o.f.c.i.s.DefaultSqlScriptExecutor.info - 1 rows affected
05-06-2021 10:37:53.346 [main] INFO  o.f.c.i.s.DefaultSqlScriptExecutor.info - 1 rows affected
05-06-2021 10:37:53.346 [main] INFO  o.f.c.i.s.DefaultSqlScriptExecutor.info - 1 rows affected
05-06-2021 10:37:53.346 [main] INFO  o.f.c.i.s.DefaultSqlScriptExecutor.info - 1 rows affected
05-06-2021 10:37:53.346 [main] INFO  o.f.c.i.s.DefaultSqlScriptExecutor.info - 1 rows affected
05-06-2021 10:37:53.346 [main] INFO  o.f.c.i.s.DefaultSqlScriptExecutor.info - 1 rows affected
05-06-2021 10:37:53.346 [main] INFO  o.f.c.i.s.DefaultSqlScriptExecutor.info - 1 rows affected
05-06-2021 10:37:53.346 [main] INFO  o.f.c.i.s.DefaultSqlScriptExecutor.info - 1 rows affected
05-06-2021 10:37:53.346 [main] INFO  o.f.c.i.s.DefaultSqlScriptExecutor.info - 1 rows affected
05-06-2021 10:37:53.346 [main] INFO  o.f.c.i.s.DefaultSqlScriptExecutor.info - 1 rows affected
05-06-2021 10:37:53.346 [main] INFO  o.f.c.i.s.DefaultSqlScriptExecutor.info - 1 rows affected
05-06-2021 10:37:53.346 [main] INFO  o.f.c.i.s.DefaultSqlScriptExecutor.info - 1 rows affected
05-06-2021 10:37:53.346 [main] INFO  o.f.c.i.s.DefaultSqlScriptExecutor.info - 1 rows affected
05-06-2021 10:37:53.346 [main] INFO  o.f.c.i.s.DefaultSqlScriptExecutor.info - 1 rows affected
05-06-2021 10:37:53.346 [main] INFO  o.f.c.i.s.DefaultSqlScriptExecutor.info - 1 rows affected
05-06-2021 10:37:53.346 [main] INFO  o.f.c.i.s.DefaultSqlScriptExecutor.info - DB: таблица "orders" не существует, пропускается
05-06-2021 10:37:53.379 [main] INFO  o.f.core.internal.command.DbMigrate.info - Successfully applied 1 migration to schema "book_market", now at version v1 (execution time 00:00.162s)
05-06-2021 10:37:53.483 [main] INFO  o.h.jpa.internal.util.LogHelper.logPersistenceUnitInformation - HHH000204: Processing PersistenceUnitInfo [name: default]
05-06-2021 10:37:53.530 [main] INFO  org.hibernate.Version.logVersion - HHH000412: Hibernate ORM core version 5.4.30.Final
05-06-2021 10:37:53.608 [main] INFO  o.h.annotations.common.Version.<clinit> - HCANN000001: Hibernate Commons Annotations {5.1.2.Final}
05-06-2021 10:37:53.749 [main] INFO  org.hibernate.dialect.Dialect.<init> - HHH000400: Using dialect: org.hibernate.dialect.PostgreSQL94Dialect
05-06-2021 10:37:53.957 [main] INFO  org.hibernate.tuple.PojoInstantiator.<init> - HHH000182: No default (no-argument) constructor for class: ru.geekbrains.book.market.entities.Order (class must be instantiated by Interceptor)
05-06-2021 10:37:54.050 [main] INFO  org.hibernate.tuple.PojoInstantiator.<init> - HHH000182: No default (no-argument) constructor for class: ru.geekbrains.book.market.entities.OrderItem (class must be instantiated by Interceptor)
05-06-2021 10:37:54.144 [main] INFO  o.h.e.t.j.p.i.JtaPlatformInitiator.initiateService - HHH000490: Using JtaPlatform implementation: [org.hibernate.engine.transaction.jta.platform.internal.NoJtaPlatform]
05-06-2021 10:37:54.160 [main] INFO  o.s.o.j.LocalContainerEntityManagerFactoryBean.buildNativeEntityManagerFactory - Initialized JPA EntityManagerFactory for persistence unit 'default'
05-06-2021 10:37:54.222 [main] WARN  o.s.b.a.o.j.JpaBaseConfiguration$JpaWebConfiguration.openEntityManagerInViewInterceptor - spring.jpa.open-in-view is enabled by default. Therefore, database queries may be performed during view rendering. Explicitly configure spring.jpa.open-in-view to disable this warning
05-06-2021 10:37:55.316 [main] DEBUG o.s.w.s.m.m.a.RequestMappingHandlerMapping.handlerMethodsInitialized - 18 mappings in 'requestMappingHandlerMapping'
05-06-2021 10:37:55.516 [main] INFO  o.s.s.web.DefaultSecurityFilterChain.<init> - Will secure any request with [org.springframework.security.web.context.request.async.WebAsyncManagerIntegrationFilter@19cc697c, org.springframework.security.web.context.SecurityContextPersistenceFilter@276ae21c, org.springframework.security.web.header.HeaderWriterFilter@150963fe, org.springframework.security.web.authentication.logout.LogoutFilter@2420e962, ru.geekbrains.book.market.beans.JwtRequestFilter@47bfde21, org.springframework.security.web.savedrequest.RequestCacheAwareFilter@2f7e2481, org.springframework.security.web.servletapi.SecurityContextHolderAwareRequestFilter@5784f6b9, org.springframework.security.web.authentication.AnonymousAuthenticationFilter@33012e6f, org.springframework.security.web.session.SessionManagementFilter@4c1f4817, org.springframework.security.web.access.ExceptionTranslationFilter@7ae5f795, org.springframework.security.web.access.intercept.FilterSecurityInterceptor@f41db7f]
05-06-2021 10:37:55.563 [main] INFO  s.d.s.w.PropertySourcedRequestMappingHandlerMapping.initHandlerMethods - Mapped URL path [/v2/api-docs] onto method [springfox.documentation.swagger2.web.Swagger2Controller#getDocumentation(String, HttpServletRequest)]
05-06-2021 10:37:55.855 [main] INFO  o.s.s.c.ThreadPoolTaskExecutor.initialize - Initializing ExecutorService 'applicationTaskExecutor'
05-06-2021 10:37:55.873 [main] DEBUG o.s.w.s.m.m.a.RequestMappingHandlerAdapter.initControllerAdviceCache - ControllerAdvice beans: 0 @ModelAttribute, 0 @InitBinder, 1 RequestBodyAdvice, 1 ResponseBodyAdvice
05-06-2021 10:37:55.931 [main] DEBUG o.s.w.s.h.SimpleUrlHandlerMapping.logMappings - Patterns [/webjars/**, /**] in 'resourceHandlerMapping'
05-06-2021 10:37:55.941 [main] DEBUG o.s.w.s.m.m.a.ExceptionHandlerExceptionResolver.initExceptionHandlerAdviceCache - ControllerAdvice beans: 1 @ExceptionHandler, 1 ResponseBodyAdvice
05-06-2021 10:37:55.963 [main] WARN  o.s.b.a.m.MustacheAutoConfiguration.checkTemplateLocationExists - Cannot find template location: classpath:/templates/ (please add some templates, check your Mustache configuration, or set spring.mustache.check-template-location=false)
05-06-2021 10:37:56.152 [main] INFO  o.s.b.t.m.w.SpringBootMockServletContext.log - Initializing Spring TestDispatcherServlet ''
05-06-2021 10:37:56.152 [main] INFO  o.s.t.w.s.TestDispatcherServlet.initServletBean - Initializing Servlet ''
05-06-2021 10:37:56.154 [main] INFO  o.s.t.w.s.TestDispatcherServlet.initServletBean - Completed initialization in 1 ms
05-06-2021 10:37:56.165 [main] INFO  s.d.s.w.p.DocumentationPluginsBootstrapper.start - Context refreshed
05-06-2021 10:37:56.180 [main] INFO  s.d.s.w.p.DocumentationPluginsBootstrapper.start - Found 1 custom documentation plugin(s)
05-06-2021 10:37:56.208 [main] INFO  s.d.s.w.s.ApiListingReferenceScanner.scan - Scanning for api listing references
05-06-2021 10:37:56.364 [main] INFO  r.g.book.market.BookControllerTest.logStarted - Started BookControllerTest in 5.115 seconds (JVM running for 5.83)
05-06-2021 10:37:56.496 [main] DEBUG o.s.w.s.m.m.a.RequestMappingHandlerMapping.getHandler - Mapped to ru.geekbrains.book.market.controllers.BookController#findAllBooks(MultiValueMap, Integer)
05-06-2021 10:37:56.616 [main] DEBUG o.s.w.s.m.m.a.RequestResponseBodyMethodProcessor.writeWithMessageConverters - Using 'application/json', given [*/*] and supported [application/json, application/*+json, application/json, application/*+json]
05-06-2021 10:37:56.617 [main] DEBUG o.s.w.s.m.m.a.RequestResponseBodyMethodProcessor.traceDebug - Writing [Page 1 of 3 containing ru.geekbrains.book.market.dto.BookDto instances]
05-06-2021 10:37:56.661 [SpringContextShutdownHook] DEBUG o.s.w.c.s.GenericWebApplicationContext.doClose - Closing org.springframework.web.context.support.GenericWebApplicationContext@62c5bbdc, started on Sat Jun 05 10:37:51 MSK 2021
05-06-2021 10:37:56.668 [SpringContextShutdownHook] INFO  o.s.s.c.ThreadPoolTaskExecutor.shutdown - Shutting down ExecutorService 'applicationTaskExecutor'
05-06-2021 10:37:56.682 [SpringContextShutdownHook] INFO  o.s.o.j.LocalContainerEntityManagerFactoryBean.destroy - Closing JPA EntityManagerFactory for persistence unit 'default'
05-06-2021 10:37:56.683 [SpringContextShutdownHook] INFO  com.zaxxer.hikari.HikariDataSource.close - HikariPool-1 - Shutdown initiated...
05-06-2021 10:37:56.686 [SpringContextShutdownHook] INFO  com.zaxxer.hikari.HikariDataSource.close - HikariPool-1 - Shutdown completed.
05-06-2021 10:39:39.541 [main] INFO  r.g.book.market.BookControllerTest.logStarting - Starting BookControllerTest using Java 15.0.1 on PC with PID 4264 (started by Андрей in D:\2021\Java\book-market\book_market)
05-06-2021 10:39:39.542 [main] INFO  r.g.book.market.BookControllerTest.logStartupProfileInfo - The following profiles are active: test
05-06-2021 10:39:39.554 [main] DEBUG o.s.w.c.s.GenericWebApplicationContext.prepareRefresh - Refreshing org.springframework.web.context.support.GenericWebApplicationContext@62c5bbdc
05-06-2021 10:39:40.609 [main] INFO  o.s.c.s.PostProcessorRegistrationDelegate$BeanPostProcessorChecker.postProcessAfterInitialization - Bean 'webServiceConfig' of type [ru.geekbrains.book.market.configs.WebServiceConfig$$EnhancerBySpringCGLIB$$d13ad128] is not eligible for getting processed by all BeanPostProcessors (for example: not eligible for auto-proxying)
05-06-2021 10:39:40.609 [main] INFO  o.s.c.s.PostProcessorRegistrationDelegate$BeanPostProcessorChecker.postProcessAfterInitialization - Bean 'org.springframework.ws.config.annotation.DelegatingWsConfiguration' of type [org.springframework.ws.config.annotation.DelegatingWsConfiguration$$EnhancerBySpringCGLIB$$5e4c5e33] is not eligible for getting processed by all BeanPostProcessors (for example: not eligible for auto-proxying)
05-06-2021 10:39:40.640 [main] INFO  o.s.w.s.a.s.AnnotationActionEndpointMapping.afterPropertiesSet - Supporting [WS-Addressing August 2004, WS-Addressing 1.0]
05-06-2021 10:39:40.816 [main] INFO  o.f.c.i.license.VersionPrinter.info - Flyway Community Edition 7.8.1 by Redgate
05-06-2021 10:39:40.816 [main] INFO  com.zaxxer.hikari.HikariDataSource.getConnection - HikariPool-1 - Starting...
05-06-2021 10:39:40.909 [main] INFO  com.zaxxer.hikari.HikariDataSource.getConnection - HikariPool-1 - Start completed.
05-06-2021 10:39:40.925 [main] INFO  o.f.c.i.database.base.DatabaseType.info - Database: jdbc:postgresql://localhost:5432/db_book_market (PostgreSQL 13.2)
05-06-2021 10:39:40.956 [main] INFO  o.f.core.internal.command.DbValidate.info - Successfully validated 2 migrations (execution time 00:00.015s)
05-06-2021 10:39:40.972 [main] INFO  o.f.core.internal.command.DbMigrate.info - Current version of schema "book_market": 1
05-06-2021 10:39:40.972 [main] INFO  o.f.core.internal.command.DbMigrate.info - Schema "book_market" is up to date. No migration necessary.
05-06-2021 10:39:41.066 [main] INFO  o.h.jpa.internal.util.LogHelper.logPersistenceUnitInformation - HHH000204: Processing PersistenceUnitInfo [name: default]
05-06-2021 10:39:41.097 [main] INFO  org.hibernate.Version.logVersion - HHH000412: Hibernate ORM core version 5.4.30.Final
05-06-2021 10:39:41.191 [main] INFO  o.h.annotations.common.Version.<clinit> - HCANN000001: Hibernate Commons Annotations {5.1.2.Final}
05-06-2021 10:39:41.300 [main] INFO  org.hibernate.dialect.Dialect.<init> - HHH000400: Using dialect: org.hibernate.dialect.PostgreSQL94Dialect
05-06-2021 10:39:41.500 [main] INFO  org.hibernate.tuple.PojoInstantiator.<init> - HHH000182: No default (no-argument) constructor for class: ru.geekbrains.book.market.entities.Order (class must be instantiated by Interceptor)
05-06-2021 10:39:41.593 [main] INFO  org.hibernate.tuple.PojoInstantiator.<init> - HHH000182: No default (no-argument) constructor for class: ru.geekbrains.book.market.entities.OrderItem (class must be instantiated by Interceptor)
05-06-2021 10:39:41.687 [main] INFO  o.h.e.t.j.p.i.JtaPlatformInitiator.initiateService - HHH000490: Using JtaPlatform implementation: [org.hibernate.engine.transaction.jta.platform.internal.NoJtaPlatform]
05-06-2021 10:39:41.687 [main] INFO  o.s.o.j.LocalContainerEntityManagerFactoryBean.buildNativeEntityManagerFactory - Initialized JPA EntityManagerFactory for persistence unit 'default'
05-06-2021 10:39:41.750 [main] WARN  o.s.b.a.o.j.JpaBaseConfiguration$JpaWebConfiguration.openEntityManagerInViewInterceptor - spring.jpa.open-in-view is enabled by default. Therefore, database queries may be performed during view rendering. Explicitly configure spring.jpa.open-in-view to disable this warning
05-06-2021 10:39:42.680 [main] DEBUG o.s.w.s.m.m.a.RequestMappingHandlerMapping.handlerMethodsInitialized - 18 mappings in 'requestMappingHandlerMapping'
05-06-2021 10:39:42.860 [main] INFO  o.s.s.web.DefaultSecurityFilterChain.<init> - Will secure any request with [org.springframework.security.web.context.request.async.WebAsyncManagerIntegrationFilter@fbc1de9, org.springframework.security.web.context.SecurityContextPersistenceFilter@490e1017, org.springframework.security.web.header.HeaderWriterFilter@5c1605e2, org.springframework.security.web.authentication.logout.LogoutFilter@5acf51d7, ru.geekbrains.book.market.beans.JwtRequestFilter@5923210, org.springframework.security.web.savedrequest.RequestCacheAwareFilter@b45e264, org.springframework.security.web.servletapi.SecurityContextHolderAwareRequestFilter@4fd2b418, org.springframework.security.web.authentication.AnonymousAuthenticationFilter@295e9aef, org.springframework.security.web.session.SessionManagementFilter@616b2b2, org.springframework.security.web.access.ExceptionTranslationFilter@1bfa398e, org.springframework.security.web.access.intercept.FilterSecurityInterceptor@1fc51af7]
05-06-2021 10:39:42.891 [main] INFO  s.d.s.w.PropertySourcedRequestMappingHandlerMapping.initHandlerMethods - Mapped URL path [/v2/api-docs] onto method [springfox.documentation.swagger2.web.Swagger2Controller#getDocumentation(String, HttpServletRequest)]
05-06-2021 10:39:43.140 [main] INFO  o.s.s.c.ThreadPoolTaskExecutor.initialize - Initializing ExecutorService 'applicationTaskExecutor'
05-06-2021 10:39:43.156 [main] DEBUG o.s.w.s.m.m.a.RequestMappingHandlerAdapter.initControllerAdviceCache - ControllerAdvice beans: 0 @ModelAttribute, 0 @InitBinder, 1 RequestBodyAdvice, 1 ResponseBodyAdvice
05-06-2021 10:39:43.205 [main] DEBUG o.s.w.s.h.SimpleUrlHandlerMapping.logMappings - Patterns [/webjars/**, /**] in 'resourceHandlerMapping'
05-06-2021 10:39:43.214 [main] DEBUG o.s.w.s.m.m.a.ExceptionHandlerExceptionResolver.initExceptionHandlerAdviceCache - ControllerAdvice beans: 1 @ExceptionHandler, 1 ResponseBodyAdvice
05-06-2021 10:39:43.235 [main] WARN  o.s.b.a.m.MustacheAutoConfiguration.checkTemplateLocationExists - Cannot find template location: classpath:/templates/ (please add some templates, check your Mustache configuration, or set spring.mustache.check-template-location=false)
05-06-2021 10:39:43.437 [main] INFO  o.s.b.t.m.w.SpringBootMockServletContext.log - Initializing Spring TestDispatcherServlet ''
05-06-2021 10:39:43.437 [main] INFO  o.s.t.w.s.TestDispatcherServlet.initServletBean - Initializing Servlet ''
05-06-2021 10:39:43.438 [main] INFO  o.s.t.w.s.TestDispatcherServlet.initServletBean - Completed initialization in 1 ms
05-06-2021 10:39:43.449 [main] INFO  s.d.s.w.p.DocumentationPluginsBootstrapper.start - Context refreshed
05-06-2021 10:39:43.462 [main] INFO  s.d.s.w.p.DocumentationPluginsBootstrapper.start - Found 1 custom documentation plugin(s)
05-06-2021 10:39:43.489 [main] INFO  s.d.s.w.s.ApiListingReferenceScanner.scan - Scanning for api listing references
05-06-2021 10:39:43.619 [main] INFO  r.g.book.market.BookControllerTest.logStarted - Started BookControllerTest in 4.301 seconds (JVM running for 4.995)
05-06-2021 10:39:43.753 [main] DEBUG o.s.w.s.m.m.a.RequestMappingHandlerMapping.getHandler - Mapped to ru.geekbrains.book.market.controllers.BookController#findAllBooks(MultiValueMap, Integer)
05-06-2021 10:39:43.875 [main] DEBUG o.s.w.s.m.m.a.RequestResponseBodyMethodProcessor.writeWithMessageConverters - Using 'application/json', given [*/*] and supported [application/json, application/*+json, application/json, application/*+json]
05-06-2021 10:39:43.876 [main] DEBUG o.s.w.s.m.m.a.RequestResponseBodyMethodProcessor.traceDebug - Writing [Page 1 of 3 containing ru.geekbrains.book.market.dto.BookDto instances]
05-06-2021 10:39:43.908 [SpringContextShutdownHook] DEBUG o.s.w.c.s.GenericWebApplicationContext.doClose - Closing org.springframework.web.context.support.GenericWebApplicationContext@62c5bbdc, started on Sat Jun 05 10:39:39 MSK 2021
05-06-2021 10:39:43.914 [SpringContextShutdownHook] INFO  o.s.s.c.ThreadPoolTaskExecutor.shutdown - Shutting down ExecutorService 'applicationTaskExecutor'
05-06-2021 10:39:43.926 [SpringContextShutdownHook] INFO  o.s.o.j.LocalContainerEntityManagerFactoryBean.destroy - Closing JPA EntityManagerFactory for persistence unit 'default'
05-06-2021 10:39:43.927 [SpringContextShutdownHook] INFO  com.zaxxer.hikari.HikariDataSource.close - HikariPool-1 - Shutdown initiated...
05-06-2021 10:39:43.930 [SpringContextShutdownHook] INFO  com.zaxxer.hikari.HikariDataSource.close - HikariPool-1 - Shutdown completed.
05-06-2021 10:41:27.845 [main] INFO  r.g.book.market.BookControllerTest.logStarting - Starting BookControllerTest using Java 15.0.1 on PC with PID 7596 (started by Андрей in D:\2021\Java\book-market\book_market)
05-06-2021 10:41:27.846 [main] INFO  r.g.book.market.BookControllerTest.logStartupProfileInfo - The following profiles are active: test
05-06-2021 10:41:27.858 [main] DEBUG o.s.w.c.s.GenericWebApplicationContext.prepareRefresh - Refreshing org.springframework.web.context.support.GenericWebApplicationContext@62c5bbdc
05-06-2021 10:41:28.936 [main] INFO  o.s.c.s.PostProcessorRegistrationDelegate$BeanPostProcessorChecker.postProcessAfterInitialization - Bean 'webServiceConfig' of type [ru.geekbrains.book.market.configs.WebServiceConfig$$EnhancerBySpringCGLIB$$d13ad128] is not eligible for getting processed by all BeanPostProcessors (for example: not eligible for auto-proxying)
05-06-2021 10:41:28.936 [main] INFO  o.s.c.s.PostProcessorRegistrationDelegate$BeanPostProcessorChecker.postProcessAfterInitialization - Bean 'org.springframework.ws.config.annotation.DelegatingWsConfiguration' of type [org.springframework.ws.config.annotation.DelegatingWsConfiguration$$EnhancerBySpringCGLIB$$5e4c5e33] is not eligible for getting processed by all BeanPostProcessors (for example: not eligible for auto-proxying)
05-06-2021 10:41:28.975 [main] INFO  o.s.w.s.a.s.AnnotationActionEndpointMapping.afterPropertiesSet - Supporting [WS-Addressing August 2004, WS-Addressing 1.0]
05-06-2021 10:41:29.147 [main] INFO  o.f.c.i.license.VersionPrinter.info - Flyway Community Edition 7.8.1 by Redgate
05-06-2021 10:41:29.151 [main] INFO  com.zaxxer.hikari.HikariDataSource.getConnection - HikariPool-1 - Starting...
05-06-2021 10:41:29.242 [main] INFO  com.zaxxer.hikari.HikariDataSource.getConnection - HikariPool-1 - Start completed.
05-06-2021 10:41:29.265 [main] INFO  o.f.c.i.database.base.DatabaseType.info - Database: jdbc:postgresql://localhost:5432/db_book_market (PostgreSQL 13.2)
05-06-2021 10:41:29.290 [main] INFO  o.f.core.internal.command.DbValidate.info - Successfully validated 2 migrations (execution time 00:00.014s)
05-06-2021 10:41:29.294 [main] INFO  o.f.core.internal.command.DbMigrate.info - Current version of schema "book_market": 1
05-06-2021 10:41:29.295 [main] INFO  o.f.core.internal.command.DbMigrate.info - Schema "book_market" is up to date. No migration necessary.
05-06-2021 10:41:29.386 [main] INFO  o.h.jpa.internal.util.LogHelper.logPersistenceUnitInformation - HHH000204: Processing PersistenceUnitInfo [name: default]
05-06-2021 10:41:29.426 [main] INFO  org.hibernate.Version.logVersion - HHH000412: Hibernate ORM core version 5.4.30.Final
05-06-2021 10:41:29.527 [main] INFO  o.h.annotations.common.Version.<clinit> - HCANN000001: Hibernate Commons Annotations {5.1.2.Final}
05-06-2021 10:41:29.633 [main] INFO  org.hibernate.dialect.Dialect.<init> - HHH000400: Using dialect: org.hibernate.dialect.PostgreSQL94Dialect
05-06-2021 10:41:29.837 [main] INFO  org.hibernate.tuple.PojoInstantiator.<init> - HHH000182: No default (no-argument) constructor for class: ru.geekbrains.book.market.entities.Order (class must be instantiated by Interceptor)
05-06-2021 10:41:29.944 [main] INFO  org.hibernate.tuple.PojoInstantiator.<init> - HHH000182: No default (no-argument) constructor for class: ru.geekbrains.book.market.entities.OrderItem (class must be instantiated by Interceptor)
05-06-2021 10:41:30.038 [main] INFO  o.h.e.t.j.p.i.JtaPlatformInitiator.initiateService - HHH000490: Using JtaPlatform implementation: [org.hibernate.engine.transaction.jta.platform.internal.NoJtaPlatform]
05-06-2021 10:41:30.044 [main] INFO  o.s.o.j.LocalContainerEntityManagerFactoryBean.buildNativeEntityManagerFactory - Initialized JPA EntityManagerFactory for persistence unit 'default'
05-06-2021 10:41:30.096 [main] WARN  o.s.b.a.o.j.JpaBaseConfiguration$JpaWebConfiguration.openEntityManagerInViewInterceptor - spring.jpa.open-in-view is enabled by default. Therefore, database queries may be performed during view rendering. Explicitly configure spring.jpa.open-in-view to disable this warning
05-06-2021 10:41:31.048 [main] DEBUG o.s.w.s.m.m.a.RequestMappingHandlerMapping.handlerMethodsInitialized - 18 mappings in 'requestMappingHandlerMapping'
05-06-2021 10:41:31.219 [main] INFO  o.s.s.web.DefaultSecurityFilterChain.<init> - Will secure any request with [org.springframework.security.web.context.request.async.WebAsyncManagerIntegrationFilter@fbc1de9, org.springframework.security.web.context.SecurityContextPersistenceFilter@490e1017, org.springframework.security.web.header.HeaderWriterFilter@5c1605e2, org.springframework.security.web.authentication.logout.LogoutFilter@5acf51d7, ru.geekbrains.book.market.beans.JwtRequestFilter@5923210, org.springframework.security.web.savedrequest.RequestCacheAwareFilter@b45e264, org.springframework.security.web.servletapi.SecurityContextHolderAwareRequestFilter@4fd2b418, org.springframework.security.web.authentication.AnonymousAuthenticationFilter@295e9aef, org.springframework.security.web.session.SessionManagementFilter@616b2b2, org.springframework.security.web.access.ExceptionTranslationFilter@1bfa398e, org.springframework.security.web.access.intercept.FilterSecurityInterceptor@1fc51af7]
05-06-2021 10:41:31.250 [main] INFO  s.d.s.w.PropertySourcedRequestMappingHandlerMapping.initHandlerMethods - Mapped URL path [/v2/api-docs] onto method [springfox.documentation.swagger2.web.Swagger2Controller#getDocumentation(String, HttpServletRequest)]
05-06-2021 10:41:31.524 [main] INFO  o.s.s.c.ThreadPoolTaskExecutor.initialize - Initializing ExecutorService 'applicationTaskExecutor'
05-06-2021 10:41:31.540 [main] DEBUG o.s.w.s.m.m.a.RequestMappingHandlerAdapter.initControllerAdviceCache - ControllerAdvice beans: 0 @ModelAttribute, 0 @InitBinder, 1 RequestBodyAdvice, 1 ResponseBodyAdvice
05-06-2021 10:41:31.593 [main] DEBUG o.s.w.s.h.SimpleUrlHandlerMapping.logMappings - Patterns [/webjars/**, /**] in 'resourceHandlerMapping'
05-06-2021 10:41:31.603 [main] DEBUG o.s.w.s.m.m.a.ExceptionHandlerExceptionResolver.initExceptionHandlerAdviceCache - ControllerAdvice beans: 1 @ExceptionHandler, 1 ResponseBodyAdvice
05-06-2021 10:41:31.624 [main] WARN  o.s.b.a.m.MustacheAutoConfiguration.checkTemplateLocationExists - Cannot find template location: classpath:/templates/ (please add some templates, check your Mustache configuration, or set spring.mustache.check-template-location=false)
05-06-2021 10:41:31.830 [main] INFO  o.s.b.t.m.w.SpringBootMockServletContext.log - Initializing Spring TestDispatcherServlet ''
05-06-2021 10:41:31.831 [main] INFO  o.s.t.w.s.TestDispatcherServlet.initServletBean - Initializing Servlet ''
05-06-2021 10:41:31.832 [main] INFO  o.s.t.w.s.TestDispatcherServlet.initServletBean - Completed initialization in 1 ms
05-06-2021 10:41:31.841 [main] INFO  s.d.s.w.p.DocumentationPluginsBootstrapper.start - Context refreshed
05-06-2021 10:41:31.857 [main] INFO  s.d.s.w.p.DocumentationPluginsBootstrapper.start - Found 1 custom documentation plugin(s)
05-06-2021 10:41:31.885 [main] INFO  s.d.s.w.s.ApiListingReferenceScanner.scan - Scanning for api listing references
05-06-2021 10:41:32.029 [main] INFO  r.g.book.market.BookControllerTest.logStarted - Started BookControllerTest in 4.405 seconds (JVM running for 5.114)
05-06-2021 10:41:32.168 [main] DEBUG o.s.w.s.m.m.a.RequestMappingHandlerMapping.getHandler - Mapped to ru.geekbrains.book.market.controllers.BookController#findAllBooks(MultiValueMap, Integer)
05-06-2021 10:41:32.281 [main] DEBUG o.s.w.s.m.m.a.RequestResponseBodyMethodProcessor.writeWithMessageConverters - Using 'application/json', given [*/*] and supported [application/json, application/*+json, application/json, application/*+json]
05-06-2021 10:41:32.282 [main] DEBUG o.s.w.s.m.m.a.RequestResponseBodyMethodProcessor.traceDebug - Writing [Page 1 of 3 containing ru.geekbrains.book.market.dto.BookDto instances]
05-06-2021 10:41:32.318 [SpringContextShutdownHook] DEBUG o.s.w.c.s.GenericWebApplicationContext.doClose - Closing org.springframework.web.context.support.GenericWebApplicationContext@62c5bbdc, started on Sat Jun 05 10:41:27 MSK 2021
05-06-2021 10:41:32.324 [SpringContextShutdownHook] INFO  o.s.s.c.ThreadPoolTaskExecutor.shutdown - Shutting down ExecutorService 'applicationTaskExecutor'
05-06-2021 10:41:32.336 [SpringContextShutdownHook] INFO  o.s.o.j.LocalContainerEntityManagerFactoryBean.destroy - Closing JPA EntityManagerFactory for persistence unit 'default'
05-06-2021 10:41:32.337 [SpringContextShutdownHook] INFO  com.zaxxer.hikari.HikariDataSource.close - HikariPool-1 - Shutdown initiated...
05-06-2021 10:41:32.339 [SpringContextShutdownHook] INFO  com.zaxxer.hikari.HikariDataSource.close - HikariPool-1 - Shutdown completed.
05-06-2021 10:43:01.989 [main] INFO  r.g.book.market.BookControllerTest.logStarting - Starting BookControllerTest using Java 15.0.1 on PC with PID 7464 (started by Андрей in D:\2021\Java\book-market\book_market)
05-06-2021 10:43:01.989 [main] INFO  r.g.book.market.BookControllerTest.logStartupProfileInfo - The following profiles are active: test
05-06-2021 10:43:01.989 [main] DEBUG o.s.w.c.s.GenericWebApplicationContext.prepareRefresh - Refreshing org.springframework.web.context.support.GenericWebApplicationContext@62c5bbdc
05-06-2021 10:43:03.036 [main] INFO  o.s.c.s.PostProcessorRegistrationDelegate$BeanPostProcessorChecker.postProcessAfterInitialization - Bean 'webServiceConfig' of type [ru.geekbrains.book.market.configs.WebServiceConfig$$EnhancerBySpringCGLIB$$d13ad128] is not eligible for getting processed by all BeanPostProcessors (for example: not eligible for auto-proxying)
05-06-2021 10:43:03.036 [main] INFO  o.s.c.s.PostProcessorRegistrationDelegate$BeanPostProcessorChecker.postProcessAfterInitialization - Bean 'org.springframework.ws.config.annotation.DelegatingWsConfiguration' of type [org.springframework.ws.config.annotation.DelegatingWsConfiguration$$EnhancerBySpringCGLIB$$5e4c5e33] is not eligible for getting processed by all BeanPostProcessors (for example: not eligible for auto-proxying)
05-06-2021 10:43:03.067 [main] INFO  o.s.w.s.a.s.AnnotationActionEndpointMapping.afterPropertiesSet - Supporting [WS-Addressing August 2004, WS-Addressing 1.0]
05-06-2021 10:43:03.239 [main] INFO  o.f.c.i.license.VersionPrinter.info - Flyway Community Edition 7.8.1 by Redgate
05-06-2021 10:43:03.239 [main] INFO  com.zaxxer.hikari.HikariDataSource.getConnection - HikariPool-1 - Starting...
05-06-2021 10:43:03.332 [main] INFO  com.zaxxer.hikari.HikariDataSource.getConnection - HikariPool-1 - Start completed.
05-06-2021 10:43:03.348 [main] INFO  o.f.c.i.database.base.DatabaseType.info - Database: jdbc:postgresql://localhost:5432/db_book_market (PostgreSQL 13.2)
05-06-2021 10:43:03.379 [main] INFO  o.f.core.internal.command.DbValidate.info - Successfully validated 2 migrations (execution time 00:00.014s)
05-06-2021 10:43:03.379 [main] INFO  o.f.core.internal.command.DbMigrate.info - Current version of schema "book_market": 1
05-06-2021 10:43:03.379 [main] INFO  o.f.core.internal.command.DbMigrate.info - Schema "book_market" is up to date. No migration necessary.
05-06-2021 10:43:03.473 [main] INFO  o.h.jpa.internal.util.LogHelper.logPersistenceUnitInformation - HHH000204: Processing PersistenceUnitInfo [name: default]
05-06-2021 10:43:03.504 [main] INFO  org.hibernate.Version.logVersion - HHH000412: Hibernate ORM core version 5.4.30.Final
05-06-2021 10:43:03.598 [main] INFO  o.h.annotations.common.Version.<clinit> - HCANN000001: Hibernate Commons Annotations {5.1.2.Final}
05-06-2021 10:43:03.708 [main] INFO  org.hibernate.dialect.Dialect.<init> - HHH000400: Using dialect: org.hibernate.dialect.PostgreSQL94Dialect
05-06-2021 10:43:03.913 [main] INFO  org.hibernate.tuple.PojoInstantiator.<init> - HHH000182: No default (no-argument) constructor for class: ru.geekbrains.book.market.entities.Order (class must be instantiated by Interceptor)
05-06-2021 10:43:04.007 [main] INFO  org.hibernate.tuple.PojoInstantiator.<init> - HHH000182: No default (no-argument) constructor for class: ru.geekbrains.book.market.entities.OrderItem (class must be instantiated by Interceptor)
05-06-2021 10:43:04.085 [main] INFO  o.h.e.t.j.p.i.JtaPlatformInitiator.initiateService - HHH000490: Using JtaPlatform implementation: [org.hibernate.engine.transaction.jta.platform.internal.NoJtaPlatform]
05-06-2021 10:43:04.101 [main] INFO  o.s.o.j.LocalContainerEntityManagerFactoryBean.buildNativeEntityManagerFactory - Initialized JPA EntityManagerFactory for persistence unit 'default'
05-06-2021 10:43:04.148 [main] WARN  o.s.b.a.o.j.JpaBaseConfiguration$JpaWebConfiguration.openEntityManagerInViewInterceptor - spring.jpa.open-in-view is enabled by default. Therefore, database queries may be performed during view rendering. Explicitly configure spring.jpa.open-in-view to disable this warning
05-06-2021 10:43:05.098 [main] DEBUG o.s.w.s.m.m.a.RequestMappingHandlerMapping.handlerMethodsInitialized - 18 mappings in 'requestMappingHandlerMapping'
05-06-2021 10:43:05.258 [main] INFO  o.s.s.web.DefaultSecurityFilterChain.<init> - Will secure any request with [org.springframework.security.web.context.request.async.WebAsyncManagerIntegrationFilter@fbc1de9, org.springframework.security.web.context.SecurityContextPersistenceFilter@490e1017, org.springframework.security.web.header.HeaderWriterFilter@5c1605e2, org.springframework.security.web.authentication.logout.LogoutFilter@5acf51d7, ru.geekbrains.book.market.beans.JwtRequestFilter@5923210, org.springframework.security.web.savedrequest.RequestCacheAwareFilter@b45e264, org.springframework.security.web.servletapi.SecurityContextHolderAwareRequestFilter@4fd2b418, org.springframework.security.web.authentication.AnonymousAuthenticationFilter@295e9aef, org.springframework.security.web.session.SessionManagementFilter@616b2b2, org.springframework.security.web.access.ExceptionTranslationFilter@1bfa398e, org.springframework.security.web.access.intercept.FilterSecurityInterceptor@1fc51af7]
05-06-2021 10:43:05.289 [main] INFO  s.d.s.w.PropertySourcedRequestMappingHandlerMapping.initHandlerMethods - Mapped URL path [/v2/api-docs] onto method [springfox.documentation.swagger2.web.Swagger2Controller#getDocumentation(String, HttpServletRequest)]
05-06-2021 10:43:05.527 [main] INFO  o.s.s.c.ThreadPoolTaskExecutor.initialize - Initializing ExecutorService 'applicationTaskExecutor'
05-06-2021 10:43:05.542 [main] DEBUG o.s.w.s.m.m.a.RequestMappingHandlerAdapter.initControllerAdviceCache - ControllerAdvice beans: 0 @ModelAttribute, 0 @InitBinder, 1 RequestBodyAdvice, 1 ResponseBodyAdvice
05-06-2021 10:43:05.605 [main] DEBUG o.s.w.s.h.SimpleUrlHandlerMapping.logMappings - Patterns [/webjars/**, /**] in 'resourceHandlerMapping'
05-06-2021 10:43:05.611 [main] DEBUG o.s.w.s.m.m.a.ExceptionHandlerExceptionResolver.initExceptionHandlerAdviceCache - ControllerAdvice beans: 1 @ExceptionHandler, 1 ResponseBodyAdvice
05-06-2021 10:43:05.627 [main] WARN  o.s.b.a.m.MustacheAutoConfiguration.checkTemplateLocationExists - Cannot find template location: classpath:/templates/ (please add some templates, check your Mustache configuration, or set spring.mustache.check-template-location=false)
05-06-2021 10:43:05.842 [main] INFO  o.s.b.t.m.w.SpringBootMockServletContext.log - Initializing Spring TestDispatcherServlet ''
05-06-2021 10:43:05.842 [main] INFO  o.s.t.w.s.TestDispatcherServlet.initServletBean - Initializing Servlet ''
05-06-2021 10:43:05.842 [main] INFO  o.s.t.w.s.TestDispatcherServlet.initServletBean - Completed initialization in 0 ms
05-06-2021 10:43:05.858 [main] INFO  s.d.s.w.p.DocumentationPluginsBootstrapper.start - Context refreshed
05-06-2021 10:43:05.858 [main] INFO  s.d.s.w.p.DocumentationPluginsBootstrapper.start - Found 1 custom documentation plugin(s)
05-06-2021 10:43:05.889 [main] INFO  s.d.s.w.s.ApiListingReferenceScanner.scan - Scanning for api listing references
05-06-2021 10:43:06.042 [main] INFO  r.g.book.market.BookControllerTest.logStarted - Started BookControllerTest in 4.276 seconds (JVM running for 4.979)
05-06-2021 10:43:06.173 [main] DEBUG o.s.w.s.m.m.a.RequestMappingHandlerMapping.getHandler - Mapped to ru.geekbrains.book.market.controllers.BookController#findAllBooks(MultiValueMap, Integer)
05-06-2021 10:43:06.289 [main] DEBUG o.s.w.s.m.m.a.RequestResponseBodyMethodProcessor.writeWithMessageConverters - Using 'application/json', given [*/*] and supported [application/json, application/*+json, application/json, application/*+json]
05-06-2021 10:43:06.289 [main] DEBUG o.s.w.s.m.m.a.RequestResponseBodyMethodProcessor.traceDebug - Writing [Page 1 of 3 containing ru.geekbrains.book.market.dto.BookDto instances]
05-06-2021 10:43:06.342 [SpringContextShutdownHook] DEBUG o.s.w.c.s.GenericWebApplicationContext.doClose - Closing org.springframework.web.context.support.GenericWebApplicationContext@62c5bbdc, started on Sat Jun 05 10:43:01 MSK 2021
05-06-2021 10:43:06.342 [SpringContextShutdownHook] INFO  o.s.s.c.ThreadPoolTaskExecutor.shutdown - Shutting down ExecutorService 'applicationTaskExecutor'
05-06-2021 10:43:06.357 [SpringContextShutdownHook] INFO  o.s.o.j.LocalContainerEntityManagerFactoryBean.destroy - Closing JPA EntityManagerFactory for persistence unit 'default'
05-06-2021 10:43:06.357 [SpringContextShutdownHook] INFO  com.zaxxer.hikari.HikariDataSource.close - HikariPool-1 - Shutdown initiated...
05-06-2021 10:43:06.357 [SpringContextShutdownHook] INFO  com.zaxxer.hikari.HikariDataSource.close - HikariPool-1 - Shutdown completed.
05-06-2021 10:44:00.586 [main] INFO  r.g.book.market.BookControllerTest.logStarting - Starting BookControllerTest using Java 15.0.1 on PC with PID 7736 (started by Андрей in D:\2021\Java\book-market\book_market)
05-06-2021 10:44:00.586 [main] INFO  r.g.book.market.BookControllerTest.logStartupProfileInfo - The following profiles are active: test
05-06-2021 10:44:00.601 [main] DEBUG o.s.w.c.s.GenericWebApplicationContext.prepareRefresh - Refreshing org.springframework.web.context.support.GenericWebApplicationContext@62c5bbdc
05-06-2021 10:44:01.648 [main] INFO  o.s.c.s.PostProcessorRegistrationDelegate$BeanPostProcessorChecker.postProcessAfterInitialization - Bean 'webServiceConfig' of type [ru.geekbrains.book.market.configs.WebServiceConfig$$EnhancerBySpringCGLIB$$d13ad128] is not eligible for getting processed by all BeanPostProcessors (for example: not eligible for auto-proxying)
05-06-2021 10:44:01.648 [main] INFO  o.s.c.s.PostProcessorRegistrationDelegate$BeanPostProcessorChecker.postProcessAfterInitialization - Bean 'org.springframework.ws.config.annotation.DelegatingWsConfiguration' of type [org.springframework.ws.config.annotation.DelegatingWsConfiguration$$EnhancerBySpringCGLIB$$5e4c5e33] is not eligible for getting processed by all BeanPostProcessors (for example: not eligible for auto-proxying)
05-06-2021 10:44:01.679 [main] INFO  o.s.w.s.a.s.AnnotationActionEndpointMapping.afterPropertiesSet - Supporting [WS-Addressing August 2004, WS-Addressing 1.0]
05-06-2021 10:44:01.851 [main] INFO  o.f.c.i.license.VersionPrinter.info - Flyway Community Edition 7.8.1 by Redgate
05-06-2021 10:44:01.851 [main] INFO  com.zaxxer.hikari.HikariDataSource.getConnection - HikariPool-1 - Starting...
05-06-2021 10:44:01.945 [main] INFO  com.zaxxer.hikari.HikariDataSource.getConnection - HikariPool-1 - Start completed.
05-06-2021 10:44:01.961 [main] INFO  o.f.c.i.database.base.DatabaseType.info - Database: jdbc:postgresql://localhost:5432/db_book_market (PostgreSQL 13.2)
05-06-2021 10:44:01.992 [main] INFO  o.f.core.internal.command.DbValidate.info - Successfully validated 2 migrations (execution time 00:00.014s)
05-06-2021 10:44:01.992 [main] INFO  o.f.core.internal.command.DbMigrate.info - Current version of schema "book_market": 1
05-06-2021 10:44:01.992 [main] INFO  o.f.core.internal.command.DbMigrate.info - Schema "book_market" is up to date. No migration necessary.
05-06-2021 10:44:02.085 [main] INFO  o.h.jpa.internal.util.LogHelper.logPersistenceUnitInformation - HHH000204: Processing PersistenceUnitInfo [name: default]
05-06-2021 10:44:02.131 [main] INFO  org.hibernate.Version.logVersion - HHH000412: Hibernate ORM core version 5.4.30.Final
05-06-2021 10:44:02.225 [main] INFO  o.h.annotations.common.Version.<clinit> - HCANN000001: Hibernate Commons Annotations {5.1.2.Final}
05-06-2021 10:44:02.335 [main] INFO  org.hibernate.dialect.Dialect.<init> - HHH000400: Using dialect: org.hibernate.dialect.PostgreSQL94Dialect
05-06-2021 10:44:02.522 [main] INFO  org.hibernate.tuple.PojoInstantiator.<init> - HHH000182: No default (no-argument) constructor for class: ru.geekbrains.book.market.entities.Order (class must be instantiated by Interceptor)
05-06-2021 10:44:02.616 [main] INFO  org.hibernate.tuple.PojoInstantiator.<init> - HHH000182: No default (no-argument) constructor for class: ru.geekbrains.book.market.entities.OrderItem (class must be instantiated by Interceptor)
05-06-2021 10:44:02.710 [main] INFO  o.h.e.t.j.p.i.JtaPlatformInitiator.initiateService - HHH000490: Using JtaPlatform implementation: [org.hibernate.engine.transaction.jta.platform.internal.NoJtaPlatform]
05-06-2021 10:44:02.710 [main] INFO  o.s.o.j.LocalContainerEntityManagerFactoryBean.buildNativeEntityManagerFactory - Initialized JPA EntityManagerFactory for persistence unit 'default'
05-06-2021 10:44:02.756 [main] WARN  o.s.b.a.o.j.JpaBaseConfiguration$JpaWebConfiguration.openEntityManagerInViewInterceptor - spring.jpa.open-in-view is enabled by default. Therefore, database queries may be performed during view rendering. Explicitly configure spring.jpa.open-in-view to disable this warning
05-06-2021 10:44:03.713 [main] DEBUG o.s.w.s.m.m.a.RequestMappingHandlerMapping.handlerMethodsInitialized - 18 mappings in 'requestMappingHandlerMapping'
05-06-2021 10:44:03.894 [main] INFO  o.s.s.web.DefaultSecurityFilterChain.<init> - Will secure any request with [org.springframework.security.web.context.request.async.WebAsyncManagerIntegrationFilter@fbc1de9, org.springframework.security.web.context.SecurityContextPersistenceFilter@490e1017, org.springframework.security.web.header.HeaderWriterFilter@5c1605e2, org.springframework.security.web.authentication.logout.LogoutFilter@5acf51d7, ru.geekbrains.book.market.beans.JwtRequestFilter@5923210, org.springframework.security.web.savedrequest.RequestCacheAwareFilter@b45e264, org.springframework.security.web.servletapi.SecurityContextHolderAwareRequestFilter@4fd2b418, org.springframework.security.web.authentication.AnonymousAuthenticationFilter@295e9aef, org.springframework.security.web.session.SessionManagementFilter@616b2b2, org.springframework.security.web.access.ExceptionTranslationFilter@1bfa398e, org.springframework.security.web.access.intercept.FilterSecurityInterceptor@1fc51af7]
05-06-2021 10:44:03.909 [main] INFO  s.d.s.w.PropertySourcedRequestMappingHandlerMapping.initHandlerMethods - Mapped URL path [/v2/api-docs] onto method [springfox.documentation.swagger2.web.Swagger2Controller#getDocumentation(String, HttpServletRequest)]
05-06-2021 10:44:04.170 [main] INFO  o.s.s.c.ThreadPoolTaskExecutor.initialize - Initializing ExecutorService 'applicationTaskExecutor'
05-06-2021 10:44:04.185 [main] DEBUG o.s.w.s.m.m.a.RequestMappingHandlerAdapter.initControllerAdviceCache - ControllerAdvice beans: 0 @ModelAttribute, 0 @InitBinder, 1 RequestBodyAdvice, 1 ResponseBodyAdvice
05-06-2021 10:44:04.239 [main] DEBUG o.s.w.s.h.SimpleUrlHandlerMapping.logMappings - Patterns [/webjars/**, /**] in 'resourceHandlerMapping'
05-06-2021 10:44:04.254 [main] DEBUG o.s.w.s.m.m.a.ExceptionHandlerExceptionResolver.initExceptionHandlerAdviceCache - ControllerAdvice beans: 1 @ExceptionHandler, 1 ResponseBodyAdvice
05-06-2021 10:44:04.270 [main] WARN  o.s.b.a.m.MustacheAutoConfiguration.checkTemplateLocationExists - Cannot find template location: classpath:/templates/ (please add some templates, check your Mustache configuration, or set spring.mustache.check-template-location=false)
05-06-2021 10:44:04.454 [main] INFO  o.s.b.t.m.w.SpringBootMockServletContext.log - Initializing Spring TestDispatcherServlet ''
05-06-2021 10:44:04.454 [main] INFO  o.s.t.w.s.TestDispatcherServlet.initServletBean - Initializing Servlet ''
05-06-2021 10:44:04.454 [main] INFO  o.s.t.w.s.TestDispatcherServlet.initServletBean - Completed initialization in 0 ms
05-06-2021 10:44:04.470 [main] INFO  s.d.s.w.p.DocumentationPluginsBootstrapper.start - Context refreshed
05-06-2021 10:44:04.485 [main] INFO  s.d.s.w.p.DocumentationPluginsBootstrapper.start - Found 1 custom documentation plugin(s)
05-06-2021 10:44:04.501 [main] INFO  s.d.s.w.s.ApiListingReferenceScanner.scan - Scanning for api listing references
05-06-2021 10:44:04.662 [main] INFO  r.g.book.market.BookControllerTest.logStarted - Started BookControllerTest in 4.284 seconds (JVM running for 5.023)
05-06-2021 10:44:04.787 [main] DEBUG o.s.w.s.m.m.a.RequestMappingHandlerMapping.getHandler - Mapped to ru.geekbrains.book.market.controllers.BookController#findAllBooks(MultiValueMap, Integer)
05-06-2021 10:44:04.901 [main] DEBUG o.s.w.s.m.m.a.RequestResponseBodyMethodProcessor.writeWithMessageConverters - Using 'application/json', given [*/*] and supported [application/json, application/*+json, application/json, application/*+json]
05-06-2021 10:44:04.901 [main] DEBUG o.s.w.s.m.m.a.RequestResponseBodyMethodProcessor.traceDebug - Writing [Page 1 of 3 containing ru.geekbrains.book.market.dto.BookDto instances]
05-06-2021 10:44:04.937 [SpringContextShutdownHook] DEBUG o.s.w.c.s.GenericWebApplicationContext.doClose - Closing org.springframework.web.context.support.GenericWebApplicationContext@62c5bbdc, started on Sat Jun 05 10:44:00 MSK 2021
05-06-2021 10:44:04.938 [SpringContextShutdownHook] INFO  o.s.s.c.ThreadPoolTaskExecutor.shutdown - Shutting down ExecutorService 'applicationTaskExecutor'
05-06-2021 10:44:04.954 [SpringContextShutdownHook] INFO  o.s.o.j.LocalContainerEntityManagerFactoryBean.destroy - Closing JPA EntityManagerFactory for persistence unit 'default'
05-06-2021 10:44:04.954 [SpringContextShutdownHook] INFO  com.zaxxer.hikari.HikariDataSource.close - HikariPool-1 - Shutdown initiated...
05-06-2021 10:44:04.954 [SpringContextShutdownHook] INFO  com.zaxxer.hikari.HikariDataSource.close - HikariPool-1 - Shutdown completed.
05-06-2021 10:44:22.571 [main] INFO  r.g.book.market.BookControllerTest.logStarting - Starting BookControllerTest using Java 15.0.1 on PC with PID 9280 (started by Андрей in D:\2021\Java\book-market\book_market)
05-06-2021 10:44:22.571 [main] INFO  r.g.book.market.BookControllerTest.logStartupProfileInfo - The following profiles are active: test
05-06-2021 10:44:22.587 [main] DEBUG o.s.w.c.s.GenericWebApplicationContext.prepareRefresh - Refreshing org.springframework.web.context.support.GenericWebApplicationContext@62c5bbdc
05-06-2021 10:44:23.644 [main] INFO  o.s.c.s.PostProcessorRegistrationDelegate$BeanPostProcessorChecker.postProcessAfterInitialization - Bean 'webServiceConfig' of type [ru.geekbrains.book.market.configs.WebServiceConfig$$EnhancerBySpringCGLIB$$d13ad128] is not eligible for getting processed by all BeanPostProcessors (for example: not eligible for auto-proxying)
05-06-2021 10:44:23.644 [main] INFO  o.s.c.s.PostProcessorRegistrationDelegate$BeanPostProcessorChecker.postProcessAfterInitialization - Bean 'org.springframework.ws.config.annotation.DelegatingWsConfiguration' of type [org.springframework.ws.config.annotation.DelegatingWsConfiguration$$EnhancerBySpringCGLIB$$5e4c5e33] is not eligible for getting processed by all BeanPostProcessors (for example: not eligible for auto-proxying)
05-06-2021 10:44:23.675 [main] INFO  o.s.w.s.a.s.AnnotationActionEndpointMapping.afterPropertiesSet - Supporting [WS-Addressing August 2004, WS-Addressing 1.0]
05-06-2021 10:44:23.863 [main] INFO  o.f.c.i.license.VersionPrinter.info - Flyway Community Edition 7.8.1 by Redgate
05-06-2021 10:44:23.863 [main] INFO  com.zaxxer.hikari.HikariDataSource.getConnection - HikariPool-1 - Starting...
05-06-2021 10:44:23.956 [main] INFO  com.zaxxer.hikari.HikariDataSource.getConnection - HikariPool-1 - Start completed.
05-06-2021 10:44:23.988 [main] INFO  o.f.c.i.database.base.DatabaseType.info - Database: jdbc:postgresql://localhost:5432/db_book_market (PostgreSQL 13.2)
05-06-2021 10:44:24.003 [main] INFO  o.f.core.internal.command.DbValidate.info - Successfully validated 2 migrations (execution time 00:00.015s)
05-06-2021 10:44:24.019 [main] INFO  o.f.core.internal.command.DbMigrate.info - Current version of schema "book_market": 1
05-06-2021 10:44:24.019 [main] INFO  o.f.core.internal.command.DbMigrate.info - Schema "book_market" is up to date. No migration necessary.
05-06-2021 10:44:24.097 [main] INFO  o.h.jpa.internal.util.LogHelper.logPersistenceUnitInformation - HHH000204: Processing PersistenceUnitInfo [name: default]
05-06-2021 10:44:24.144 [main] INFO  org.hibernate.Version.logVersion - HHH000412: Hibernate ORM core version 5.4.30.Final
05-06-2021 10:44:24.238 [main] INFO  o.h.annotations.common.Version.<clinit> - HCANN000001: Hibernate Commons Annotations {5.1.2.Final}
05-06-2021 10:44:24.347 [main] INFO  org.hibernate.dialect.Dialect.<init> - HHH000400: Using dialect: org.hibernate.dialect.PostgreSQL94Dialect
05-06-2021 10:44:24.550 [main] INFO  org.hibernate.tuple.PojoInstantiator.<init> - HHH000182: No default (no-argument) constructor for class: ru.geekbrains.book.market.entities.Order (class must be instantiated by Interceptor)
05-06-2021 10:44:24.659 [main] INFO  org.hibernate.tuple.PojoInstantiator.<init> - HHH000182: No default (no-argument) constructor for class: ru.geekbrains.book.market.entities.OrderItem (class must be instantiated by Interceptor)
05-06-2021 10:44:24.738 [main] INFO  o.h.e.t.j.p.i.JtaPlatformInitiator.initiateService - HHH000490: Using JtaPlatform implementation: [org.hibernate.engine.transaction.jta.platform.internal.NoJtaPlatform]
05-06-2021 10:44:24.753 [main] INFO  o.s.o.j.LocalContainerEntityManagerFactoryBean.buildNativeEntityManagerFactory - Initialized JPA EntityManagerFactory for persistence unit 'default'
05-06-2021 10:44:24.816 [main] WARN  o.s.b.a.o.j.JpaBaseConfiguration$JpaWebConfiguration.openEntityManagerInViewInterceptor - spring.jpa.open-in-view is enabled by default. Therefore, database queries may be performed during view rendering. Explicitly configure spring.jpa.open-in-view to disable this warning
05-06-2021 10:44:25.761 [main] DEBUG o.s.w.s.m.m.a.RequestMappingHandlerMapping.handlerMethodsInitialized - 18 mappings in 'requestMappingHandlerMapping'
05-06-2021 10:44:25.921 [main] INFO  o.s.s.web.DefaultSecurityFilterChain.<init> - Will secure any request with [org.springframework.security.web.context.request.async.WebAsyncManagerIntegrationFilter@fbc1de9, org.springframework.security.web.context.SecurityContextPersistenceFilter@490e1017, org.springframework.security.web.header.HeaderWriterFilter@5c1605e2, org.springframework.security.web.authentication.logout.LogoutFilter@5acf51d7, ru.geekbrains.book.market.beans.JwtRequestFilter@5923210, org.springframework.security.web.savedrequest.RequestCacheAwareFilter@b45e264, org.springframework.security.web.servletapi.SecurityContextHolderAwareRequestFilter@4fd2b418, org.springframework.security.web.authentication.AnonymousAuthenticationFilter@295e9aef, org.springframework.security.web.session.SessionManagementFilter@616b2b2, org.springframework.security.web.access.ExceptionTranslationFilter@1bfa398e, org.springframework.security.web.access.intercept.FilterSecurityInterceptor@1fc51af7]
05-06-2021 10:44:25.953 [main] INFO  s.d.s.w.PropertySourcedRequestMappingHandlerMapping.initHandlerMethods - Mapped URL path [/v2/api-docs] onto method [springfox.documentation.swagger2.web.Swagger2Controller#getDocumentation(String, HttpServletRequest)]
05-06-2021 10:44:26.190 [main] INFO  o.s.s.c.ThreadPoolTaskExecutor.initialize - Initializing ExecutorService 'applicationTaskExecutor'
05-06-2021 10:44:26.221 [main] DEBUG o.s.w.s.m.m.a.RequestMappingHandlerAdapter.initControllerAdviceCache - ControllerAdvice beans: 0 @ModelAttribute, 0 @InitBinder, 1 RequestBodyAdvice, 1 ResponseBodyAdvice
05-06-2021 10:44:26.255 [main] DEBUG o.s.w.s.h.SimpleUrlHandlerMapping.logMappings - Patterns [/webjars/**, /**] in 'resourceHandlerMapping'
05-06-2021 10:44:26.273 [main] DEBUG o.s.w.s.m.m.a.ExceptionHandlerExceptionResolver.initExceptionHandlerAdviceCache - ControllerAdvice beans: 1 @ExceptionHandler, 1 ResponseBodyAdvice
05-06-2021 10:44:26.288 [main] WARN  o.s.b.a.m.MustacheAutoConfiguration.checkTemplateLocationExists - Cannot find template location: classpath:/templates/ (please add some templates, check your Mustache configuration, or set spring.mustache.check-template-location=false)
05-06-2021 10:44:26.492 [main] INFO  o.s.b.t.m.w.SpringBootMockServletContext.log - Initializing Spring TestDispatcherServlet ''
05-06-2021 10:44:26.492 [main] INFO  o.s.t.w.s.TestDispatcherServlet.initServletBean - Initializing Servlet ''
05-06-2021 10:44:26.492 [main] INFO  o.s.t.w.s.TestDispatcherServlet.initServletBean - Completed initialization in 0 ms
05-06-2021 10:44:26.492 [main] INFO  s.d.s.w.p.DocumentationPluginsBootstrapper.start - Context refreshed
05-06-2021 10:44:26.507 [main] INFO  s.d.s.w.p.DocumentationPluginsBootstrapper.start - Found 1 custom documentation plugin(s)
05-06-2021 10:44:26.539 [main] INFO  s.d.s.w.s.ApiListingReferenceScanner.scan - Scanning for api listing references
05-06-2021 10:44:26.689 [main] INFO  r.g.book.market.BookControllerTest.logStarted - Started BookControllerTest in 4.331 seconds (JVM running for 5.038)
05-06-2021 10:44:26.821 [main] DEBUG o.s.w.s.m.m.a.RequestMappingHandlerMapping.getHandler - Mapped to ru.geekbrains.book.market.controllers.BookController#findAllBooks(MultiValueMap, Integer)
05-06-2021 10:44:26.936 [main] DEBUG o.s.w.s.m.m.a.RequestResponseBodyMethodProcessor.writeWithMessageConverters - Using 'application/json', given [*/*] and supported [application/json, application/*+json, application/json, application/*+json]
05-06-2021 10:44:26.936 [main] DEBUG o.s.w.s.m.m.a.RequestResponseBodyMethodProcessor.traceDebug - Writing [Page 1 of 3 containing ru.geekbrains.book.market.dto.BookDto instances]
05-06-2021 10:44:26.983 [SpringContextShutdownHook] DEBUG o.s.w.c.s.GenericWebApplicationContext.doClose - Closing org.springframework.web.context.support.GenericWebApplicationContext@62c5bbdc, started on Sat Jun 05 10:44:22 MSK 2021
05-06-2021 10:44:26.983 [SpringContextShutdownHook] INFO  o.s.s.c.ThreadPoolTaskExecutor.shutdown - Shutting down ExecutorService 'applicationTaskExecutor'
05-06-2021 10:44:26.999 [SpringContextShutdownHook] INFO  o.s.o.j.LocalContainerEntityManagerFactoryBean.destroy - Closing JPA EntityManagerFactory for persistence unit 'default'
05-06-2021 10:44:26.999 [SpringContextShutdownHook] INFO  com.zaxxer.hikari.HikariDataSource.close - HikariPool-1 - Shutdown initiated...
05-06-2021 10:44:26.999 [SpringContextShutdownHook] INFO  com.zaxxer.hikari.HikariDataSource.close - HikariPool-1 - Shutdown completed.
05-06-2021 10:45:30.036 [main] INFO  r.g.book.market.BookControllerTest.logStarting - Starting BookControllerTest using Java 15.0.1 on PC with PID 1204 (started by Андрей in D:\2021\Java\book-market\book_market)
05-06-2021 10:45:30.038 [main] INFO  r.g.book.market.BookControllerTest.logStartupProfileInfo - The following profiles are active: test
05-06-2021 10:45:30.049 [main] DEBUG o.s.w.c.s.GenericWebApplicationContext.prepareRefresh - Refreshing org.springframework.web.context.support.GenericWebApplicationContext@62c5bbdc
05-06-2021 10:45:31.116 [main] INFO  o.s.c.s.PostProcessorRegistrationDelegate$BeanPostProcessorChecker.postProcessAfterInitialization - Bean 'webServiceConfig' of type [ru.geekbrains.book.market.configs.WebServiceConfig$$EnhancerBySpringCGLIB$$d13ad128] is not eligible for getting processed by all BeanPostProcessors (for example: not eligible for auto-proxying)
05-06-2021 10:45:31.117 [main] INFO  o.s.c.s.PostProcessorRegistrationDelegate$BeanPostProcessorChecker.postProcessAfterInitialization - Bean 'org.springframework.ws.config.annotation.DelegatingWsConfiguration' of type [org.springframework.ws.config.annotation.DelegatingWsConfiguration$$EnhancerBySpringCGLIB$$5e4c5e33] is not eligible for getting processed by all BeanPostProcessors (for example: not eligible for auto-proxying)
05-06-2021 10:45:31.153 [main] INFO  o.s.w.s.a.s.AnnotationActionEndpointMapping.afterPropertiesSet - Supporting [WS-Addressing August 2004, WS-Addressing 1.0]
05-06-2021 10:45:31.324 [main] INFO  o.f.c.i.license.VersionPrinter.info - Flyway Community Edition 7.8.1 by Redgate
05-06-2021 10:45:31.328 [main] INFO  com.zaxxer.hikari.HikariDataSource.getConnection - HikariPool-1 - Starting...
05-06-2021 10:45:31.415 [main] INFO  com.zaxxer.hikari.HikariDataSource.getConnection - HikariPool-1 - Start completed.
05-06-2021 10:45:31.437 [main] INFO  o.f.c.i.database.base.DatabaseType.info - Database: jdbc:postgresql://localhost:5432/db_book_market (PostgreSQL 13.2)
05-06-2021 10:45:31.463 [main] INFO  o.f.core.internal.command.DbValidate.info - Successfully validated 2 migrations (execution time 00:00.014s)
05-06-2021 10:45:31.468 [main] INFO  o.f.core.internal.command.DbMigrate.info - Current version of schema "book_market": 1
05-06-2021 10:45:31.468 [main] INFO  o.f.core.internal.command.DbMigrate.info - Schema "book_market" is up to date. No migration necessary.
05-06-2021 10:45:31.562 [main] INFO  o.h.jpa.internal.util.LogHelper.logPersistenceUnitInformation - HHH000204: Processing PersistenceUnitInfo [name: default]
05-06-2021 10:45:31.597 [main] INFO  org.hibernate.Version.logVersion - HHH000412: Hibernate ORM core version 5.4.30.Final
05-06-2021 10:45:31.690 [main] INFO  o.h.annotations.common.Version.<clinit> - HCANN000001: Hibernate Commons Annotations {5.1.2.Final}
05-06-2021 10:45:31.788 [main] INFO  org.hibernate.dialect.Dialect.<init> - HHH000400: Using dialect: org.hibernate.dialect.PostgreSQL94Dialect
05-06-2021 10:45:31.973 [main] INFO  org.hibernate.tuple.PojoInstantiator.<init> - HHH000182: No default (no-argument) constructor for class: ru.geekbrains.book.market.entities.Order (class must be instantiated by Interceptor)
05-06-2021 10:45:32.071 [main] INFO  org.hibernate.tuple.PojoInstantiator.<init> - HHH000182: No default (no-argument) constructor for class: ru.geekbrains.book.market.entities.OrderItem (class must be instantiated by Interceptor)
05-06-2021 10:45:32.160 [main] INFO  o.h.e.t.j.p.i.JtaPlatformInitiator.initiateService - HHH000490: Using JtaPlatform implementation: [org.hibernate.engine.transaction.jta.platform.internal.NoJtaPlatform]
05-06-2021 10:45:32.165 [main] INFO  o.s.o.j.LocalContainerEntityManagerFactoryBean.buildNativeEntityManagerFactory - Initialized JPA EntityManagerFactory for persistence unit 'default'
05-06-2021 10:45:32.217 [main] WARN  o.s.b.a.o.j.JpaBaseConfiguration$JpaWebConfiguration.openEntityManagerInViewInterceptor - spring.jpa.open-in-view is enabled by default. Therefore, database queries may be performed during view rendering. Explicitly configure spring.jpa.open-in-view to disable this warning
05-06-2021 10:45:33.146 [main] DEBUG o.s.w.s.m.m.a.RequestMappingHandlerMapping.handlerMethodsInitialized - 18 mappings in 'requestMappingHandlerMapping'
05-06-2021 10:45:33.319 [main] INFO  o.s.s.web.DefaultSecurityFilterChain.<init> - Will secure any request with [org.springframework.security.web.context.request.async.WebAsyncManagerIntegrationFilter@fbc1de9, org.springframework.security.web.context.SecurityContextPersistenceFilter@490e1017, org.springframework.security.web.header.HeaderWriterFilter@5c1605e2, org.springframework.security.web.authentication.logout.LogoutFilter@5acf51d7, ru.geekbrains.book.market.beans.JwtRequestFilter@5923210, org.springframework.security.web.savedrequest.RequestCacheAwareFilter@b45e264, org.springframework.security.web.servletapi.SecurityContextHolderAwareRequestFilter@4fd2b418, org.springframework.security.web.authentication.AnonymousAuthenticationFilter@295e9aef, org.springframework.security.web.session.SessionManagementFilter@616b2b2, org.springframework.security.web.access.ExceptionTranslationFilter@1bfa398e, org.springframework.security.web.access.intercept.FilterSecurityInterceptor@1fc51af7]
05-06-2021 10:45:33.350 [main] INFO  s.d.s.w.PropertySourcedRequestMappingHandlerMapping.initHandlerMethods - Mapped URL path [/v2/api-docs] onto method [springfox.documentation.swagger2.web.Swagger2Controller#getDocumentation(String, HttpServletRequest)]
05-06-2021 10:45:33.581 [main] INFO  o.s.s.c.ThreadPoolTaskExecutor.initialize - Initializing ExecutorService 'applicationTaskExecutor'
05-06-2021 10:45:33.612 [main] DEBUG o.s.w.s.m.m.a.RequestMappingHandlerAdapter.initControllerAdviceCache - ControllerAdvice beans: 0 @ModelAttribute, 0 @InitBinder, 1 RequestBodyAdvice, 1 ResponseBodyAdvice
05-06-2021 10:45:33.659 [main] DEBUG o.s.w.s.h.SimpleUrlHandlerMapping.logMappings - Patterns [/webjars/**, /**] in 'resourceHandlerMapping'
05-06-2021 10:45:33.675 [main] DEBUG o.s.w.s.m.m.a.ExceptionHandlerExceptionResolver.initExceptionHandlerAdviceCache - ControllerAdvice beans: 1 @ExceptionHandler, 1 ResponseBodyAdvice
05-06-2021 10:45:33.690 [main] WARN  o.s.b.a.m.MustacheAutoConfiguration.checkTemplateLocationExists - Cannot find template location: classpath:/templates/ (please add some templates, check your Mustache configuration, or set spring.mustache.check-template-location=false)
05-06-2021 10:45:33.887 [main] INFO  o.s.b.t.m.w.SpringBootMockServletContext.log - Initializing Spring TestDispatcherServlet ''
05-06-2021 10:45:33.887 [main] INFO  o.s.t.w.s.TestDispatcherServlet.initServletBean - Initializing Servlet ''
05-06-2021 10:45:33.887 [main] INFO  o.s.t.w.s.TestDispatcherServlet.initServletBean - Completed initialization in 0 ms
05-06-2021 10:45:33.903 [main] INFO  s.d.s.w.p.DocumentationPluginsBootstrapper.start - Context refreshed
05-06-2021 10:45:33.903 [main] INFO  s.d.s.w.p.DocumentationPluginsBootstrapper.start - Found 1 custom documentation plugin(s)
05-06-2021 10:45:33.934 [main] INFO  s.d.s.w.s.ApiListingReferenceScanner.scan - Scanning for api listing references
05-06-2021 10:45:34.077 [main] INFO  r.g.book.market.BookControllerTest.logStarted - Started BookControllerTest in 4.272 seconds (JVM running for 4.984)
05-06-2021 10:45:34.202 [main] DEBUG o.s.w.s.m.m.a.RequestMappingHandlerMapping.getHandler - Mapped to ru.geekbrains.book.market.controllers.BookController#findAllBooks(MultiValueMap, Integer)
05-06-2021 10:45:34.331 [main] DEBUG o.s.w.s.m.m.a.RequestResponseBodyMethodProcessor.writeWithMessageConverters - Using 'application/json', given [*/*] and supported [application/json, application/*+json, application/json, application/*+json]
05-06-2021 10:45:34.331 [main] DEBUG o.s.w.s.m.m.a.RequestResponseBodyMethodProcessor.traceDebug - Writing [Page 1 of 3 containing ru.geekbrains.book.market.dto.BookDto instances]
05-06-2021 10:45:34.368 [SpringContextShutdownHook] DEBUG o.s.w.c.s.GenericWebApplicationContext.doClose - Closing org.springframework.web.context.support.GenericWebApplicationContext@62c5bbdc, started on Sat Jun 05 10:45:30 MSK 2021
05-06-2021 10:45:34.368 [SpringContextShutdownHook] INFO  o.s.s.c.ThreadPoolTaskExecutor.shutdown - Shutting down ExecutorService 'applicationTaskExecutor'
05-06-2021 10:45:34.384 [SpringContextShutdownHook] INFO  o.s.o.j.LocalContainerEntityManagerFactoryBean.destroy - Closing JPA EntityManagerFactory for persistence unit 'default'
05-06-2021 10:45:34.384 [SpringContextShutdownHook] INFO  com.zaxxer.hikari.HikariDataSource.close - HikariPool-1 - Shutdown initiated...
05-06-2021 10:45:34.384 [SpringContextShutdownHook] INFO  com.zaxxer.hikari.HikariDataSource.close - HikariPool-1 - Shutdown completed.
05-06-2021 10:45:44.176 [main] INFO  r.g.book.market.BookControllerTest.logStarting - Starting BookControllerTest using Java 15.0.1 on PC with PID 13616 (started by Андрей in D:\2021\Java\book-market\book_market)
05-06-2021 10:45:44.176 [main] INFO  r.g.book.market.BookControllerTest.logStartupProfileInfo - The following profiles are active: test
05-06-2021 10:45:44.182 [main] DEBUG o.s.w.c.s.GenericWebApplicationContext.prepareRefresh - Refreshing org.springframework.web.context.support.GenericWebApplicationContext@62c5bbdc
05-06-2021 10:45:45.222 [main] INFO  o.s.c.s.PostProcessorRegistrationDelegate$BeanPostProcessorChecker.postProcessAfterInitialization - Bean 'webServiceConfig' of type [ru.geekbrains.book.market.configs.WebServiceConfig$$EnhancerBySpringCGLIB$$d13ad128] is not eligible for getting processed by all BeanPostProcessors (for example: not eligible for auto-proxying)
05-06-2021 10:45:45.222 [main] INFO  o.s.c.s.PostProcessorRegistrationDelegate$BeanPostProcessorChecker.postProcessAfterInitialization - Bean 'org.springframework.ws.config.annotation.DelegatingWsConfiguration' of type [org.springframework.ws.config.annotation.DelegatingWsConfiguration$$EnhancerBySpringCGLIB$$5e4c5e33] is not eligible for getting processed by all BeanPostProcessors (for example: not eligible for auto-proxying)
05-06-2021 10:45:45.269 [main] INFO  o.s.w.s.a.s.AnnotationActionEndpointMapping.afterPropertiesSet - Supporting [WS-Addressing August 2004, WS-Addressing 1.0]
05-06-2021 10:45:45.441 [main] INFO  o.f.c.i.license.VersionPrinter.info - Flyway Community Edition 7.8.1 by Redgate
05-06-2021 10:45:45.441 [main] INFO  com.zaxxer.hikari.HikariDataSource.getConnection - HikariPool-1 - Starting...
05-06-2021 10:45:45.534 [main] INFO  com.zaxxer.hikari.HikariDataSource.getConnection - HikariPool-1 - Start completed.
05-06-2021 10:45:45.566 [main] INFO  o.f.c.i.database.base.DatabaseType.info - Database: jdbc:postgresql://localhost:5432/db_book_market (PostgreSQL 13.2)
05-06-2021 10:45:45.597 [main] INFO  o.f.core.internal.command.DbValidate.info - Successfully validated 2 migrations (execution time 00:00.016s)
05-06-2021 10:45:45.597 [main] INFO  o.f.core.internal.command.DbMigrate.info - Current version of schema "book_market": 1
05-06-2021 10:45:45.597 [main] INFO  o.f.core.internal.command.DbMigrate.info - Schema "book_market" is up to date. No migration necessary.
05-06-2021 10:45:45.691 [main] INFO  o.h.jpa.internal.util.LogHelper.logPersistenceUnitInformation - HHH000204: Processing PersistenceUnitInfo [name: default]
05-06-2021 10:45:45.722 [main] INFO  org.hibernate.Version.logVersion - HHH000412: Hibernate ORM core version 5.4.30.Final
05-06-2021 10:45:45.816 [main] INFO  o.h.annotations.common.Version.<clinit> - HCANN000001: Hibernate Commons Annotations {5.1.2.Final}
05-06-2021 10:45:45.941 [main] INFO  org.hibernate.dialect.Dialect.<init> - HHH000400: Using dialect: org.hibernate.dialect.PostgreSQL94Dialect
05-06-2021 10:45:46.145 [main] INFO  org.hibernate.tuple.PojoInstantiator.<init> - HHH000182: No default (no-argument) constructor for class: ru.geekbrains.book.market.entities.Order (class must be instantiated by Interceptor)
05-06-2021 10:45:46.239 [main] INFO  org.hibernate.tuple.PojoInstantiator.<init> - HHH000182: No default (no-argument) constructor for class: ru.geekbrains.book.market.entities.OrderItem (class must be instantiated by Interceptor)
05-06-2021 10:45:46.332 [main] INFO  o.h.e.t.j.p.i.JtaPlatformInitiator.initiateService - HHH000490: Using JtaPlatform implementation: [org.hibernate.engine.transaction.jta.platform.internal.NoJtaPlatform]
05-06-2021 10:45:46.332 [main] INFO  o.s.o.j.LocalContainerEntityManagerFactoryBean.buildNativeEntityManagerFactory - Initialized JPA EntityManagerFactory for persistence unit 'default'
05-06-2021 10:45:46.379 [main] WARN  o.s.b.a.o.j.JpaBaseConfiguration$JpaWebConfiguration.openEntityManagerInViewInterceptor - spring.jpa.open-in-view is enabled by default. Therefore, database queries may be performed during view rendering. Explicitly configure spring.jpa.open-in-view to disable this warning
05-06-2021 10:45:47.334 [main] DEBUG o.s.w.s.m.m.a.RequestMappingHandlerMapping.handlerMethodsInitialized - 18 mappings in 'requestMappingHandlerMapping'
05-06-2021 10:45:47.526 [main] INFO  o.s.s.web.DefaultSecurityFilterChain.<init> - Will secure any request with [org.springframework.security.web.context.request.async.WebAsyncManagerIntegrationFilter@fbc1de9, org.springframework.security.web.context.SecurityContextPersistenceFilter@490e1017, org.springframework.security.web.header.HeaderWriterFilter@5c1605e2, org.springframework.security.web.authentication.logout.LogoutFilter@5acf51d7, ru.geekbrains.book.market.beans.JwtRequestFilter@5923210, org.springframework.security.web.savedrequest.RequestCacheAwareFilter@b45e264, org.springframework.security.web.servletapi.SecurityContextHolderAwareRequestFilter@4fd2b418, org.springframework.security.web.authentication.AnonymousAuthenticationFilter@295e9aef, org.springframework.security.web.session.SessionManagementFilter@616b2b2, org.springframework.security.web.access.ExceptionTranslationFilter@1bfa398e, org.springframework.security.web.access.intercept.FilterSecurityInterceptor@1fc51af7]
05-06-2021 10:45:47.541 [main] INFO  s.d.s.w.PropertySourcedRequestMappingHandlerMapping.initHandlerMethods - Mapped URL path [/v2/api-docs] onto method [springfox.documentation.swagger2.web.Swagger2Controller#getDocumentation(String, HttpServletRequest)]
05-06-2021 10:45:47.794 [main] INFO  o.s.s.c.ThreadPoolTaskExecutor.initialize - Initializing ExecutorService 'applicationTaskExecutor'
05-06-2021 10:45:47.810 [main] DEBUG o.s.w.s.m.m.a.RequestMappingHandlerAdapter.initControllerAdviceCache - ControllerAdvice beans: 0 @ModelAttribute, 0 @InitBinder, 1 RequestBodyAdvice, 1 ResponseBodyAdvice
05-06-2021 10:45:47.863 [main] DEBUG o.s.w.s.h.SimpleUrlHandlerMapping.logMappings - Patterns [/webjars/**, /**] in 'resourceHandlerMapping'
05-06-2021 10:45:47.863 [main] DEBUG o.s.w.s.m.m.a.ExceptionHandlerExceptionResolver.initExceptionHandlerAdviceCache - ControllerAdvice beans: 1 @ExceptionHandler, 1 ResponseBodyAdvice
05-06-2021 10:45:47.894 [main] WARN  o.s.b.a.m.MustacheAutoConfiguration.checkTemplateLocationExists - Cannot find template location: classpath:/templates/ (please add some templates, check your Mustache configuration, or set spring.mustache.check-template-location=false)
05-06-2021 10:45:48.083 [main] INFO  o.s.b.t.m.w.SpringBootMockServletContext.log - Initializing Spring TestDispatcherServlet ''
05-06-2021 10:45:48.083 [main] INFO  o.s.t.w.s.TestDispatcherServlet.initServletBean - Initializing Servlet ''
05-06-2021 10:45:48.083 [main] INFO  o.s.t.w.s.TestDispatcherServlet.initServletBean - Completed initialization in 0 ms
05-06-2021 10:45:48.099 [main] INFO  s.d.s.w.p.DocumentationPluginsBootstrapper.start - Context refreshed
05-06-2021 10:45:48.115 [main] INFO  s.d.s.w.p.DocumentationPluginsBootstrapper.start - Found 1 custom documentation plugin(s)
05-06-2021 10:45:48.146 [main] INFO  s.d.s.w.s.ApiListingReferenceScanner.scan - Scanning for api listing references
05-06-2021 10:45:48.279 [main] INFO  r.g.book.market.BookControllerTest.logStarted - Started BookControllerTest in 4.321 seconds (JVM running for 5.026)
05-06-2021 10:45:48.410 [main] DEBUG o.s.w.s.m.m.a.RequestMappingHandlerMapping.getHandler - Mapped to ru.geekbrains.book.market.controllers.BookController#findAllBooks(MultiValueMap, Integer)
05-06-2021 10:45:48.541 [main] DEBUG o.s.w.s.m.m.a.RequestResponseBodyMethodProcessor.writeWithMessageConverters - Using 'application/json', given [*/*] and supported [application/json, application/*+json, application/json, application/*+json]
05-06-2021 10:45:48.541 [main] DEBUG o.s.w.s.m.m.a.RequestResponseBodyMethodProcessor.traceDebug - Writing [Page 1 of 3 containing ru.geekbrains.book.market.dto.BookDto instances]
05-06-2021 10:45:48.579 [SpringContextShutdownHook] DEBUG o.s.w.c.s.GenericWebApplicationContext.doClose - Closing org.springframework.web.context.support.GenericWebApplicationContext@62c5bbdc, started on Sat Jun 05 10:45:44 MSK 2021
05-06-2021 10:45:48.579 [SpringContextShutdownHook] INFO  o.s.s.c.ThreadPoolTaskExecutor.shutdown - Shutting down ExecutorService 'applicationTaskExecutor'
05-06-2021 10:45:48.594 [SpringContextShutdownHook] INFO  o.s.o.j.LocalContainerEntityManagerFactoryBean.destroy - Closing JPA EntityManagerFactory for persistence unit 'default'
05-06-2021 10:45:48.594 [SpringContextShutdownHook] INFO  com.zaxxer.hikari.HikariDataSource.close - HikariPool-1 - Shutdown initiated...
05-06-2021 10:45:48.594 [SpringContextShutdownHook] INFO  com.zaxxer.hikari.HikariDataSource.close - HikariPool-1 - Shutdown completed.
